
Classes:   0%|          | 0/10 [00:00<?, ?it/s]
Classes: 100%|██████████| 10/10 [00:00<00:00, 92.71it/s]
Classes: 100%|██████████| 10/10 [00:00<00:00, 92.53it/s]

Training PairwiseGET (1-WL):   0%|          | 0/120 [00:00<?, ?it/s]
Training PairwiseGET (1-WL):   0%|          | 0/120 [00:03<?, ?it/s, loss=2.33, test_acc=0.07, grad=2.82, bad=0, lr=0.0001]
Training PairwiseGET (1-WL):   1%|          | 1/120 [00:03<07:51,  3.97s/it, loss=2.33, test_acc=0.07, grad=2.82, bad=0, lr=0.0001]
Training PairwiseGET (1-WL):   1%|          | 1/120 [00:07<07:51,  3.97s/it, loss=2.31, test_acc=0.07, grad=2.38, bad=0, lr=0.0001]
Training PairwiseGET (1-WL):   2%|▏         | 2/120 [00:07<06:44,  3.43s/it, loss=2.31, test_acc=0.07, grad=2.38, bad=0, lr=0.0001]
Training PairwiseGET (1-WL):   2%|▏         | 2/120 [00:10<06:44,  3.43s/it, loss=2.31, test_acc=0.07, grad=2.14, bad=0, lr=0.0001]
Training PairwiseGET (1-WL):   2%|▎         | 3/120 [00:10<06:20,  3.25s/it, loss=2.31, test_acc=0.07, grad=2.14, bad=0, lr=0.0001]
Training PairwiseGET (1-WL):   2%|▎         | 3/120 [00:13<06:20,  3.25s/it, loss=2.31, test_acc=0.07, grad=2.12, bad=0, lr=0.0001]
Training PairwiseGET (1-WL):   3%|▎         | 4/120 [00:13<06:06,  3.16s/it, loss=2.31, test_acc=0.07, grad=2.12, bad=0, lr=0.0001]
Training PairwiseGET (1-WL):   3%|▎         | 4/120 [00:16<06:06,  3.16s/it, loss=2.31, test_acc=0.06, grad=2.03, bad=0, lr=0.0001]
Training PairwiseGET (1-WL):   4%|▍         | 5/120 [00:16<05:57,  3.11s/it, loss=2.31, test_acc=0.06, grad=2.03, bad=0, lr=0.0001]
Training PairwiseGET (1-WL):   4%|▍         | 5/120 [00:19<05:57,  3.11s/it, loss=2.31, test_acc=0.06, grad=1.94, bad=0, lr=0.0001]
Training PairwiseGET (1-WL):   5%|▌         | 6/120 [00:19<05:50,  3.08s/it, loss=2.31, test_acc=0.06, grad=1.94, bad=0, lr=0.0001]
Training PairwiseGET (1-WL):   5%|▌         | 6/120 [00:22<05:50,  3.08s/it, loss=2.3, test_acc=0.06, grad=2.05, bad=0, lr=0.0001] 
Training PairwiseGET (1-WL):   6%|▌         | 7/120 [00:22<05:45,  3.05s/it, loss=2.3, test_acc=0.06, grad=2.05, bad=0, lr=0.0001]
Training PairwiseGET (1-WL):   6%|▌         | 7/120 [00:25<05:45,  3.05s/it, loss=2.3, test_acc=0.06, grad=1.82, bad=0, lr=0.0001]
Training PairwiseGET (1-WL):   7%|▋         | 8/120 [00:25<05:43,  3.06s/it, loss=2.3, test_acc=0.06, grad=1.82, bad=0, lr=0.0001]
Training PairwiseGET (1-WL):   7%|▋         | 8/120 [00:28<05:43,  3.06s/it, loss=2.31, test_acc=0.06, grad=2.07, bad=0, lr=0.0001]
Training PairwiseGET (1-WL):   8%|▊         | 9/120 [00:28<05:44,  3.10s/it, loss=2.31, test_acc=0.06, grad=2.07, bad=0, lr=0.0001]
Training PairwiseGET (1-WL):   8%|▊         | 9/120 [00:31<05:44,  3.10s/it, loss=2.3, test_acc=0.07, grad=1.85, bad=0, lr=0.0001] 
Training PairwiseGET (1-WL):   8%|▊         | 10/120 [00:31<05:41,  3.10s/it, loss=2.3, test_acc=0.07, grad=1.85, bad=0, lr=0.0001]
Training PairwiseGET (1-WL):   8%|▊         | 10/120 [00:34<05:41,  3.10s/it, loss=2.31, test_acc=0.06, grad=1.83, bad=0, lr=0.0001]
Training PairwiseGET (1-WL):   9%|▉         | 11/120 [00:34<05:25,  2.99s/it, loss=2.31, test_acc=0.06, grad=1.83, bad=0, lr=0.0001]
Training PairwiseGET (1-WL):   9%|▉         | 11/120 [00:36<05:25,  2.99s/it, loss=2.3, test_acc=0.07, grad=1.71, bad=0, lr=5e-5]   
Training PairwiseGET (1-WL):  10%|█         | 12/120 [00:36<05:11,  2.89s/it, loss=2.3, test_acc=0.07, grad=1.71, bad=0, lr=5e-5]
Training PairwiseGET (1-WL):  10%|█         | 12/120 [00:39<05:11,  2.89s/it, loss=2.3, test_acc=0.06, grad=1.7, bad=0, lr=5e-5] 
Training PairwiseGET (1-WL):  11%|█         | 13/120 [00:39<05:02,  2.83s/it, loss=2.3, test_acc=0.06, grad=1.7, bad=0, lr=5e-5]
Training PairwiseGET (1-WL):  11%|█         | 13/120 [00:42<05:02,  2.83s/it, loss=2.3, test_acc=0.06, grad=1.74, bad=0, lr=5e-5]
Training PairwiseGET (1-WL):  12%|█▏        | 14/120 [00:42<05:05,  2.88s/it, loss=2.3, test_acc=0.06, grad=1.74, bad=0, lr=5e-5]
Training PairwiseGET (1-WL):  12%|█▏        | 14/120 [00:45<05:05,  2.88s/it, loss=2.3, test_acc=0.06, grad=1.81, bad=0, lr=5e-5]
Training PairwiseGET (1-WL):  12%|█▎        | 15/120 [00:45<05:07,  2.93s/it, loss=2.3, test_acc=0.06, grad=1.81, bad=0, lr=5e-5]
Training PairwiseGET (1-WL):  12%|█▎        | 15/120 [00:48<05:07,  2.93s/it, loss=2.3, test_acc=0.06, grad=1.68, bad=0, lr=5e-5]
Training PairwiseGET (1-WL):  13%|█▎        | 16/120 [00:48<05:08,  2.97s/it, loss=2.3, test_acc=0.06, grad=1.68, bad=0, lr=5e-5]
Training PairwiseGET (1-WL):  13%|█▎        | 16/120 [00:51<05:08,  2.97s/it, loss=2.3, test_acc=0.07, grad=1.66, bad=0, lr=5e-5]
Training PairwiseGET (1-WL):  14%|█▍        | 17/120 [00:51<05:10,  3.01s/it, loss=2.3, test_acc=0.07, grad=1.66, bad=0, lr=5e-5]
Training PairwiseGET (1-WL):  14%|█▍        | 17/120 [00:54<05:10,  3.01s/it, loss=2.3, test_acc=0.07, grad=1.63, bad=0, lr=5e-5]
Training PairwiseGET (1-WL):  15%|█▌        | 18/120 [00:54<05:07,  3.01s/it, loss=2.3, test_acc=0.07, grad=1.63, bad=0, lr=5e-5]
Training PairwiseGET (1-WL):  15%|█▌        | 18/120 [00:57<05:07,  3.01s/it, loss=2.3, test_acc=0.06, grad=1.65, bad=0, lr=5e-5]
Training PairwiseGET (1-WL):  16%|█▌        | 19/120 [00:57<05:03,  3.01s/it, loss=2.3, test_acc=0.06, grad=1.65, bad=0, lr=5e-5]
Training PairwiseGET (1-WL):  16%|█▌        | 19/120 [01:00<05:03,  3.01s/it, loss=2.3, test_acc=0.06, grad=1.69, bad=0, lr=5e-5]
Training PairwiseGET (1-WL):  17%|█▋        | 20/120 [01:00<04:57,  2.98s/it, loss=2.3, test_acc=0.06, grad=1.69, bad=0, lr=5e-5]
Training PairwiseGET (1-WL):  17%|█▋        | 20/120 [01:03<04:57,  2.98s/it, loss=2.3, test_acc=0.06, grad=1.75, bad=0, lr=5e-5]
Training PairwiseGET (1-WL):  18%|█▊        | 21/120 [01:03<04:55,  2.99s/it, loss=2.3, test_acc=0.06, grad=1.75, bad=0, lr=5e-5]
Training PairwiseGET (1-WL):  18%|█▊        | 21/120 [01:06<04:55,  2.99s/it, loss=2.3, test_acc=0.07, grad=1.6, bad=0, lr=5e-5] 
Training PairwiseGET (1-WL):  18%|█▊        | 22/120 [01:06<04:53,  2.99s/it, loss=2.3, test_acc=0.07, grad=1.6, bad=0, lr=5e-5]
Training PairwiseGET (1-WL):  18%|█▊        | 22/120 [01:09<04:53,  2.99s/it, loss=2.3, test_acc=0.07, grad=1.55, bad=0, lr=2.5e-5]
Training PairwiseGET (1-WL):  19%|█▉        | 23/120 [01:09<04:50,  3.00s/it, loss=2.3, test_acc=0.07, grad=1.55, bad=0, lr=2.5e-5]
Training PairwiseGET (1-WL):  19%|█▉        | 23/120 [01:12<04:50,  3.00s/it, loss=2.3, test_acc=0.07, grad=1.66, bad=0, lr=2.5e-5]
Training PairwiseGET (1-WL):  20%|██        | 24/120 [01:12<04:47,  3.00s/it, loss=2.3, test_acc=0.07, grad=1.66, bad=0, lr=2.5e-5]
Training PairwiseGET (1-WL):  20%|██        | 24/120 [01:15<04:47,  3.00s/it, loss=2.3, test_acc=0.06, grad=1.68, bad=0, lr=2.5e-5]
Training PairwiseGET (1-WL):  21%|██        | 25/120 [01:15<04:46,  3.01s/it, loss=2.3, test_acc=0.06, grad=1.68, bad=0, lr=2.5e-5]
Training PairwiseGET (1-WL):  21%|██        | 25/120 [01:18<04:46,  3.01s/it, loss=2.3, test_acc=0.06, grad=1.67, bad=0, lr=2.5e-5]
Training PairwiseGET (1-WL):  22%|██▏       | 26/120 [01:18<04:44,  3.03s/it, loss=2.3, test_acc=0.06, grad=1.67, bad=0, lr=2.5e-5]
Training PairwiseGET (1-WL):  22%|██▏       | 26/120 [01:21<04:44,  3.03s/it, loss=2.3, test_acc=0.06, grad=1.7, bad=0, lr=2.5e-5] 
Training PairwiseGET (1-WL):  22%|██▎       | 27/120 [01:21<04:42,  3.03s/it, loss=2.3, test_acc=0.06, grad=1.7, bad=0, lr=2.5e-5]
Training PairwiseGET (1-WL):  22%|██▎       | 27/120 [01:25<04:42,  3.03s/it, loss=2.3, test_acc=0.07, grad=1.71, bad=0, lr=2.5e-5]
Training PairwiseGET (1-WL):  23%|██▎       | 28/120 [01:25<04:41,  3.06s/it, loss=2.3, test_acc=0.07, grad=1.71, bad=0, lr=2.5e-5]
Training PairwiseGET (1-WL):  23%|██▎       | 28/120 [01:28<04:41,  3.06s/it, loss=2.3, test_acc=0.06, grad=1.69, bad=0, lr=2.5e-5]
Training PairwiseGET (1-WL):  24%|██▍       | 29/120 [01:28<04:39,  3.07s/it, loss=2.3, test_acc=0.06, grad=1.69, bad=0, lr=2.5e-5]
Training PairwiseGET (1-WL):  24%|██▍       | 29/120 [01:31<04:39,  3.07s/it, loss=2.3, test_acc=0.06, grad=1.62, bad=0, lr=2.5e-5]
Training PairwiseGET (1-WL):  25%|██▌       | 30/120 [01:31<04:38,  3.09s/it, loss=2.3, test_acc=0.06, grad=1.62, bad=0, lr=2.5e-5]
Training PairwiseGET (1-WL):  25%|██▌       | 30/120 [01:34<04:38,  3.09s/it, loss=2.3, test_acc=0.06, grad=1.61, bad=0, lr=2.5e-5]
Training PairwiseGET (1-WL):  26%|██▌       | 31/120 [01:34<04:35,  3.10s/it, loss=2.3, test_acc=0.06, grad=1.61, bad=0, lr=2.5e-5]
Training PairwiseGET (1-WL):  26%|██▌       | 31/120 [01:37<04:35,  3.10s/it, loss=2.3, test_acc=0.06, grad=1.65, bad=0, lr=2.5e-5]
Training PairwiseGET (1-WL):  27%|██▋       | 32/120 [01:37<04:32,  3.09s/it, loss=2.3, test_acc=0.06, grad=1.65, bad=0, lr=2.5e-5]
Training PairwiseGET (1-WL):  27%|██▋       | 32/120 [01:40<04:32,  3.09s/it, loss=2.3, test_acc=0.06, grad=1.7, bad=0, lr=2.5e-5] 
Training PairwiseGET (1-WL):  28%|██▊       | 33/120 [01:40<04:31,  3.12s/it, loss=2.3, test_acc=0.06, grad=1.7, bad=0, lr=2.5e-5]
Training PairwiseGET (1-WL):  28%|██▊       | 33/120 [01:43<04:31,  3.12s/it, loss=2.3, test_acc=0.06, grad=1.62, bad=0, lr=1.25e-5]
Training PairwiseGET (1-WL):  28%|██▊       | 34/120 [01:43<04:28,  3.12s/it, loss=2.3, test_acc=0.06, grad=1.62, bad=0, lr=1.25e-5]
Training PairwiseGET (1-WL):  28%|██▊       | 34/120 [01:46<04:28,  3.12s/it, loss=2.3, test_acc=0.06, grad=1.53, bad=0, lr=1.25e-5]
Training PairwiseGET (1-WL):  29%|██▉       | 35/120 [01:46<04:16,  3.02s/it, loss=2.3, test_acc=0.06, grad=1.53, bad=0, lr=1.25e-5]
Training PairwiseGET (1-WL):  29%|██▉       | 35/120 [01:49<04:16,  3.02s/it, loss=2.3, test_acc=0.06, grad=1.64, bad=0, lr=1.25e-5]
Training PairwiseGET (1-WL):  30%|███       | 36/120 [01:49<04:06,  2.93s/it, loss=2.3, test_acc=0.06, grad=1.64, bad=0, lr=1.25e-5]
Training PairwiseGET (1-WL):  30%|███       | 36/120 [01:52<04:06,  2.93s/it, loss=2.3, test_acc=0.06, grad=1.63, bad=0, lr=1.25e-5]
Training PairwiseGET (1-WL):  31%|███       | 37/120 [01:52<03:58,  2.88s/it, loss=2.3, test_acc=0.06, grad=1.63, bad=0, lr=1.25e-5]
Training PairwiseGET (1-WL):  31%|███       | 37/120 [01:54<03:58,  2.88s/it, loss=2.3, test_acc=0.06, grad=1.57, bad=0, lr=1.25e-5]
Training PairwiseGET (1-WL):  32%|███▏      | 38/120 [01:54<03:53,  2.84s/it, loss=2.3, test_acc=0.06, grad=1.57, bad=0, lr=1.25e-5]
Training PairwiseGET (1-WL):  32%|███▏      | 38/120 [01:57<03:53,  2.84s/it, loss=2.3, test_acc=0.06, grad=1.67, bad=0, lr=1.25e-5]
Training PairwiseGET (1-WL):  32%|███▎      | 39/120 [01:57<03:46,  2.80s/it, loss=2.3, test_acc=0.06, grad=1.67, bad=0, lr=1.25e-5]
Training PairwiseGET (1-WL):  32%|███▎      | 39/120 [02:00<03:46,  2.80s/it, loss=2.3, test_acc=0.06, grad=1.77, bad=0, lr=1.25e-5]
Training PairwiseGET (1-WL):  33%|███▎      | 40/120 [02:00<03:42,  2.78s/it, loss=2.3, test_acc=0.06, grad=1.77, bad=0, lr=1.25e-5]
Training PairwiseGET (1-WL):  33%|███▎      | 40/120 [02:02<03:42,  2.78s/it, loss=2.3, test_acc=0.06, grad=1.69, bad=0, lr=1.25e-5]
Training PairwiseGET (1-WL):  34%|███▍      | 41/120 [02:02<03:39,  2.77s/it, loss=2.3, test_acc=0.06, grad=1.69, bad=0, lr=1.25e-5]
Training PairwiseGET (1-WL):  34%|███▍      | 41/120 [02:05<03:39,  2.77s/it, loss=2.3, test_acc=0.06, grad=1.58, bad=0, lr=1.25e-5]
Training PairwiseGET (1-WL):  35%|███▌      | 42/120 [02:05<03:35,  2.76s/it, loss=2.3, test_acc=0.06, grad=1.58, bad=0, lr=1.25e-5]
Training PairwiseGET (1-WL):  35%|███▌      | 42/120 [02:08<03:35,  2.76s/it, loss=2.3, test_acc=0.06, grad=1.67, bad=0, lr=1.25e-5]
Training PairwiseGET (1-WL):  36%|███▌      | 43/120 [02:08<03:41,  2.88s/it, loss=2.3, test_acc=0.06, grad=1.67, bad=0, lr=1.25e-5]
Training PairwiseGET (1-WL):  36%|███▌      | 43/120 [02:12<03:41,  2.88s/it, loss=2.3, test_acc=0.06, grad=1.66, bad=0, lr=1.25e-5]
Training PairwiseGET (1-WL):  37%|███▋      | 44/120 [02:12<03:57,  3.12s/it, loss=2.3, test_acc=0.06, grad=1.66, bad=0, lr=1.25e-5]
Training PairwiseGET (1-WL):  37%|███▋      | 44/120 [02:16<03:57,  3.12s/it, loss=2.3, test_acc=0.06, grad=1.66, bad=0, lr=6.25e-6]
Training PairwiseGET (1-WL):  38%|███▊      | 45/120 [02:16<04:05,  3.28s/it, loss=2.3, test_acc=0.06, grad=1.66, bad=0, lr=6.25e-6]
Training PairwiseGET (1-WL):  38%|███▊      | 45/120 [02:19<04:05,  3.28s/it, loss=2.3, test_acc=0.06, grad=1.61, bad=0, lr=6.25e-6]
Training PairwiseGET (1-WL):  38%|███▊      | 46/120 [02:19<04:10,  3.39s/it, loss=2.3, test_acc=0.06, grad=1.61, bad=0, lr=6.25e-6]
Training PairwiseGET (1-WL):  38%|███▊      | 46/120 [02:23<04:10,  3.39s/it, loss=2.3, test_acc=0.06, grad=1.63, bad=0, lr=6.25e-6]
Training PairwiseGET (1-WL):  39%|███▉      | 47/120 [02:23<04:11,  3.45s/it, loss=2.3, test_acc=0.06, grad=1.63, bad=0, lr=6.25e-6]
Training PairwiseGET (1-WL):  39%|███▉      | 47/120 [02:27<04:11,  3.45s/it, loss=2.3, test_acc=0.06, grad=1.68, bad=0, lr=6.25e-6]
Training PairwiseGET (1-WL):  40%|████      | 48/120 [02:27<04:15,  3.55s/it, loss=2.3, test_acc=0.06, grad=1.68, bad=0, lr=6.25e-6]
Training PairwiseGET (1-WL):  40%|████      | 48/120 [02:30<04:15,  3.55s/it, loss=2.3, test_acc=0.06, grad=1.63, bad=0, lr=6.25e-6]
Training PairwiseGET (1-WL):  41%|████      | 49/120 [02:30<04:14,  3.59s/it, loss=2.3, test_acc=0.06, grad=1.63, bad=0, lr=6.25e-6]
Training PairwiseGET (1-WL):  41%|████      | 49/120 [02:34<04:14,  3.59s/it, loss=2.3, test_acc=0.06, grad=1.64, bad=0, lr=6.25e-6]
Training PairwiseGET (1-WL):  42%|████▏     | 50/120 [02:34<04:10,  3.58s/it, loss=2.3, test_acc=0.06, grad=1.64, bad=0, lr=6.25e-6]
Training PairwiseGET (1-WL):  42%|████▏     | 50/120 [02:38<04:10,  3.58s/it, loss=2.3, test_acc=0.06, grad=1.67, bad=0, lr=6.25e-6]
Training PairwiseGET (1-WL):  42%|████▎     | 51/120 [02:38<04:06,  3.58s/it, loss=2.3, test_acc=0.06, grad=1.67, bad=0, lr=6.25e-6]
Training PairwiseGET (1-WL):  42%|████▎     | 51/120 [02:41<04:06,  3.58s/it, loss=2.3, test_acc=0.06, grad=1.64, bad=0, lr=6.25e-6]
Training PairwiseGET (1-WL):  43%|████▎     | 52/120 [02:41<04:02,  3.57s/it, loss=2.3, test_acc=0.06, grad=1.64, bad=0, lr=6.25e-6]
Training PairwiseGET (1-WL):  43%|████▎     | 52/120 [02:45<04:02,  3.57s/it, loss=2.3, test_acc=0.06, grad=1.6, bad=0, lr=6.25e-6] 
Training PairwiseGET (1-WL):  44%|████▍     | 53/120 [02:45<03:59,  3.58s/it, loss=2.3, test_acc=0.06, grad=1.6, bad=0, lr=6.25e-6]
Training PairwiseGET (1-WL):  44%|████▍     | 53/120 [02:48<03:59,  3.58s/it, loss=2.3, test_acc=0.06, grad=1.66, bad=0, lr=6.25e-6]
Training PairwiseGET (1-WL):  45%|████▌     | 54/120 [02:48<03:56,  3.58s/it, loss=2.3, test_acc=0.06, grad=1.66, bad=0, lr=6.25e-6]
Training PairwiseGET (1-WL):  45%|████▌     | 54/120 [02:52<03:56,  3.58s/it, loss=2.3, test_acc=0.06, grad=1.7, bad=0, lr=6.25e-6] 
Training PairwiseGET (1-WL):  46%|████▌     | 55/120 [02:52<03:54,  3.61s/it, loss=2.3, test_acc=0.06, grad=1.7, bad=0, lr=6.25e-6]
Training PairwiseGET (1-WL):  46%|████▌     | 55/120 [02:55<03:54,  3.61s/it, loss=2.3, test_acc=0.06, grad=1.69, bad=0, lr=3.13e-6]
Training PairwiseGET (1-WL):  47%|████▋     | 56/120 [02:55<03:50,  3.60s/it, loss=2.3, test_acc=0.06, grad=1.69, bad=0, lr=3.13e-6]
Training PairwiseGET (1-WL):  47%|████▋     | 56/120 [02:59<03:50,  3.60s/it, loss=2.3, test_acc=0.06, grad=1.62, bad=0, lr=3.13e-6]
Training PairwiseGET (1-WL):  48%|████▊     | 57/120 [02:59<03:45,  3.58s/it, loss=2.3, test_acc=0.06, grad=1.62, bad=0, lr=3.13e-6]
Training PairwiseGET (1-WL):  48%|████▊     | 57/120 [03:03<03:45,  3.58s/it, loss=2.3, test_acc=0.06, grad=1.66, bad=0, lr=3.13e-6]
Training PairwiseGET (1-WL):  48%|████▊     | 58/120 [03:03<03:41,  3.58s/it, loss=2.3, test_acc=0.06, grad=1.66, bad=0, lr=3.13e-6]
Training PairwiseGET (1-WL):  48%|████▊     | 58/120 [03:06<03:41,  3.58s/it, loss=2.3, test_acc=0.06, grad=1.78, bad=0, lr=3.13e-6]
Training PairwiseGET (1-WL):  49%|████▉     | 59/120 [03:06<03:37,  3.56s/it, loss=2.3, test_acc=0.06, grad=1.78, bad=0, lr=3.13e-6]
Training PairwiseGET (1-WL):  49%|████▉     | 59/120 [03:10<03:37,  3.56s/it, loss=2.3, test_acc=0.06, grad=1.63, bad=0, lr=3.13e-6]
Training PairwiseGET (1-WL):  50%|█████     | 60/120 [03:10<03:33,  3.56s/it, loss=2.3, test_acc=0.06, grad=1.63, bad=0, lr=3.13e-6]
Training PairwiseGET (1-WL):  50%|█████     | 60/120 [03:13<03:33,  3.56s/it, loss=2.3, test_acc=0.06, grad=1.71, bad=0, lr=3.13e-6]
Training PairwiseGET (1-WL):  51%|█████     | 61/120 [03:13<03:29,  3.55s/it, loss=2.3, test_acc=0.06, grad=1.71, bad=0, lr=3.13e-6]
Training PairwiseGET (1-WL):  51%|█████     | 61/120 [03:17<03:29,  3.55s/it, loss=2.3, test_acc=0.06, grad=1.7, bad=0, lr=3.13e-6] 
Training PairwiseGET (1-WL):  52%|█████▏    | 62/120 [03:17<03:25,  3.55s/it, loss=2.3, test_acc=0.06, grad=1.7, bad=0, lr=3.13e-6]
Training PairwiseGET (1-WL):  52%|█████▏    | 62/120 [03:19<03:25,  3.55s/it, loss=2.3, test_acc=0.06, grad=1.62, bad=0, lr=3.13e-6]
Training PairwiseGET (1-WL):  52%|█████▎    | 63/120 [03:19<03:07,  3.30s/it, loss=2.3, test_acc=0.06, grad=1.62, bad=0, lr=3.13e-6]
Training PairwiseGET (1-WL):  52%|█████▎    | 63/120 [03:22<03:07,  3.30s/it, loss=2.3, test_acc=0.06, grad=1.65, bad=0, lr=3.13e-6]
Training PairwiseGET (1-WL):  53%|█████▎    | 64/120 [03:22<02:54,  3.11s/it, loss=2.3, test_acc=0.06, grad=1.65, bad=0, lr=3.13e-6]
Training PairwiseGET (1-WL):  53%|█████▎    | 64/120 [03:25<02:54,  3.11s/it, loss=2.3, test_acc=0.06, grad=1.54, bad=0, lr=3.13e-6]
Training PairwiseGET (1-WL):  54%|█████▍    | 65/120 [03:25<02:44,  2.99s/it, loss=2.3, test_acc=0.06, grad=1.54, bad=0, lr=3.13e-6]
Training PairwiseGET (1-WL):  54%|█████▍    | 65/120 [03:28<02:44,  2.99s/it, loss=2.3, test_acc=0.06, grad=1.72, bad=0, lr=3.13e-6]
Training PairwiseGET (1-WL):  55%|█████▌    | 66/120 [03:28<02:36,  2.90s/it, loss=2.3, test_acc=0.06, grad=1.72, bad=0, lr=3.13e-6]
Training PairwiseGET (1-WL):  55%|█████▌    | 66/120 [03:30<02:36,  2.90s/it, loss=2.3, test_acc=0.06, grad=1.67, bad=0, lr=1.56e-6]
Training PairwiseGET (1-WL):  56%|█████▌    | 67/120 [03:30<02:29,  2.82s/it, loss=2.3, test_acc=0.06, grad=1.67, bad=0, lr=1.56e-6]
Training PairwiseGET (1-WL):  56%|█████▌    | 67/120 [03:33<02:29,  2.82s/it, loss=2.3, test_acc=0.06, grad=1.61, bad=0, lr=1.56e-6]
Training PairwiseGET (1-WL):  57%|█████▋    | 68/120 [03:33<02:24,  2.79s/it, loss=2.3, test_acc=0.06, grad=1.61, bad=0, lr=1.56e-6]
Training PairwiseGET (1-WL):  57%|█████▋    | 68/120 [03:36<02:24,  2.79s/it, loss=2.3, test_acc=0.06, grad=1.68, bad=0, lr=1.56e-6]
Training PairwiseGET (1-WL):  57%|█████▊    | 69/120 [03:36<02:21,  2.78s/it, loss=2.3, test_acc=0.06, grad=1.68, bad=0, lr=1.56e-6]
Training PairwiseGET (1-WL):  57%|█████▊    | 69/120 [03:38<02:21,  2.78s/it, loss=2.3, test_acc=0.06, grad=1.56, bad=0, lr=1.56e-6]
Training PairwiseGET (1-WL):  58%|█████▊    | 70/120 [03:38<02:18,  2.76s/it, loss=2.3, test_acc=0.06, grad=1.56, bad=0, lr=1.56e-6]
Training PairwiseGET (1-WL):  58%|█████▊    | 70/120 [03:41<02:18,  2.76s/it, loss=2.3, test_acc=0.06, grad=1.67, bad=0, lr=1.56e-6]
Training PairwiseGET (1-WL):  59%|█████▉    | 71/120 [03:41<02:14,  2.75s/it, loss=2.3, test_acc=0.06, grad=1.67, bad=0, lr=1.56e-6]
Training PairwiseGET (1-WL):  59%|█████▉    | 71/120 [03:44<02:14,  2.75s/it, loss=2.3, test_acc=0.06, grad=1.56, bad=0, lr=1.56e-6]
Training PairwiseGET (1-WL):  60%|██████    | 72/120 [03:44<02:11,  2.74s/it, loss=2.3, test_acc=0.06, grad=1.56, bad=0, lr=1.56e-6]
Training PairwiseGET (1-WL):  60%|██████    | 72/120 [03:47<02:11,  2.74s/it, loss=2.3, test_acc=0.06, grad=1.72, bad=0, lr=1.56e-6]
Training PairwiseGET (1-WL):  61%|██████    | 73/120 [03:47<02:08,  2.73s/it, loss=2.3, test_acc=0.06, grad=1.72, bad=0, lr=1.56e-6]
Training PairwiseGET (1-WL):  61%|██████    | 73/120 [03:49<02:08,  2.73s/it, loss=2.3, test_acc=0.06, grad=1.6, bad=0, lr=1.56e-6] 
Training PairwiseGET (1-WL):  62%|██████▏   | 74/120 [03:49<02:05,  2.72s/it, loss=2.3, test_acc=0.06, grad=1.6, bad=0, lr=1.56e-6]
Training PairwiseGET (1-WL):  62%|██████▏   | 74/120 [03:52<02:05,  2.72s/it, loss=2.3, test_acc=0.06, grad=1.62, bad=0, lr=1.56e-6]
Training PairwiseGET (1-WL):  62%|██████▎   | 75/120 [03:52<02:02,  2.71s/it, loss=2.3, test_acc=0.06, grad=1.62, bad=0, lr=1.56e-6]
Training PairwiseGET (1-WL):  62%|██████▎   | 75/120 [03:55<02:02,  2.71s/it, loss=2.3, test_acc=0.06, grad=1.64, bad=0, lr=1.56e-6]
Training PairwiseGET (1-WL):  63%|██████▎   | 76/120 [03:55<01:58,  2.69s/it, loss=2.3, test_acc=0.06, grad=1.64, bad=0, lr=1.56e-6]
Training PairwiseGET (1-WL):  63%|██████▎   | 76/120 [03:57<01:58,  2.69s/it, loss=2.3, test_acc=0.06, grad=1.54, bad=0, lr=1.56e-6]
Training PairwiseGET (1-WL):  64%|██████▍   | 77/120 [03:57<01:56,  2.70s/it, loss=2.3, test_acc=0.06, grad=1.54, bad=0, lr=1.56e-6]
Training PairwiseGET (1-WL):  64%|██████▍   | 77/120 [04:00<01:56,  2.70s/it, loss=2.3, test_acc=0.06, grad=1.6, bad=0, lr=7.81e-7] 
Training PairwiseGET (1-WL):  65%|██████▌   | 78/120 [04:00<01:54,  2.74s/it, loss=2.3, test_acc=0.06, grad=1.6, bad=0, lr=7.81e-7]
Training PairwiseGET (1-WL):  65%|██████▌   | 78/120 [04:03<01:54,  2.74s/it, loss=2.3, test_acc=0.06, grad=1.64, bad=0, lr=7.81e-7]
Training PairwiseGET (1-WL):  66%|██████▌   | 79/120 [04:03<01:50,  2.69s/it, loss=2.3, test_acc=0.06, grad=1.64, bad=0, lr=7.81e-7]
Training PairwiseGET (1-WL):  66%|██████▌   | 79/120 [04:05<01:50,  2.69s/it, loss=2.3, test_acc=0.06, grad=1.67, bad=0, lr=7.81e-7]
Training PairwiseGET (1-WL):  67%|██████▋   | 80/120 [04:05<01:46,  2.65s/it, loss=2.3, test_acc=0.06, grad=1.67, bad=0, lr=7.81e-7]
Training PairwiseGET (1-WL):  67%|██████▋   | 80/120 [04:08<01:46,  2.65s/it, loss=2.3, test_acc=0.06, grad=1.67, bad=0, lr=7.81e-7]
Training PairwiseGET (1-WL):  68%|██████▊   | 81/120 [04:08<01:42,  2.63s/it, loss=2.3, test_acc=0.06, grad=1.67, bad=0, lr=7.81e-7]
Training PairwiseGET (1-WL):  68%|██████▊   | 81/120 [04:10<01:42,  2.63s/it, loss=2.3, test_acc=0.06, grad=1.59, bad=0, lr=7.81e-7]
Training PairwiseGET (1-WL):  68%|██████▊   | 82/120 [04:10<01:38,  2.60s/it, loss=2.3, test_acc=0.06, grad=1.59, bad=0, lr=7.81e-7]
Training PairwiseGET (1-WL):  68%|██████▊   | 82/120 [04:13<01:38,  2.60s/it, loss=2.3, test_acc=0.06, grad=1.7, bad=0, lr=7.81e-7] 
Training PairwiseGET (1-WL):  69%|██████▉   | 83/120 [04:13<01:35,  2.59s/it, loss=2.3, test_acc=0.06, grad=1.7, bad=0, lr=7.81e-7]
Training PairwiseGET (1-WL):  69%|██████▉   | 83/120 [04:15<01:35,  2.59s/it, loss=2.3, test_acc=0.06, grad=1.64, bad=0, lr=7.81e-7]
Training PairwiseGET (1-WL):  70%|███████   | 84/120 [04:15<01:32,  2.58s/it, loss=2.3, test_acc=0.06, grad=1.64, bad=0, lr=7.81e-7]
Training PairwiseGET (1-WL):  70%|███████   | 84/120 [04:18<01:32,  2.58s/it, loss=2.3, test_acc=0.06, grad=1.61, bad=0, lr=7.81e-7]
Training PairwiseGET (1-WL):  71%|███████   | 85/120 [04:18<01:30,  2.57s/it, loss=2.3, test_acc=0.06, grad=1.61, bad=0, lr=7.81e-7]
Training PairwiseGET (1-WL):  71%|███████   | 85/120 [04:21<01:30,  2.57s/it, loss=2.3, test_acc=0.06, grad=1.7, bad=0, lr=7.81e-7] 
Training PairwiseGET (1-WL):  72%|███████▏  | 86/120 [04:21<01:27,  2.57s/it, loss=2.3, test_acc=0.06, grad=1.7, bad=0, lr=7.81e-7]
Training PairwiseGET (1-WL):  72%|███████▏  | 86/120 [04:23<01:27,  2.57s/it, loss=2.3, test_acc=0.06, grad=1.64, bad=0, lr=7.81e-7]
Training PairwiseGET (1-WL):  72%|███████▎  | 87/120 [04:23<01:24,  2.57s/it, loss=2.3, test_acc=0.06, grad=1.64, bad=0, lr=7.81e-7]
Training PairwiseGET (1-WL):  72%|███████▎  | 87/120 [04:26<01:24,  2.57s/it, loss=2.3, test_acc=0.06, grad=1.74, bad=0, lr=7.81e-7]
Training PairwiseGET (1-WL):  73%|███████▎  | 88/120 [04:26<01:22,  2.57s/it, loss=2.3, test_acc=0.06, grad=1.74, bad=0, lr=7.81e-7]
Training PairwiseGET (1-WL):  73%|███████▎  | 88/120 [04:29<01:22,  2.57s/it, loss=2.3, test_acc=0.06, grad=1.69, bad=0, lr=3.91e-7]
Training PairwiseGET (1-WL):  74%|███████▍  | 89/120 [04:29<01:22,  2.67s/it, loss=2.3, test_acc=0.06, grad=1.69, bad=0, lr=3.91e-7]
Training PairwiseGET (1-WL):  74%|███████▍  | 89/120 [04:32<01:22,  2.67s/it, loss=2.3, test_acc=0.06, grad=1.71, bad=0, lr=3.91e-7]
Training PairwiseGET (1-WL):  75%|███████▌  | 90/120 [04:32<01:27,  2.90s/it, loss=2.3, test_acc=0.06, grad=1.71, bad=0, lr=3.91e-7]
Training PairwiseGET (1-WL):  75%|███████▌  | 90/120 [04:35<01:27,  2.90s/it, loss=2.3, test_acc=0.06, grad=1.73, bad=0, lr=3.91e-7]
Training PairwiseGET (1-WL):  76%|███████▌  | 91/120 [04:35<01:28,  3.04s/it, loss=2.3, test_acc=0.06, grad=1.73, bad=0, lr=3.91e-7]
Training PairwiseGET (1-WL):  76%|███████▌  | 91/120 [04:39<01:28,  3.04s/it, loss=2.3, test_acc=0.06, grad=1.62, bad=0, lr=3.91e-7]
Training PairwiseGET (1-WL):  77%|███████▋  | 92/120 [04:39<01:27,  3.12s/it, loss=2.3, test_acc=0.06, grad=1.62, bad=0, lr=3.91e-7]
Training PairwiseGET (1-WL):  77%|███████▋  | 92/120 [04:42<01:27,  3.12s/it, loss=2.3, test_acc=0.06, grad=1.67, bad=0, lr=3.91e-7]
Training PairwiseGET (1-WL):  78%|███████▊  | 93/120 [04:42<01:25,  3.18s/it, loss=2.3, test_acc=0.06, grad=1.67, bad=0, lr=3.91e-7]
Training PairwiseGET (1-WL):  78%|███████▊  | 93/120 [04:45<01:25,  3.18s/it, loss=2.3, test_acc=0.06, grad=1.65, bad=0, lr=3.91e-7]
Training PairwiseGET (1-WL):  78%|███████▊  | 94/120 [04:45<01:23,  3.20s/it, loss=2.3, test_acc=0.06, grad=1.65, bad=0, lr=3.91e-7]
Training PairwiseGET (1-WL):  78%|███████▊  | 94/120 [04:49<01:23,  3.20s/it, loss=2.3, test_acc=0.06, grad=1.58, bad=0, lr=3.91e-7]
Training PairwiseGET (1-WL):  79%|███████▉  | 95/120 [04:49<01:20,  3.23s/it, loss=2.3, test_acc=0.06, grad=1.58, bad=0, lr=3.91e-7]
Training PairwiseGET (1-WL):  79%|███████▉  | 95/120 [04:52<01:20,  3.23s/it, loss=2.3, test_acc=0.06, grad=1.72, bad=0, lr=3.91e-7]
Training PairwiseGET (1-WL):  80%|████████  | 96/120 [04:52<01:17,  3.25s/it, loss=2.3, test_acc=0.06, grad=1.72, bad=0, lr=3.91e-7]
Training PairwiseGET (1-WL):  80%|████████  | 96/120 [04:55<01:17,  3.25s/it, loss=2.3, test_acc=0.06, grad=1.68, bad=0, lr=3.91e-7]
Training PairwiseGET (1-WL):  81%|████████  | 97/120 [04:55<01:14,  3.26s/it, loss=2.3, test_acc=0.06, grad=1.68, bad=0, lr=3.91e-7]
Training PairwiseGET (1-WL):  81%|████████  | 97/120 [04:58<01:14,  3.26s/it, loss=2.3, test_acc=0.06, grad=1.62, bad=0, lr=3.91e-7]
Training PairwiseGET (1-WL):  82%|████████▏ | 98/120 [04:58<01:11,  3.27s/it, loss=2.3, test_acc=0.06, grad=1.62, bad=0, lr=3.91e-7]
Training PairwiseGET (1-WL):  82%|████████▏ | 98/120 [05:02<01:11,  3.27s/it, loss=2.3, test_acc=0.06, grad=1.59, bad=0, lr=3.91e-7]
Training PairwiseGET (1-WL):  82%|████████▎ | 99/120 [05:02<01:08,  3.27s/it, loss=2.3, test_acc=0.06, grad=1.59, bad=0, lr=3.91e-7]
Training PairwiseGET (1-WL):  82%|████████▎ | 99/120 [05:05<01:08,  3.27s/it, loss=2.3, test_acc=0.06, grad=1.71, bad=0, lr=1.95e-7]
Training PairwiseGET (1-WL):  83%|████████▎ | 100/120 [05:05<01:05,  3.27s/it, loss=2.3, test_acc=0.06, grad=1.71, bad=0, lr=1.95e-7]
Training PairwiseGET (1-WL):  83%|████████▎ | 100/120 [05:08<01:05,  3.27s/it, loss=2.3, test_acc=0.06, grad=1.64, bad=0, lr=1.95e-7]
Training PairwiseGET (1-WL):  84%|████████▍ | 101/120 [05:08<01:02,  3.26s/it, loss=2.3, test_acc=0.06, grad=1.64, bad=0, lr=1.95e-7]
Training PairwiseGET (1-WL):  84%|████████▍ | 101/120 [05:12<01:02,  3.26s/it, loss=2.3, test_acc=0.06, grad=1.62, bad=0, lr=1.95e-7]
Training PairwiseGET (1-WL):  85%|████████▌ | 102/120 [05:12<00:58,  3.27s/it, loss=2.3, test_acc=0.06, grad=1.62, bad=0, lr=1.95e-7]
Training PairwiseGET (1-WL):  85%|████████▌ | 102/120 [05:15<00:58,  3.27s/it, loss=2.3, test_acc=0.06, grad=1.66, bad=0, lr=1.95e-7]
Training PairwiseGET (1-WL):  86%|████████▌ | 103/120 [05:15<00:55,  3.27s/it, loss=2.3, test_acc=0.06, grad=1.66, bad=0, lr=1.95e-7]
Training PairwiseGET (1-WL):  86%|████████▌ | 103/120 [05:18<00:55,  3.27s/it, loss=2.3, test_acc=0.06, grad=1.62, bad=0, lr=1.95e-7]
Training PairwiseGET (1-WL):  87%|████████▋ | 104/120 [05:18<00:52,  3.27s/it, loss=2.3, test_acc=0.06, grad=1.62, bad=0, lr=1.95e-7]
Training PairwiseGET (1-WL):  87%|████████▋ | 104/120 [05:21<00:52,  3.27s/it, loss=2.3, test_acc=0.06, grad=1.63, bad=0, lr=1.95e-7]
Training PairwiseGET (1-WL):  88%|████████▊ | 105/120 [05:21<00:49,  3.27s/it, loss=2.3, test_acc=0.06, grad=1.63, bad=0, lr=1.95e-7]
Training PairwiseGET (1-WL):  88%|████████▊ | 105/120 [05:25<00:49,  3.27s/it, loss=2.3, test_acc=0.06, grad=1.67, bad=0, lr=1.95e-7]
Training PairwiseGET (1-WL):  88%|████████▊ | 106/120 [05:25<00:45,  3.27s/it, loss=2.3, test_acc=0.06, grad=1.67, bad=0, lr=1.95e-7]
Training PairwiseGET (1-WL):  88%|████████▊ | 106/120 [05:28<00:45,  3.27s/it, loss=2.3, test_acc=0.06, grad=1.53, bad=0, lr=1.95e-7]
Training PairwiseGET (1-WL):  89%|████████▉ | 107/120 [05:28<00:42,  3.30s/it, loss=2.3, test_acc=0.06, grad=1.53, bad=0, lr=1.95e-7]
Training PairwiseGET (1-WL):  89%|████████▉ | 107/120 [05:31<00:42,  3.30s/it, loss=2.3, test_acc=0.06, grad=1.59, bad=0, lr=1.95e-7]
Training PairwiseGET (1-WL):  90%|█████████ | 108/120 [05:31<00:37,  3.16s/it, loss=2.3, test_acc=0.06, grad=1.59, bad=0, lr=1.95e-7]
Training PairwiseGET (1-WL):  90%|█████████ | 108/120 [05:33<00:37,  3.16s/it, loss=2.3, test_acc=0.06, grad=1.6, bad=0, lr=1.95e-7] 
Training PairwiseGET (1-WL):  91%|█████████ | 109/120 [05:33<00:32,  2.98s/it, loss=2.3, test_acc=0.06, grad=1.6, bad=0, lr=1.95e-7]
Training PairwiseGET (1-WL):  91%|█████████ | 109/120 [05:36<00:32,  2.98s/it, loss=2.3, test_acc=0.06, grad=1.57, bad=0, lr=1.95e-7]
Training PairwiseGET (1-WL):  92%|█████████▏| 110/120 [05:36<00:28,  2.85s/it, loss=2.3, test_acc=0.06, grad=1.57, bad=0, lr=1.95e-7]
Training PairwiseGET (1-WL):  92%|█████████▏| 110/120 [05:38<00:28,  2.85s/it, loss=2.3, test_acc=0.06, grad=1.55, bad=0, lr=9.77e-8]
Training PairwiseGET (1-WL):  92%|█████████▎| 111/120 [05:38<00:24,  2.76s/it, loss=2.3, test_acc=0.06, grad=1.55, bad=0, lr=9.77e-8]
Training PairwiseGET (1-WL):  92%|█████████▎| 111/120 [05:41<00:24,  2.76s/it, loss=2.3, test_acc=0.06, grad=1.64, bad=0, lr=9.77e-8]
Training PairwiseGET (1-WL):  93%|█████████▎| 112/120 [05:41<00:21,  2.69s/it, loss=2.3, test_acc=0.06, grad=1.64, bad=0, lr=9.77e-8]
Training PairwiseGET (1-WL):  93%|█████████▎| 112/120 [05:44<00:21,  2.69s/it, loss=2.3, test_acc=0.06, grad=1.72, bad=0, lr=9.77e-8]
Training PairwiseGET (1-WL):  94%|█████████▍| 113/120 [05:44<00:18,  2.64s/it, loss=2.3, test_acc=0.06, grad=1.72, bad=0, lr=9.77e-8]
Training PairwiseGET (1-WL):  94%|█████████▍| 113/120 [05:46<00:18,  2.64s/it, loss=2.3, test_acc=0.06, grad=1.73, bad=0, lr=9.77e-8]
Training PairwiseGET (1-WL):  95%|█████████▌| 114/120 [05:46<00:15,  2.61s/it, loss=2.3, test_acc=0.06, grad=1.73, bad=0, lr=9.77e-8]
Training PairwiseGET (1-WL):  95%|█████████▌| 114/120 [05:49<00:15,  2.61s/it, loss=2.3, test_acc=0.06, grad=1.62, bad=0, lr=9.77e-8]
Training PairwiseGET (1-WL):  96%|█████████▌| 115/120 [05:49<00:12,  2.58s/it, loss=2.3, test_acc=0.06, grad=1.62, bad=0, lr=9.77e-8]
Training PairwiseGET (1-WL):  96%|█████████▌| 115/120 [05:51<00:12,  2.58s/it, loss=2.3, test_acc=0.06, grad=1.69, bad=0, lr=9.77e-8]
Training PairwiseGET (1-WL):  97%|█████████▋| 116/120 [05:51<00:10,  2.57s/it, loss=2.3, test_acc=0.06, grad=1.69, bad=0, lr=9.77e-8]
Training PairwiseGET (1-WL):  97%|█████████▋| 116/120 [05:54<00:10,  2.57s/it, loss=2.3, test_acc=0.06, grad=1.69, bad=0, lr=9.77e-8]
Training PairwiseGET (1-WL):  98%|█████████▊| 117/120 [05:54<00:07,  2.60s/it, loss=2.3, test_acc=0.06, grad=1.69, bad=0, lr=9.77e-8]
Training PairwiseGET (1-WL):  98%|█████████▊| 117/120 [05:56<00:07,  2.60s/it, loss=2.3, test_acc=0.06, grad=1.56, bad=0, lr=9.77e-8]
Training PairwiseGET (1-WL):  98%|█████████▊| 118/120 [05:56<00:05,  2.62s/it, loss=2.3, test_acc=0.06, grad=1.56, bad=0, lr=9.77e-8]
Training PairwiseGET (1-WL):  98%|█████████▊| 118/120 [05:59<00:05,  2.62s/it, loss=2.3, test_acc=0.06, grad=1.58, bad=0, lr=9.77e-8]
Training PairwiseGET (1-WL):  99%|█████████▉| 119/120 [05:59<00:02,  2.61s/it, loss=2.3, test_acc=0.06, grad=1.58, bad=0, lr=9.77e-8]
Training PairwiseGET (1-WL):  99%|█████████▉| 119/120 [06:02<00:02,  2.61s/it, loss=2.3, test_acc=0.06, grad=1.68, bad=0, lr=9.77e-8]
Training PairwiseGET (1-WL): 100%|██████████| 120/120 [06:02<00:00,  2.60s/it, loss=2.3, test_acc=0.06, grad=1.68, bad=0, lr=9.77e-8]
Training PairwiseGET (1-WL): 100%|██████████| 120/120 [06:02<00:00,  3.02s/it, loss=2.3, test_acc=0.06, grad=1.68, bad=0, lr=9.77e-8]

Training GIN (1-WL):   0%|          | 0/120 [00:00<?, ?it/s]
Training GIN (1-WL):   0%|          | 0/120 [00:00<?, ?it/s, loss=2.48, test_acc=0.12, grad=26.2, bad=0, lr=0.0002]
Training GIN (1-WL):   1%|          | 1/120 [00:00<00:46,  2.59it/s, loss=2.48, test_acc=0.12, grad=26.2, bad=0, lr=0.0002]
Training GIN (1-WL):   1%|          | 1/120 [00:00<00:46,  2.59it/s, loss=2.39, test_acc=0.07, grad=17.6, bad=0, lr=0.0002]
Training GIN (1-WL):   2%|▏         | 2/120 [00:00<00:45,  2.62it/s, loss=2.39, test_acc=0.07, grad=17.6, bad=0, lr=0.0002]
Training GIN (1-WL):   2%|▏         | 2/120 [00:01<00:45,  2.62it/s, loss=2.36, test_acc=0.06, grad=15.1, bad=0, lr=0.0002]
Training GIN (1-WL):   2%|▎         | 3/120 [00:01<00:44,  2.63it/s, loss=2.36, test_acc=0.06, grad=15.1, bad=0, lr=0.0002]
Training GIN (1-WL):   2%|▎         | 3/120 [00:01<00:44,  2.63it/s, loss=2.35, test_acc=0.07, grad=14.3, bad=0, lr=0.0002]
Training GIN (1-WL):   3%|▎         | 4/120 [00:01<00:44,  2.63it/s, loss=2.35, test_acc=0.07, grad=14.3, bad=0, lr=0.0002]
Training GIN (1-WL):   3%|▎         | 4/120 [00:01<00:44,  2.63it/s, loss=2.34, test_acc=0.07, grad=11.6, bad=0, lr=0.0002]
Training GIN (1-WL):   4%|▍         | 5/120 [00:01<00:43,  2.65it/s, loss=2.34, test_acc=0.07, grad=11.6, bad=0, lr=0.0002]
Training GIN (1-WL):   4%|▍         | 5/120 [00:02<00:43,  2.65it/s, loss=2.33, test_acc=0.09, grad=9.97, bad=0, lr=0.0002]
Training GIN (1-WL):   5%|▌         | 6/120 [00:02<00:42,  2.67it/s, loss=2.33, test_acc=0.09, grad=9.97, bad=0, lr=0.0002]
Training GIN (1-WL):   5%|▌         | 6/120 [00:02<00:42,  2.67it/s, loss=2.32, test_acc=0.06, grad=9.42, bad=0, lr=0.0002]
Training GIN (1-WL):   6%|▌         | 7/120 [00:02<00:42,  2.67it/s, loss=2.32, test_acc=0.06, grad=9.42, bad=0, lr=0.0002]
Training GIN (1-WL):   6%|▌         | 7/120 [00:03<00:42,  2.67it/s, loss=2.33, test_acc=0.07, grad=10.5, bad=0, lr=0.0002]
Training GIN (1-WL):   7%|▋         | 8/120 [00:03<00:41,  2.67it/s, loss=2.33, test_acc=0.07, grad=10.5, bad=0, lr=0.0002]
Training GIN (1-WL):   7%|▋         | 8/120 [00:03<00:41,  2.67it/s, loss=2.32, test_acc=0.07, grad=7.58, bad=0, lr=0.0002]
Training GIN (1-WL):   8%|▊         | 9/120 [00:03<00:41,  2.66it/s, loss=2.32, test_acc=0.07, grad=7.58, bad=0, lr=0.0002]
Training GIN (1-WL):   8%|▊         | 9/120 [00:03<00:41,  2.66it/s, loss=2.32, test_acc=0.09, grad=7.31, bad=0, lr=0.0002]
Training GIN (1-WL):   8%|▊         | 10/120 [00:03<00:41,  2.67it/s, loss=2.32, test_acc=0.09, grad=7.31, bad=0, lr=0.0002]
Training GIN (1-WL):   8%|▊         | 10/120 [00:04<00:41,  2.67it/s, loss=2.32, test_acc=0.12, grad=7.34, bad=0, lr=0.0002]
Training GIN (1-WL):   9%|▉         | 11/120 [00:04<00:40,  2.67it/s, loss=2.32, test_acc=0.12, grad=7.34, bad=0, lr=0.0002]
Training GIN (1-WL):   9%|▉         | 11/120 [00:04<00:40,  2.67it/s, loss=2.31, test_acc=0.06, grad=5.73, bad=0, lr=0.0001]
Training GIN (1-WL):  10%|█         | 12/120 [00:04<00:40,  2.68it/s, loss=2.31, test_acc=0.06, grad=5.73, bad=0, lr=0.0001]
Training GIN (1-WL):  10%|█         | 12/120 [00:04<00:40,  2.68it/s, loss=2.31, test_acc=0.06, grad=5.33, bad=0, lr=0.0001]
Training GIN (1-WL):  11%|█         | 13/120 [00:04<00:39,  2.68it/s, loss=2.31, test_acc=0.06, grad=5.33, bad=0, lr=0.0001]
Training GIN (1-WL):  11%|█         | 13/120 [00:05<00:39,  2.68it/s, loss=2.31, test_acc=0.06, grad=4.97, bad=0, lr=0.0001]
Training GIN (1-WL):  12%|█▏        | 14/120 [00:05<00:39,  2.68it/s, loss=2.31, test_acc=0.06, grad=4.97, bad=0, lr=0.0001]
Training GIN (1-WL):  12%|█▏        | 14/120 [00:05<00:39,  2.68it/s, loss=2.31, test_acc=0.06, grad=4.98, bad=0, lr=0.0001]
Training GIN (1-WL):  12%|█▎        | 15/120 [00:05<00:39,  2.66it/s, loss=2.31, test_acc=0.06, grad=4.98, bad=0, lr=0.0001]
Training GIN (1-WL):  12%|█▎        | 15/120 [00:06<00:39,  2.66it/s, loss=2.31, test_acc=0.09, grad=5.44, bad=0, lr=0.0001]
Training GIN (1-WL):  13%|█▎        | 16/120 [00:06<00:39,  2.66it/s, loss=2.31, test_acc=0.09, grad=5.44, bad=0, lr=0.0001]
Training GIN (1-WL):  13%|█▎        | 16/120 [00:06<00:39,  2.66it/s, loss=2.31, test_acc=0.07, grad=4.91, bad=0, lr=0.0001]
Training GIN (1-WL):  14%|█▍        | 17/120 [00:06<00:39,  2.63it/s, loss=2.31, test_acc=0.07, grad=4.91, bad=0, lr=0.0001]
Training GIN (1-WL):  14%|█▍        | 17/120 [00:06<00:39,  2.63it/s, loss=2.31, test_acc=0.07, grad=5.44, bad=0, lr=0.0001]
Training GIN (1-WL):  15%|█▌        | 18/120 [00:06<00:38,  2.64it/s, loss=2.31, test_acc=0.07, grad=5.44, bad=0, lr=0.0001]
Training GIN (1-WL):  15%|█▌        | 18/120 [00:07<00:38,  2.64it/s, loss=2.31, test_acc=0.06, grad=5.54, bad=0, lr=0.0001]
Training GIN (1-WL):  16%|█▌        | 19/120 [00:07<00:38,  2.64it/s, loss=2.31, test_acc=0.06, grad=5.54, bad=0, lr=0.0001]
Training GIN (1-WL):  16%|█▌        | 19/120 [00:07<00:38,  2.64it/s, loss=2.31, test_acc=0.06, grad=4.65, bad=0, lr=0.0001]
Training GIN (1-WL):  17%|█▋        | 20/120 [00:07<00:38,  2.63it/s, loss=2.31, test_acc=0.06, grad=4.65, bad=0, lr=0.0001]
Training GIN (1-WL):  17%|█▋        | 20/120 [00:07<00:38,  2.63it/s, loss=2.31, test_acc=0.06, grad=4.7, bad=0, lr=0.0001] 
Training GIN (1-WL):  18%|█▊        | 21/120 [00:07<00:37,  2.63it/s, loss=2.31, test_acc=0.06, grad=4.7, bad=0, lr=0.0001]
Training GIN (1-WL):  18%|█▊        | 21/120 [00:08<00:37,  2.63it/s, loss=2.31, test_acc=0.06, grad=4.62, bad=0, lr=0.0001]
Training GIN (1-WL):  18%|█▊        | 22/120 [00:08<00:37,  2.64it/s, loss=2.31, test_acc=0.06, grad=4.62, bad=0, lr=0.0001]
Training GIN (1-WL):  18%|█▊        | 22/120 [00:08<00:37,  2.64it/s, loss=2.31, test_acc=0.06, grad=4.29, bad=0, lr=5e-5]  
Training GIN (1-WL):  19%|█▉        | 23/120 [00:08<00:36,  2.65it/s, loss=2.31, test_acc=0.06, grad=4.29, bad=0, lr=5e-5]
Training GIN (1-WL):  19%|█▉        | 23/120 [00:09<00:36,  2.65it/s, loss=2.31, test_acc=0.06, grad=4.56, bad=0, lr=5e-5]
Training GIN (1-WL):  20%|██        | 24/120 [00:09<00:36,  2.67it/s, loss=2.31, test_acc=0.06, grad=4.56, bad=0, lr=5e-5]
Training GIN (1-WL):  20%|██        | 24/120 [00:09<00:36,  2.67it/s, loss=2.3, test_acc=0.06, grad=4.26, bad=0, lr=5e-5] 
Training GIN (1-WL):  21%|██        | 25/120 [00:09<00:35,  2.66it/s, loss=2.3, test_acc=0.06, grad=4.26, bad=0, lr=5e-5]
Training GIN (1-WL):  21%|██        | 25/120 [00:09<00:35,  2.66it/s, loss=2.3, test_acc=0.07, grad=4.13, bad=0, lr=5e-5]
Training GIN (1-WL):  22%|██▏       | 26/120 [00:09<00:35,  2.67it/s, loss=2.3, test_acc=0.07, grad=4.13, bad=0, lr=5e-5]
Training GIN (1-WL):  22%|██▏       | 26/120 [00:10<00:35,  2.67it/s, loss=2.3, test_acc=0.06, grad=4.05, bad=0, lr=5e-5]
Training GIN (1-WL):  22%|██▎       | 27/120 [00:10<00:34,  2.66it/s, loss=2.3, test_acc=0.06, grad=4.05, bad=0, lr=5e-5]
Training GIN (1-WL):  22%|██▎       | 27/120 [00:10<00:34,  2.66it/s, loss=2.3, test_acc=0.07, grad=4.03, bad=0, lr=5e-5]
Training GIN (1-WL):  23%|██▎       | 28/120 [00:10<00:34,  2.66it/s, loss=2.3, test_acc=0.07, grad=4.03, bad=0, lr=5e-5]
Training GIN (1-WL):  23%|██▎       | 28/120 [00:10<00:34,  2.66it/s, loss=2.3, test_acc=0.06, grad=3.89, bad=0, lr=5e-5]
Training GIN (1-WL):  24%|██▍       | 29/120 [00:10<00:34,  2.67it/s, loss=2.3, test_acc=0.06, grad=3.89, bad=0, lr=5e-5]
Training GIN (1-WL):  24%|██▍       | 29/120 [00:11<00:34,  2.67it/s, loss=2.3, test_acc=0.07, grad=3.91, bad=0, lr=5e-5]
Training GIN (1-WL):  25%|██▌       | 30/120 [00:11<00:33,  2.67it/s, loss=2.3, test_acc=0.07, grad=3.91, bad=0, lr=5e-5]
Training GIN (1-WL):  25%|██▌       | 30/120 [00:11<00:33,  2.67it/s, loss=2.3, test_acc=0.07, grad=3.79, bad=0, lr=5e-5]
Training GIN (1-WL):  26%|██▌       | 31/120 [00:11<00:33,  2.66it/s, loss=2.3, test_acc=0.07, grad=3.79, bad=0, lr=5e-5]
Training GIN (1-WL):  26%|██▌       | 31/120 [00:12<00:33,  2.66it/s, loss=2.3, test_acc=0.07, grad=3.91, bad=0, lr=5e-5]
Training GIN (1-WL):  27%|██▋       | 32/120 [00:12<00:33,  2.67it/s, loss=2.3, test_acc=0.07, grad=3.91, bad=0, lr=5e-5]
Training GIN (1-WL):  27%|██▋       | 32/120 [00:12<00:33,  2.67it/s, loss=2.3, test_acc=0.06, grad=4, bad=0, lr=5e-5]   
Training GIN (1-WL):  28%|██▊       | 33/120 [00:12<00:32,  2.66it/s, loss=2.3, test_acc=0.06, grad=4, bad=0, lr=5e-5]
Training GIN (1-WL):  28%|██▊       | 33/120 [00:12<00:32,  2.66it/s, loss=2.3, test_acc=0.06, grad=3.84, bad=0, lr=2.5e-5]
Training GIN (1-WL):  28%|██▊       | 34/120 [00:12<00:32,  2.67it/s, loss=2.3, test_acc=0.06, grad=3.84, bad=0, lr=2.5e-5]
Training GIN (1-WL):  28%|██▊       | 34/120 [00:13<00:32,  2.67it/s, loss=2.3, test_acc=0.06, grad=3.98, bad=0, lr=2.5e-5]
Training GIN (1-WL):  29%|██▉       | 35/120 [00:13<00:31,  2.67it/s, loss=2.3, test_acc=0.06, grad=3.98, bad=0, lr=2.5e-5]
Training GIN (1-WL):  29%|██▉       | 35/120 [00:13<00:31,  2.67it/s, loss=2.3, test_acc=0.06, grad=3.8, bad=0, lr=2.5e-5] 
Training GIN (1-WL):  30%|███       | 36/120 [00:13<00:31,  2.66it/s, loss=2.3, test_acc=0.06, grad=3.8, bad=0, lr=2.5e-5]
Training GIN (1-WL):  30%|███       | 36/120 [00:13<00:31,  2.66it/s, loss=2.3, test_acc=0.06, grad=4.04, bad=0, lr=2.5e-5]
Training GIN (1-WL):  31%|███       | 37/120 [00:13<00:31,  2.65it/s, loss=2.3, test_acc=0.06, grad=4.04, bad=0, lr=2.5e-5]
Training GIN (1-WL):  31%|███       | 37/120 [00:14<00:31,  2.65it/s, loss=2.3, test_acc=0.07, grad=4.08, bad=0, lr=2.5e-5]
Training GIN (1-WL):  32%|███▏      | 38/120 [00:14<00:30,  2.66it/s, loss=2.3, test_acc=0.07, grad=4.08, bad=0, lr=2.5e-5]
Training GIN (1-WL):  32%|███▏      | 38/120 [00:14<00:30,  2.66it/s, loss=2.3, test_acc=0.07, grad=4.22, bad=0, lr=2.5e-5]
Training GIN (1-WL):  32%|███▎      | 39/120 [00:14<00:30,  2.66it/s, loss=2.3, test_acc=0.07, grad=4.22, bad=0, lr=2.5e-5]
Training GIN (1-WL):  32%|███▎      | 39/120 [00:15<00:30,  2.66it/s, loss=2.3, test_acc=0.07, grad=4.12, bad=0, lr=2.5e-5]
Training GIN (1-WL):  33%|███▎      | 40/120 [00:15<00:29,  2.67it/s, loss=2.3, test_acc=0.07, grad=4.12, bad=0, lr=2.5e-5]
Training GIN (1-WL):  33%|███▎      | 40/120 [00:15<00:29,  2.67it/s, loss=2.3, test_acc=0.07, grad=4.11, bad=0, lr=2.5e-5]
Training GIN (1-WL):  34%|███▍      | 41/120 [00:15<00:29,  2.65it/s, loss=2.3, test_acc=0.07, grad=4.11, bad=0, lr=2.5e-5]
Training GIN (1-WL):  34%|███▍      | 41/120 [00:15<00:29,  2.65it/s, loss=2.3, test_acc=0.07, grad=4.02, bad=0, lr=2.5e-5]
Training GIN (1-WL):  35%|███▌      | 42/120 [00:15<00:29,  2.64it/s, loss=2.3, test_acc=0.07, grad=4.02, bad=0, lr=2.5e-5]
Training GIN (1-WL):  35%|███▌      | 42/120 [00:16<00:29,  2.64it/s, loss=2.3, test_acc=0.07, grad=3.67, bad=0, lr=2.5e-5]
Training GIN (1-WL):  36%|███▌      | 43/120 [00:16<00:29,  2.65it/s, loss=2.3, test_acc=0.07, grad=3.67, bad=0, lr=2.5e-5]
Training GIN (1-WL):  36%|███▌      | 43/120 [00:16<00:29,  2.65it/s, loss=2.3, test_acc=0.06, grad=3.96, bad=0, lr=2.5e-5]
Training GIN (1-WL):  37%|███▋      | 44/120 [00:16<00:28,  2.66it/s, loss=2.3, test_acc=0.06, grad=3.96, bad=0, lr=2.5e-5]
Training GIN (1-WL):  37%|███▋      | 44/120 [00:16<00:28,  2.66it/s, loss=2.3, test_acc=0.06, grad=3.96, bad=0, lr=1.25e-5]
Training GIN (1-WL):  38%|███▊      | 45/120 [00:16<00:28,  2.67it/s, loss=2.3, test_acc=0.06, grad=3.96, bad=0, lr=1.25e-5]
Training GIN (1-WL):  38%|███▊      | 45/120 [00:17<00:28,  2.67it/s, loss=2.3, test_acc=0.06, grad=3.89, bad=0, lr=1.25e-5]
Training GIN (1-WL):  38%|███▊      | 46/120 [00:17<00:27,  2.67it/s, loss=2.3, test_acc=0.06, grad=3.89, bad=0, lr=1.25e-5]
Training GIN (1-WL):  38%|███▊      | 46/120 [00:17<00:27,  2.67it/s, loss=2.3, test_acc=0.07, grad=3.89, bad=0, lr=1.25e-5]
Training GIN (1-WL):  39%|███▉      | 47/120 [00:17<00:27,  2.66it/s, loss=2.3, test_acc=0.07, grad=3.89, bad=0, lr=1.25e-5]
Training GIN (1-WL):  39%|███▉      | 47/120 [00:18<00:27,  2.66it/s, loss=2.3, test_acc=0.06, grad=4.08, bad=0, lr=1.25e-5]
Training GIN (1-WL):  40%|████      | 48/120 [00:18<00:26,  2.67it/s, loss=2.3, test_acc=0.06, grad=4.08, bad=0, lr=1.25e-5]
Training GIN (1-WL):  40%|████      | 48/120 [00:18<00:26,  2.67it/s, loss=2.3, test_acc=0.06, grad=3.81, bad=0, lr=1.25e-5]
Training GIN (1-WL):  41%|████      | 49/120 [00:18<00:26,  2.67it/s, loss=2.3, test_acc=0.06, grad=3.81, bad=0, lr=1.25e-5]
Training GIN (1-WL):  41%|████      | 49/120 [00:18<00:26,  2.67it/s, loss=2.3, test_acc=0.06, grad=3.85, bad=0, lr=1.25e-5]
Training GIN (1-WL):  42%|████▏     | 50/120 [00:18<00:26,  2.68it/s, loss=2.3, test_acc=0.06, grad=3.85, bad=0, lr=1.25e-5]
Training GIN (1-WL):  42%|████▏     | 50/120 [00:19<00:26,  2.68it/s, loss=2.3, test_acc=0.06, grad=3.93, bad=0, lr=1.25e-5]
Training GIN (1-WL):  42%|████▎     | 51/120 [00:19<00:26,  2.63it/s, loss=2.3, test_acc=0.06, grad=3.93, bad=0, lr=1.25e-5]
Training GIN (1-WL):  42%|████▎     | 51/120 [00:19<00:26,  2.63it/s, loss=2.3, test_acc=0.07, grad=4.05, bad=0, lr=1.25e-5]
Training GIN (1-WL):  43%|████▎     | 52/120 [00:19<00:25,  2.63it/s, loss=2.3, test_acc=0.07, grad=4.05, bad=0, lr=1.25e-5]
Training GIN (1-WL):  43%|████▎     | 52/120 [00:19<00:25,  2.63it/s, loss=2.3, test_acc=0.07, grad=3.82, bad=0, lr=1.25e-5]
Training GIN (1-WL):  44%|████▍     | 53/120 [00:19<00:25,  2.64it/s, loss=2.3, test_acc=0.07, grad=3.82, bad=0, lr=1.25e-5]
Training GIN (1-WL):  44%|████▍     | 53/120 [00:20<00:25,  2.64it/s, loss=2.3, test_acc=0.07, grad=3.61, bad=0, lr=1.25e-5]
Training GIN (1-WL):  45%|████▌     | 54/120 [00:20<00:24,  2.64it/s, loss=2.3, test_acc=0.07, grad=3.61, bad=0, lr=1.25e-5]
Training GIN (1-WL):  45%|████▌     | 54/120 [00:20<00:24,  2.64it/s, loss=2.3, test_acc=0.07, grad=3.87, bad=0, lr=1.25e-5]
Training GIN (1-WL):  46%|████▌     | 55/120 [00:20<00:24,  2.65it/s, loss=2.3, test_acc=0.07, grad=3.87, bad=0, lr=1.25e-5]
Training GIN (1-WL):  46%|████▌     | 55/120 [00:21<00:24,  2.65it/s, loss=2.3, test_acc=0.07, grad=4.07, bad=0, lr=6.25e-6]
Training GIN (1-WL):  47%|████▋     | 56/120 [00:21<00:24,  2.65it/s, loss=2.3, test_acc=0.07, grad=4.07, bad=0, lr=6.25e-6]
Training GIN (1-WL):  47%|████▋     | 56/120 [00:21<00:24,  2.65it/s, loss=2.3, test_acc=0.07, grad=3.78, bad=0, lr=6.25e-6]
Training GIN (1-WL):  48%|████▊     | 57/120 [00:21<00:24,  2.62it/s, loss=2.3, test_acc=0.07, grad=3.78, bad=0, lr=6.25e-6]
Training GIN (1-WL):  48%|████▊     | 57/120 [00:21<00:24,  2.62it/s, loss=2.3, test_acc=0.07, grad=4.15, bad=0, lr=6.25e-6]
Training GIN (1-WL):  48%|████▊     | 58/120 [00:21<00:23,  2.64it/s, loss=2.3, test_acc=0.07, grad=4.15, bad=0, lr=6.25e-6]
Training GIN (1-WL):  48%|████▊     | 58/120 [00:22<00:23,  2.64it/s, loss=2.3, test_acc=0.07, grad=3.83, bad=0, lr=6.25e-6]
Training GIN (1-WL):  49%|████▉     | 59/120 [00:22<00:23,  2.63it/s, loss=2.3, test_acc=0.07, grad=3.83, bad=0, lr=6.25e-6]
Training GIN (1-WL):  49%|████▉     | 59/120 [00:22<00:23,  2.63it/s, loss=2.3, test_acc=0.07, grad=3.88, bad=0, lr=6.25e-6]
Training GIN (1-WL):  50%|█████     | 60/120 [00:22<00:23,  2.57it/s, loss=2.3, test_acc=0.07, grad=3.88, bad=0, lr=6.25e-6]
Training GIN (1-WL):  50%|█████     | 60/120 [00:23<00:23,  2.57it/s, loss=2.3, test_acc=0.07, grad=3.86, bad=0, lr=6.25e-6]
Training GIN (1-WL):  51%|█████     | 61/120 [00:23<00:22,  2.60it/s, loss=2.3, test_acc=0.07, grad=3.86, bad=0, lr=6.25e-6]
Training GIN (1-WL):  51%|█████     | 61/120 [00:23<00:22,  2.60it/s, loss=2.3, test_acc=0.07, grad=3.91, bad=0, lr=6.25e-6]
Training GIN (1-WL):  52%|█████▏    | 62/120 [00:23<00:22,  2.61it/s, loss=2.3, test_acc=0.07, grad=3.91, bad=0, lr=6.25e-6]
Training GIN (1-WL):  52%|█████▏    | 62/120 [00:23<00:22,  2.61it/s, loss=2.3, test_acc=0.07, grad=3.98, bad=0, lr=6.25e-6]
Training GIN (1-WL):  52%|█████▎    | 63/120 [00:23<00:21,  2.64it/s, loss=2.3, test_acc=0.07, grad=3.98, bad=0, lr=6.25e-6]
Training GIN (1-WL):  52%|█████▎    | 63/120 [00:24<00:21,  2.64it/s, loss=2.3, test_acc=0.07, grad=3.89, bad=0, lr=6.25e-6]
Training GIN (1-WL):  53%|█████▎    | 64/120 [00:24<00:21,  2.66it/s, loss=2.3, test_acc=0.07, grad=3.89, bad=0, lr=6.25e-6]
Training GIN (1-WL):  53%|█████▎    | 64/120 [00:24<00:21,  2.66it/s, loss=2.3, test_acc=0.07, grad=3.86, bad=0, lr=6.25e-6]
Training GIN (1-WL):  54%|█████▍    | 65/120 [00:24<00:20,  2.66it/s, loss=2.3, test_acc=0.07, grad=3.86, bad=0, lr=6.25e-6]
Training GIN (1-WL):  54%|█████▍    | 65/120 [00:24<00:20,  2.66it/s, loss=2.3, test_acc=0.07, grad=4.03, bad=0, lr=6.25e-6]
Training GIN (1-WL):  55%|█████▌    | 66/120 [00:24<00:20,  2.67it/s, loss=2.3, test_acc=0.07, grad=4.03, bad=0, lr=6.25e-6]
Training GIN (1-WL):  55%|█████▌    | 66/120 [00:25<00:20,  2.67it/s, loss=2.3, test_acc=0.07, grad=3.64, bad=0, lr=3.13e-6]
Training GIN (1-WL):  56%|█████▌    | 67/120 [00:25<00:19,  2.67it/s, loss=2.3, test_acc=0.07, grad=3.64, bad=0, lr=3.13e-6]
Training GIN (1-WL):  56%|█████▌    | 67/120 [00:25<00:19,  2.67it/s, loss=2.3, test_acc=0.07, grad=3.8, bad=0, lr=3.13e-6] 
Training GIN (1-WL):  57%|█████▋    | 68/120 [00:25<00:19,  2.67it/s, loss=2.3, test_acc=0.07, grad=3.8, bad=0, lr=3.13e-6]
Training GIN (1-WL):  57%|█████▋    | 68/120 [00:26<00:19,  2.67it/s, loss=2.3, test_acc=0.07, grad=4.14, bad=0, lr=3.13e-6]
Training GIN (1-WL):  57%|█████▊    | 69/120 [00:26<00:19,  2.66it/s, loss=2.3, test_acc=0.07, grad=4.14, bad=0, lr=3.13e-6]
Training GIN (1-WL):  57%|█████▊    | 69/120 [00:26<00:19,  2.66it/s, loss=2.3, test_acc=0.07, grad=4.03, bad=0, lr=3.13e-6]
Training GIN (1-WL):  58%|█████▊    | 70/120 [00:26<00:18,  2.64it/s, loss=2.3, test_acc=0.07, grad=4.03, bad=0, lr=3.13e-6]
Training GIN (1-WL):  58%|█████▊    | 70/120 [00:26<00:18,  2.64it/s, loss=2.3, test_acc=0.07, grad=3.79, bad=0, lr=3.13e-6]
Training GIN (1-WL):  59%|█████▉    | 71/120 [00:26<00:18,  2.66it/s, loss=2.3, test_acc=0.07, grad=3.79, bad=0, lr=3.13e-6]
Training GIN (1-WL):  59%|█████▉    | 71/120 [00:27<00:18,  2.66it/s, loss=2.3, test_acc=0.07, grad=3.92, bad=0, lr=3.13e-6]
Training GIN (1-WL):  60%|██████    | 72/120 [00:27<00:18,  2.66it/s, loss=2.3, test_acc=0.07, grad=3.92, bad=0, lr=3.13e-6]
Training GIN (1-WL):  60%|██████    | 72/120 [00:27<00:18,  2.66it/s, loss=2.3, test_acc=0.07, grad=3.93, bad=0, lr=3.13e-6]
Training GIN (1-WL):  61%|██████    | 73/120 [00:27<00:17,  2.65it/s, loss=2.3, test_acc=0.07, grad=3.93, bad=0, lr=3.13e-6]
Training GIN (1-WL):  61%|██████    | 73/120 [00:27<00:17,  2.65it/s, loss=2.3, test_acc=0.07, grad=4.03, bad=0, lr=3.13e-6]
Training GIN (1-WL):  62%|██████▏   | 74/120 [00:27<00:17,  2.65it/s, loss=2.3, test_acc=0.07, grad=4.03, bad=0, lr=3.13e-6]
Training GIN (1-WL):  62%|██████▏   | 74/120 [00:28<00:17,  2.65it/s, loss=2.3, test_acc=0.07, grad=3.79, bad=0, lr=3.13e-6]
Training GIN (1-WL):  62%|██████▎   | 75/120 [00:28<00:17,  2.64it/s, loss=2.3, test_acc=0.07, grad=3.79, bad=0, lr=3.13e-6]
Training GIN (1-WL):  62%|██████▎   | 75/120 [00:28<00:17,  2.64it/s, loss=2.3, test_acc=0.07, grad=3.74, bad=0, lr=3.13e-6]
Training GIN (1-WL):  63%|██████▎   | 76/120 [00:28<00:16,  2.65it/s, loss=2.3, test_acc=0.07, grad=3.74, bad=0, lr=3.13e-6]
Training GIN (1-WL):  63%|██████▎   | 76/120 [00:29<00:16,  2.65it/s, loss=2.3, test_acc=0.07, grad=3.75, bad=0, lr=3.13e-6]
Training GIN (1-WL):  64%|██████▍   | 77/120 [00:29<00:16,  2.66it/s, loss=2.3, test_acc=0.07, grad=3.75, bad=0, lr=3.13e-6]
Training GIN (1-WL):  64%|██████▍   | 77/120 [00:29<00:16,  2.66it/s, loss=2.3, test_acc=0.07, grad=3.89, bad=0, lr=1.56e-6]
Training GIN (1-WL):  65%|██████▌   | 78/120 [00:29<00:15,  2.63it/s, loss=2.3, test_acc=0.07, grad=3.89, bad=0, lr=1.56e-6]
Training GIN (1-WL):  65%|██████▌   | 78/120 [00:29<00:15,  2.63it/s, loss=2.3, test_acc=0.07, grad=3.79, bad=0, lr=1.56e-6]
Training GIN (1-WL):  66%|██████▌   | 79/120 [00:29<00:15,  2.65it/s, loss=2.3, test_acc=0.07, grad=3.79, bad=0, lr=1.56e-6]
Training GIN (1-WL):  66%|██████▌   | 79/120 [00:30<00:15,  2.65it/s, loss=2.3, test_acc=0.07, grad=3.94, bad=0, lr=1.56e-6]
Training GIN (1-WL):  67%|██████▋   | 80/120 [00:30<00:15,  2.66it/s, loss=2.3, test_acc=0.07, grad=3.94, bad=0, lr=1.56e-6]
Training GIN (1-WL):  67%|██████▋   | 80/120 [00:30<00:15,  2.66it/s, loss=2.3, test_acc=0.07, grad=3.8, bad=0, lr=1.56e-6] 
Training GIN (1-WL):  68%|██████▊   | 81/120 [00:30<00:14,  2.67it/s, loss=2.3, test_acc=0.07, grad=3.8, bad=0, lr=1.56e-6]
Training GIN (1-WL):  68%|██████▊   | 81/120 [00:30<00:14,  2.67it/s, loss=2.3, test_acc=0.07, grad=3.93, bad=0, lr=1.56e-6]
Training GIN (1-WL):  68%|██████▊   | 82/120 [00:30<00:14,  2.68it/s, loss=2.3, test_acc=0.07, grad=3.93, bad=0, lr=1.56e-6]
Training GIN (1-WL):  68%|██████▊   | 82/120 [00:31<00:14,  2.68it/s, loss=2.3, test_acc=0.07, grad=4.01, bad=0, lr=1.56e-6]
Training GIN (1-WL):  69%|██████▉   | 83/120 [00:31<00:13,  2.67it/s, loss=2.3, test_acc=0.07, grad=4.01, bad=0, lr=1.56e-6]
Training GIN (1-WL):  69%|██████▉   | 83/120 [00:31<00:13,  2.67it/s, loss=2.3, test_acc=0.07, grad=3.92, bad=0, lr=1.56e-6]
Training GIN (1-WL):  70%|███████   | 84/120 [00:31<00:13,  2.67it/s, loss=2.3, test_acc=0.07, grad=3.92, bad=0, lr=1.56e-6]
Training GIN (1-WL):  70%|███████   | 84/120 [00:32<00:13,  2.67it/s, loss=2.3, test_acc=0.07, grad=3.9, bad=0, lr=1.56e-6] 
Training GIN (1-WL):  71%|███████   | 85/120 [00:32<00:13,  2.67it/s, loss=2.3, test_acc=0.07, grad=3.9, bad=0, lr=1.56e-6]
Training GIN (1-WL):  71%|███████   | 85/120 [00:32<00:13,  2.67it/s, loss=2.3, test_acc=0.07, grad=3.83, bad=0, lr=1.56e-6]
Training GIN (1-WL):  72%|███████▏  | 86/120 [00:32<00:12,  2.68it/s, loss=2.3, test_acc=0.07, grad=3.83, bad=0, lr=1.56e-6]
Training GIN (1-WL):  72%|███████▏  | 86/120 [00:32<00:12,  2.68it/s, loss=2.3, test_acc=0.07, grad=3.85, bad=0, lr=1.56e-6]
Training GIN (1-WL):  72%|███████▎  | 87/120 [00:32<00:12,  2.68it/s, loss=2.3, test_acc=0.07, grad=3.85, bad=0, lr=1.56e-6]
Training GIN (1-WL):  72%|███████▎  | 87/120 [00:33<00:12,  2.68it/s, loss=2.3, test_acc=0.07, grad=3.93, bad=0, lr=1.56e-6]
Training GIN (1-WL):  73%|███████▎  | 88/120 [00:33<00:11,  2.68it/s, loss=2.3, test_acc=0.07, grad=3.93, bad=0, lr=1.56e-6]
Training GIN (1-WL):  73%|███████▎  | 88/120 [00:33<00:11,  2.68it/s, loss=2.3, test_acc=0.07, grad=4.08, bad=0, lr=7.81e-7]
Training GIN (1-WL):  74%|███████▍  | 89/120 [00:33<00:11,  2.66it/s, loss=2.3, test_acc=0.07, grad=4.08, bad=0, lr=7.81e-7]
Training GIN (1-WL):  74%|███████▍  | 89/120 [00:33<00:11,  2.66it/s, loss=2.3, test_acc=0.07, grad=4.07, bad=0, lr=7.81e-7]
Training GIN (1-WL):  75%|███████▌  | 90/120 [00:33<00:11,  2.68it/s, loss=2.3, test_acc=0.07, grad=4.07, bad=0, lr=7.81e-7]
Training GIN (1-WL):  75%|███████▌  | 90/120 [00:34<00:11,  2.68it/s, loss=2.3, test_acc=0.07, grad=3.84, bad=0, lr=7.81e-7]
Training GIN (1-WL):  76%|███████▌  | 91/120 [00:34<00:10,  2.69it/s, loss=2.3, test_acc=0.07, grad=3.84, bad=0, lr=7.81e-7]
Training GIN (1-WL):  76%|███████▌  | 91/120 [00:34<00:10,  2.69it/s, loss=2.3, test_acc=0.07, grad=3.95, bad=0, lr=7.81e-7]
Training GIN (1-WL):  77%|███████▋  | 92/120 [00:34<00:10,  2.69it/s, loss=2.3, test_acc=0.07, grad=3.95, bad=0, lr=7.81e-7]
Training GIN (1-WL):  77%|███████▋  | 92/120 [00:34<00:10,  2.69it/s, loss=2.3, test_acc=0.07, grad=3.74, bad=0, lr=7.81e-7]
Training GIN (1-WL):  78%|███████▊  | 93/120 [00:34<00:10,  2.70it/s, loss=2.3, test_acc=0.07, grad=3.74, bad=0, lr=7.81e-7]
Training GIN (1-WL):  78%|███████▊  | 93/120 [00:35<00:10,  2.70it/s, loss=2.3, test_acc=0.07, grad=3.64, bad=0, lr=7.81e-7]
Training GIN (1-WL):  78%|███████▊  | 94/120 [00:35<00:09,  2.70it/s, loss=2.3, test_acc=0.07, grad=3.64, bad=0, lr=7.81e-7]
Training GIN (1-WL):  78%|███████▊  | 94/120 [00:35<00:09,  2.70it/s, loss=2.3, test_acc=0.07, grad=4.03, bad=0, lr=7.81e-7]
Training GIN (1-WL):  79%|███████▉  | 95/120 [00:35<00:09,  2.71it/s, loss=2.3, test_acc=0.07, grad=4.03, bad=0, lr=7.81e-7]
Training GIN (1-WL):  79%|███████▉  | 95/120 [00:36<00:09,  2.71it/s, loss=2.3, test_acc=0.07, grad=4.07, bad=0, lr=7.81e-7]
Training GIN (1-WL):  80%|████████  | 96/120 [00:36<00:08,  2.70it/s, loss=2.3, test_acc=0.07, grad=4.07, bad=0, lr=7.81e-7]
Training GIN (1-WL):  80%|████████  | 96/120 [00:36<00:08,  2.70it/s, loss=2.3, test_acc=0.07, grad=3.98, bad=0, lr=7.81e-7]
Training GIN (1-WL):  81%|████████  | 97/120 [00:36<00:08,  2.60it/s, loss=2.3, test_acc=0.07, grad=3.98, bad=0, lr=7.81e-7]
Training GIN (1-WL):  81%|████████  | 97/120 [00:36<00:08,  2.60it/s, loss=2.3, test_acc=0.07, grad=3.99, bad=0, lr=7.81e-7]
Training GIN (1-WL):  82%|████████▏ | 98/120 [00:36<00:08,  2.46it/s, loss=2.3, test_acc=0.07, grad=3.99, bad=0, lr=7.81e-7]
Training GIN (1-WL):  82%|████████▏ | 98/120 [00:37<00:08,  2.46it/s, loss=2.3, test_acc=0.07, grad=3.86, bad=0, lr=7.81e-7]
Training GIN (1-WL):  82%|████████▎ | 99/120 [00:37<00:09,  2.33it/s, loss=2.3, test_acc=0.07, grad=3.86, bad=0, lr=7.81e-7]
Training GIN (1-WL):  82%|████████▎ | 99/120 [00:37<00:09,  2.33it/s, loss=2.3, test_acc=0.07, grad=4, bad=0, lr=3.91e-7]   
Training GIN (1-WL):  83%|████████▎ | 100/120 [00:37<00:08,  2.24it/s, loss=2.3, test_acc=0.07, grad=4, bad=0, lr=3.91e-7]
Training GIN (1-WL):  83%|████████▎ | 100/120 [00:38<00:08,  2.24it/s, loss=2.3, test_acc=0.07, grad=3.86, bad=0, lr=3.91e-7]
Training GIN (1-WL):  84%|████████▍ | 101/120 [00:38<00:08,  2.17it/s, loss=2.3, test_acc=0.07, grad=3.86, bad=0, lr=3.91e-7]
Training GIN (1-WL):  84%|████████▍ | 101/120 [00:38<00:08,  2.17it/s, loss=2.3, test_acc=0.07, grad=3.83, bad=0, lr=3.91e-7]
Training GIN (1-WL):  85%|████████▌ | 102/120 [00:38<00:08,  2.13it/s, loss=2.3, test_acc=0.07, grad=3.83, bad=0, lr=3.91e-7]
Training GIN (1-WL):  85%|████████▌ | 102/120 [00:39<00:08,  2.13it/s, loss=2.3, test_acc=0.07, grad=3.92, bad=0, lr=3.91e-7]
Training GIN (1-WL):  86%|████████▌ | 103/120 [00:39<00:08,  2.09it/s, loss=2.3, test_acc=0.07, grad=3.92, bad=0, lr=3.91e-7]
Training GIN (1-WL):  86%|████████▌ | 103/120 [00:39<00:08,  2.09it/s, loss=2.3, test_acc=0.07, grad=3.82, bad=0, lr=3.91e-7]
Training GIN (1-WL):  87%|████████▋ | 104/120 [00:39<00:07,  2.07it/s, loss=2.3, test_acc=0.07, grad=3.82, bad=0, lr=3.91e-7]
Training GIN (1-WL):  87%|████████▋ | 104/120 [00:40<00:07,  2.07it/s, loss=2.3, test_acc=0.07, grad=4.12, bad=0, lr=3.91e-7]
Training GIN (1-WL):  88%|████████▊ | 105/120 [00:40<00:07,  2.05it/s, loss=2.3, test_acc=0.07, grad=4.12, bad=0, lr=3.91e-7]
Training GIN (1-WL):  88%|████████▊ | 105/120 [00:40<00:07,  2.05it/s, loss=2.3, test_acc=0.07, grad=3.82, bad=0, lr=3.91e-7]
Training GIN (1-WL):  88%|████████▊ | 106/120 [00:40<00:06,  2.05it/s, loss=2.3, test_acc=0.07, grad=3.82, bad=0, lr=3.91e-7]
Training GIN (1-WL):  88%|████████▊ | 106/120 [00:41<00:06,  2.05it/s, loss=2.3, test_acc=0.07, grad=4.02, bad=0, lr=3.91e-7]
Training GIN (1-WL):  89%|████████▉ | 107/120 [00:41<00:06,  2.05it/s, loss=2.3, test_acc=0.07, grad=4.02, bad=0, lr=3.91e-7]
Training GIN (1-WL):  89%|████████▉ | 107/120 [00:41<00:06,  2.05it/s, loss=2.3, test_acc=0.07, grad=3.89, bad=0, lr=3.91e-7]
Training GIN (1-WL):  90%|█████████ | 108/120 [00:41<00:05,  2.04it/s, loss=2.3, test_acc=0.07, grad=3.89, bad=0, lr=3.91e-7]
Training GIN (1-WL):  90%|█████████ | 108/120 [00:42<00:05,  2.04it/s, loss=2.3, test_acc=0.07, grad=3.56, bad=0, lr=3.91e-7]
Training GIN (1-WL):  91%|█████████ | 109/120 [00:42<00:05,  2.04it/s, loss=2.3, test_acc=0.07, grad=3.56, bad=0, lr=3.91e-7]
Training GIN (1-WL):  91%|█████████ | 109/120 [00:42<00:05,  2.04it/s, loss=2.3, test_acc=0.07, grad=4.03, bad=0, lr=3.91e-7]
Training GIN (1-WL):  92%|█████████▏| 110/120 [00:42<00:04,  2.03it/s, loss=2.3, test_acc=0.07, grad=4.03, bad=0, lr=3.91e-7]
Training GIN (1-WL):  92%|█████████▏| 110/120 [00:43<00:04,  2.03it/s, loss=2.3, test_acc=0.07, grad=3.73, bad=0, lr=1.95e-7]
Training GIN (1-WL):  92%|█████████▎| 111/120 [00:43<00:04,  2.04it/s, loss=2.3, test_acc=0.07, grad=3.73, bad=0, lr=1.95e-7]
Training GIN (1-WL):  92%|█████████▎| 111/120 [00:43<00:04,  2.04it/s, loss=2.3, test_acc=0.07, grad=4.03, bad=0, lr=1.95e-7]
Training GIN (1-WL):  93%|█████████▎| 112/120 [00:43<00:03,  2.04it/s, loss=2.3, test_acc=0.07, grad=4.03, bad=0, lr=1.95e-7]
Training GIN (1-WL):  93%|█████████▎| 112/120 [00:44<00:03,  2.04it/s, loss=2.3, test_acc=0.07, grad=3.71, bad=0, lr=1.95e-7]
Training GIN (1-WL):  94%|█████████▍| 113/120 [00:44<00:03,  2.03it/s, loss=2.3, test_acc=0.07, grad=3.71, bad=0, lr=1.95e-7]
Training GIN (1-WL):  94%|█████████▍| 113/120 [00:44<00:03,  2.03it/s, loss=2.3, test_acc=0.07, grad=3.83, bad=0, lr=1.95e-7]
Training GIN (1-WL):  95%|█████████▌| 114/120 [00:44<00:02,  2.03it/s, loss=2.3, test_acc=0.07, grad=3.83, bad=0, lr=1.95e-7]
Training GIN (1-WL):  95%|█████████▌| 114/120 [00:45<00:02,  2.03it/s, loss=2.3, test_acc=0.07, grad=3.92, bad=0, lr=1.95e-7]
Training GIN (1-WL):  96%|█████████▌| 115/120 [00:45<00:02,  2.03it/s, loss=2.3, test_acc=0.07, grad=3.92, bad=0, lr=1.95e-7]
Training GIN (1-WL):  96%|█████████▌| 115/120 [00:45<00:02,  2.03it/s, loss=2.3, test_acc=0.07, grad=4.04, bad=0, lr=1.95e-7]
Training GIN (1-WL):  97%|█████████▋| 116/120 [00:45<00:01,  2.03it/s, loss=2.3, test_acc=0.07, grad=4.04, bad=0, lr=1.95e-7]
Training GIN (1-WL):  97%|█████████▋| 116/120 [00:46<00:01,  2.03it/s, loss=2.3, test_acc=0.07, grad=3.76, bad=0, lr=1.95e-7]
Training GIN (1-WL):  98%|█████████▊| 117/120 [00:46<00:01,  2.01it/s, loss=2.3, test_acc=0.07, grad=3.76, bad=0, lr=1.95e-7]
Training GIN (1-WL):  98%|█████████▊| 117/120 [00:46<00:01,  2.01it/s, loss=2.3, test_acc=0.07, grad=3.85, bad=0, lr=1.95e-7]
Training GIN (1-WL):  98%|█████████▊| 118/120 [00:46<00:00,  2.02it/s, loss=2.3, test_acc=0.07, grad=3.85, bad=0, lr=1.95e-7]
Training GIN (1-WL):  98%|█████████▊| 118/120 [00:47<00:00,  2.02it/s, loss=2.3, test_acc=0.07, grad=3.76, bad=0, lr=1.95e-7]
Training GIN (1-WL):  99%|█████████▉| 119/120 [00:47<00:00,  2.02it/s, loss=2.3, test_acc=0.07, grad=3.76, bad=0, lr=1.95e-7]
Training GIN (1-WL):  99%|█████████▉| 119/120 [00:47<00:00,  2.02it/s, loss=2.3, test_acc=0.07, grad=4.11, bad=0, lr=1.95e-7]
Training GIN (1-WL): 100%|██████████| 120/120 [00:47<00:00,  2.01it/s, loss=2.3, test_acc=0.07, grad=4.11, bad=0, lr=1.95e-7]
Training GIN (1-WL): 100%|██████████| 120/120 [00:47<00:00,  2.51it/s, loss=2.3, test_acc=0.07, grad=4.11, bad=0, lr=1.95e-7]

Training FullGET (R=2, stable):   0%|          | 0/120 [00:00<?, ?it/s]
Training FullGET (R=2, stable):   0%|          | 0/120 [00:04<?, ?it/s, loss=2.33, test_acc=0.07, grad=2.72, bad=0, lr=0.0001]
Training FullGET (R=2, stable):   1%|          | 1/120 [00:04<09:33,  4.82s/it, loss=2.33, test_acc=0.07, grad=2.72, bad=0, lr=0.0001]
Training FullGET (R=2, stable):   1%|          | 1/120 [00:09<09:33,  4.82s/it, loss=2.31, test_acc=0.07, grad=2.65, bad=0, lr=0.0001]
Training FullGET (R=2, stable):   2%|▏         | 2/120 [00:09<08:46,  4.47s/it, loss=2.31, test_acc=0.07, grad=2.65, bad=0, lr=0.0001]
Training FullGET (R=2, stable):   2%|▏         | 2/120 [00:13<08:46,  4.47s/it, loss=2.31, test_acc=0.07, grad=2.42, bad=0, lr=0.0001]
Training FullGET (R=2, stable):   2%|▎         | 3/120 [00:13<08:28,  4.35s/it, loss=2.31, test_acc=0.07, grad=2.42, bad=0, lr=0.0001]
Training FullGET (R=2, stable):   2%|▎         | 3/120 [00:17<08:28,  4.35s/it, loss=2.31, test_acc=0.06, grad=2.45, bad=0, lr=0.0001]
Training FullGET (R=2, stable):   3%|▎         | 4/120 [00:17<08:18,  4.30s/it, loss=2.31, test_acc=0.06, grad=2.45, bad=0, lr=0.0001]
Training FullGET (R=2, stable):   3%|▎         | 4/120 [00:21<08:18,  4.30s/it, loss=2.31, test_acc=0.07, grad=2.35, bad=0, lr=0.0001]
Training FullGET (R=2, stable):   4%|▍         | 5/120 [00:21<08:12,  4.28s/it, loss=2.31, test_acc=0.07, grad=2.35, bad=0, lr=0.0001]
Training FullGET (R=2, stable):   4%|▍         | 5/120 [00:25<08:12,  4.28s/it, loss=2.31, test_acc=0.06, grad=2.12, bad=0, lr=0.0001]
Training FullGET (R=2, stable):   5%|▌         | 6/120 [00:25<08:06,  4.27s/it, loss=2.31, test_acc=0.06, grad=2.12, bad=0, lr=0.0001]
Training FullGET (R=2, stable):   5%|▌         | 6/120 [00:30<08:06,  4.27s/it, loss=2.31, test_acc=0.07, grad=2.26, bad=0, lr=0.0001]
Training FullGET (R=2, stable):   6%|▌         | 7/120 [00:30<08:17,  4.40s/it, loss=2.31, test_acc=0.07, grad=2.26, bad=0, lr=0.0001]
Training FullGET (R=2, stable):   6%|▌         | 7/120 [00:35<08:17,  4.40s/it, loss=2.31, test_acc=0.07, grad=2.26, bad=0, lr=0.0001]
Training FullGET (R=2, stable):   7%|▋         | 8/120 [00:35<08:40,  4.64s/it, loss=2.31, test_acc=0.07, grad=2.26, bad=0, lr=0.0001]
Training FullGET (R=2, stable):   7%|▋         | 8/120 [00:40<08:40,  4.64s/it, loss=2.3, test_acc=0.07, grad=2.05, bad=0, lr=0.0001] 
Training FullGET (R=2, stable):   8%|▊         | 9/120 [00:40<08:54,  4.81s/it, loss=2.3, test_acc=0.07, grad=2.05, bad=0, lr=0.0001]
Training FullGET (R=2, stable):   8%|▊         | 9/120 [00:46<08:54,  4.81s/it, loss=2.31, test_acc=0.06, grad=2.11, bad=0, lr=0.0001]
Training FullGET (R=2, stable):   8%|▊         | 10/120 [00:46<08:59,  4.91s/it, loss=2.31, test_acc=0.06, grad=2.11, bad=0, lr=0.0001]
Training FullGET (R=2, stable):   8%|▊         | 10/120 [00:51<08:59,  4.91s/it, loss=2.3, test_acc=0.06, grad=2, bad=0, lr=0.0001]    
Training FullGET (R=2, stable):   9%|▉         | 11/120 [00:51<08:59,  4.95s/it, loss=2.3, test_acc=0.06, grad=2, bad=0, lr=0.0001]
Training FullGET (R=2, stable):   9%|▉         | 11/120 [00:56<08:59,  4.95s/it, loss=2.31, test_acc=0.07, grad=2.04, bad=0, lr=5e-5]
Training FullGET (R=2, stable):  10%|█         | 12/120 [00:56<08:59,  5.00s/it, loss=2.31, test_acc=0.07, grad=2.04, bad=0, lr=5e-5]
Training FullGET (R=2, stable):  10%|█         | 12/120 [01:01<08:59,  5.00s/it, loss=2.3, test_acc=0.07, grad=1.93, bad=0, lr=5e-5] 
Training FullGET (R=2, stable):  11%|█         | 13/120 [01:01<08:56,  5.02s/it, loss=2.3, test_acc=0.07, grad=1.93, bad=0, lr=5e-5]
Training FullGET (R=2, stable):  11%|█         | 13/120 [01:06<08:56,  5.02s/it, loss=2.3, test_acc=0.06, grad=1.87, bad=0, lr=5e-5]
Training FullGET (R=2, stable):  12%|█▏        | 14/120 [01:06<08:52,  5.02s/it, loss=2.3, test_acc=0.06, grad=1.87, bad=0, lr=5e-5]
Training FullGET (R=2, stable):  12%|█▏        | 14/120 [01:11<08:52,  5.02s/it, loss=2.3, test_acc=0.07, grad=1.91, bad=0, lr=5e-5]
Training FullGET (R=2, stable):  12%|█▎        | 15/120 [01:11<08:48,  5.03s/it, loss=2.3, test_acc=0.07, grad=1.91, bad=0, lr=5e-5]
Training FullGET (R=2, stable):  12%|█▎        | 15/120 [01:16<08:48,  5.03s/it, loss=2.3, test_acc=0.07, grad=2.05, bad=0, lr=5e-5]
Training FullGET (R=2, stable):  13%|█▎        | 16/120 [01:16<08:44,  5.05s/it, loss=2.3, test_acc=0.07, grad=2.05, bad=0, lr=5e-5]
Training FullGET (R=2, stable):  13%|█▎        | 16/120 [01:21<08:44,  5.05s/it, loss=2.3, test_acc=0.07, grad=1.94, bad=0, lr=5e-5]
Training FullGET (R=2, stable):  14%|█▍        | 17/120 [01:21<08:40,  5.05s/it, loss=2.3, test_acc=0.07, grad=1.94, bad=0, lr=5e-5]
Training FullGET (R=2, stable):  14%|█▍        | 17/120 [01:26<08:40,  5.05s/it, loss=2.3, test_acc=0.07, grad=2, bad=0, lr=5e-5]   
Training FullGET (R=2, stable):  15%|█▌        | 18/120 [01:26<08:35,  5.05s/it, loss=2.3, test_acc=0.07, grad=2, bad=0, lr=5e-5]
Training FullGET (R=2, stable):  15%|█▌        | 18/120 [01:31<08:35,  5.05s/it, loss=2.3, test_acc=0.07, grad=2.04, bad=0, lr=5e-5]
Training FullGET (R=2, stable):  16%|█▌        | 19/120 [01:31<08:29,  5.04s/it, loss=2.3, test_acc=0.07, grad=2.04, bad=0, lr=5e-5]
Training FullGET (R=2, stable):  16%|█▌        | 19/120 [01:36<08:29,  5.04s/it, loss=2.3, test_acc=0.07, grad=1.98, bad=0, lr=5e-5]
Training FullGET (R=2, stable):  17%|█▋        | 20/120 [01:36<08:27,  5.07s/it, loss=2.3, test_acc=0.07, grad=1.98, bad=0, lr=5e-5]
Training FullGET (R=2, stable):  17%|█▋        | 20/120 [01:41<08:27,  5.07s/it, loss=2.3, test_acc=0.07, grad=1.88, bad=0, lr=5e-5]
Training FullGET (R=2, stable):  18%|█▊        | 21/120 [01:41<08:23,  5.09s/it, loss=2.3, test_acc=0.07, grad=1.88, bad=0, lr=5e-5]
Training FullGET (R=2, stable):  18%|█▊        | 21/120 [01:46<08:23,  5.09s/it, loss=2.3, test_acc=0.07, grad=1.82, bad=0, lr=5e-5]
Training FullGET (R=2, stable):  18%|█▊        | 22/120 [01:46<08:17,  5.08s/it, loss=2.3, test_acc=0.07, grad=1.82, bad=0, lr=5e-5]
Training FullGET (R=2, stable):  18%|█▊        | 22/120 [01:52<08:17,  5.08s/it, loss=2.3, test_acc=0.07, grad=1.84, bad=0, lr=2.5e-5]
Training FullGET (R=2, stable):  19%|█▉        | 23/120 [01:52<08:12,  5.08s/it, loss=2.3, test_acc=0.07, grad=1.84, bad=0, lr=2.5e-5]
Training FullGET (R=2, stable):  19%|█▉        | 23/120 [01:57<08:12,  5.08s/it, loss=2.3, test_acc=0.07, grad=1.9, bad=0, lr=2.5e-5] 
Training FullGET (R=2, stable):  20%|██        | 24/120 [01:57<08:07,  5.08s/it, loss=2.3, test_acc=0.07, grad=1.9, bad=0, lr=2.5e-5]
Training FullGET (R=2, stable):  20%|██        | 24/120 [02:02<08:07,  5.08s/it, loss=2.3, test_acc=0.07, grad=1.84, bad=0, lr=2.5e-5]
Training FullGET (R=2, stable):  21%|██        | 25/120 [02:02<08:01,  5.06s/it, loss=2.3, test_acc=0.07, grad=1.84, bad=0, lr=2.5e-5]
Training FullGET (R=2, stable):  21%|██        | 25/120 [02:07<08:01,  5.06s/it, loss=2.3, test_acc=0.07, grad=1.99, bad=0, lr=2.5e-5]
Training FullGET (R=2, stable):  22%|██▏       | 26/120 [02:07<07:55,  5.06s/it, loss=2.3, test_acc=0.07, grad=1.99, bad=0, lr=2.5e-5]
Training FullGET (R=2, stable):  22%|██▏       | 26/120 [02:12<07:55,  5.06s/it, loss=2.3, test_acc=0.07, grad=1.86, bad=0, lr=2.5e-5]
Training FullGET (R=2, stable):  22%|██▎       | 27/120 [02:12<07:51,  5.07s/it, loss=2.3, test_acc=0.07, grad=1.86, bad=0, lr=2.5e-5]
Training FullGET (R=2, stable):  22%|██▎       | 27/120 [02:17<07:51,  5.07s/it, loss=2.3, test_acc=0.06, grad=1.79, bad=0, lr=2.5e-5]
Training FullGET (R=2, stable):  23%|██▎       | 28/120 [02:17<07:44,  5.05s/it, loss=2.3, test_acc=0.06, grad=1.79, bad=0, lr=2.5e-5]
Training FullGET (R=2, stable):  23%|██▎       | 28/120 [02:22<07:44,  5.05s/it, loss=2.3, test_acc=0.07, grad=1.91, bad=0, lr=2.5e-5]
Training FullGET (R=2, stable):  24%|██▍       | 29/120 [02:22<07:41,  5.07s/it, loss=2.3, test_acc=0.07, grad=1.91, bad=0, lr=2.5e-5]
Training FullGET (R=2, stable):  24%|██▍       | 29/120 [02:27<07:41,  5.07s/it, loss=2.3, test_acc=0.06, grad=1.85, bad=0, lr=2.5e-5]
Training FullGET (R=2, stable):  25%|██▌       | 30/120 [02:27<07:34,  5.05s/it, loss=2.3, test_acc=0.06, grad=1.85, bad=0, lr=2.5e-5]
Training FullGET (R=2, stable):  25%|██▌       | 30/120 [02:32<07:34,  5.05s/it, loss=2.3, test_acc=0.06, grad=1.92, bad=0, lr=2.5e-5]
Training FullGET (R=2, stable):  26%|██▌       | 31/120 [02:32<07:29,  5.05s/it, loss=2.3, test_acc=0.06, grad=1.92, bad=0, lr=2.5e-5]
Training FullGET (R=2, stable):  26%|██▌       | 31/120 [02:37<07:29,  5.05s/it, loss=2.3, test_acc=0.06, grad=1.74, bad=0, lr=2.5e-5]
Training FullGET (R=2, stable):  27%|██▋       | 32/120 [02:37<07:23,  5.04s/it, loss=2.3, test_acc=0.06, grad=1.74, bad=0, lr=2.5e-5]
Training FullGET (R=2, stable):  27%|██▋       | 32/120 [02:42<07:23,  5.04s/it, loss=2.3, test_acc=0.06, grad=2.01, bad=0, lr=2.5e-5]
Training FullGET (R=2, stable):  28%|██▊       | 33/120 [02:42<07:24,  5.11s/it, loss=2.3, test_acc=0.06, grad=2.01, bad=0, lr=2.5e-5]
Training FullGET (R=2, stable):  28%|██▊       | 33/120 [02:47<07:24,  5.11s/it, loss=2.3, test_acc=0.06, grad=2.02, bad=0, lr=1.25e-5]
Training FullGET (R=2, stable):  28%|██▊       | 34/120 [02:47<07:20,  5.12s/it, loss=2.3, test_acc=0.06, grad=2.02, bad=0, lr=1.25e-5]
Training FullGET (R=2, stable):  28%|██▊       | 34/120 [02:52<07:20,  5.12s/it, loss=2.3, test_acc=0.06, grad=1.87, bad=0, lr=1.25e-5]
Training FullGET (R=2, stable):  29%|██▉       | 35/120 [02:52<07:14,  5.11s/it, loss=2.3, test_acc=0.06, grad=1.87, bad=0, lr=1.25e-5]
Training FullGET (R=2, stable):  29%|██▉       | 35/120 [02:58<07:14,  5.11s/it, loss=2.3, test_acc=0.07, grad=1.83, bad=0, lr=1.25e-5]
Training FullGET (R=2, stable):  30%|███       | 36/120 [02:58<07:08,  5.11s/it, loss=2.3, test_acc=0.07, grad=1.83, bad=0, lr=1.25e-5]
Training FullGET (R=2, stable):  30%|███       | 36/120 [03:03<07:08,  5.11s/it, loss=2.3, test_acc=0.06, grad=1.87, bad=0, lr=1.25e-5]
Training FullGET (R=2, stable):  31%|███       | 37/120 [03:03<07:02,  5.09s/it, loss=2.3, test_acc=0.06, grad=1.87, bad=0, lr=1.25e-5]
Training FullGET (R=2, stable):  31%|███       | 37/120 [03:08<07:02,  5.09s/it, loss=2.3, test_acc=0.06, grad=1.83, bad=0, lr=1.25e-5]
Training FullGET (R=2, stable):  32%|███▏      | 38/120 [03:08<06:56,  5.08s/it, loss=2.3, test_acc=0.06, grad=1.83, bad=0, lr=1.25e-5]
Training FullGET (R=2, stable):  32%|███▏      | 38/120 [03:13<06:56,  5.08s/it, loss=2.3, test_acc=0.06, grad=1.79, bad=0, lr=1.25e-5]
Training FullGET (R=2, stable):  32%|███▎      | 39/120 [03:13<06:51,  5.08s/it, loss=2.3, test_acc=0.06, grad=1.79, bad=0, lr=1.25e-5]
Training FullGET (R=2, stable):  32%|███▎      | 39/120 [03:18<06:51,  5.08s/it, loss=2.3, test_acc=0.06, grad=1.83, bad=0, lr=1.25e-5]
Training FullGET (R=2, stable):  33%|███▎      | 40/120 [03:18<06:46,  5.08s/it, loss=2.3, test_acc=0.06, grad=1.83, bad=0, lr=1.25e-5]
Training FullGET (R=2, stable):  33%|███▎      | 40/120 [03:23<06:46,  5.08s/it, loss=2.3, test_acc=0.06, grad=1.89, bad=0, lr=1.25e-5]
Training FullGET (R=2, stable):  34%|███▍      | 41/120 [03:23<06:40,  5.07s/it, loss=2.3, test_acc=0.06, grad=1.89, bad=0, lr=1.25e-5]
Training FullGET (R=2, stable):  34%|███▍      | 41/120 [03:28<06:40,  5.07s/it, loss=2.3, test_acc=0.06, grad=1.96, bad=0, lr=1.25e-5]
Training FullGET (R=2, stable):  35%|███▌      | 42/120 [03:28<06:35,  5.07s/it, loss=2.3, test_acc=0.06, grad=1.96, bad=0, lr=1.25e-5]
Training FullGET (R=2, stable):  35%|███▌      | 42/120 [03:33<06:35,  5.07s/it, loss=2.3, test_acc=0.06, grad=1.83, bad=0, lr=1.25e-5]
Training FullGET (R=2, stable):  36%|███▌      | 43/120 [03:33<06:29,  5.06s/it, loss=2.3, test_acc=0.06, grad=1.83, bad=0, lr=1.25e-5]
Training FullGET (R=2, stable):  36%|███▌      | 43/120 [03:38<06:29,  5.06s/it, loss=2.3, test_acc=0.06, grad=1.78, bad=0, lr=1.25e-5]
Training FullGET (R=2, stable):  37%|███▋      | 44/120 [03:38<06:24,  5.06s/it, loss=2.3, test_acc=0.06, grad=1.78, bad=0, lr=1.25e-5]
Training FullGET (R=2, stable):  37%|███▋      | 44/120 [03:43<06:24,  5.06s/it, loss=2.3, test_acc=0.06, grad=1.86, bad=0, lr=6.25e-6]
Training FullGET (R=2, stable):  38%|███▊      | 45/120 [03:43<06:20,  5.07s/it, loss=2.3, test_acc=0.06, grad=1.86, bad=0, lr=6.25e-6]
Training FullGET (R=2, stable):  38%|███▊      | 45/120 [03:48<06:20,  5.07s/it, loss=2.3, test_acc=0.06, grad=1.71, bad=0, lr=6.25e-6]
Training FullGET (R=2, stable):  38%|███▊      | 46/120 [03:48<06:16,  5.09s/it, loss=2.3, test_acc=0.06, grad=1.71, bad=0, lr=6.25e-6]
Training FullGET (R=2, stable):  38%|███▊      | 46/120 [03:53<06:16,  5.09s/it, loss=2.3, test_acc=0.06, grad=1.82, bad=0, lr=6.25e-6]
Training FullGET (R=2, stable):  39%|███▉      | 47/120 [03:53<06:11,  5.08s/it, loss=2.3, test_acc=0.06, grad=1.82, bad=0, lr=6.25e-6]
Training FullGET (R=2, stable):  39%|███▉      | 47/120 [03:58<06:11,  5.08s/it, loss=2.3, test_acc=0.06, grad=1.83, bad=0, lr=6.25e-6]
Training FullGET (R=2, stable):  40%|████      | 48/120 [03:58<06:06,  5.09s/it, loss=2.3, test_acc=0.06, grad=1.83, bad=0, lr=6.25e-6]
Training FullGET (R=2, stable):  40%|████      | 48/120 [04:03<06:06,  5.09s/it, loss=2.3, test_acc=0.06, grad=1.99, bad=0, lr=6.25e-6]
Training FullGET (R=2, stable):  41%|████      | 49/120 [04:03<06:00,  5.08s/it, loss=2.3, test_acc=0.06, grad=1.99, bad=0, lr=6.25e-6]
Training FullGET (R=2, stable):  41%|████      | 49/120 [04:09<06:00,  5.08s/it, loss=2.3, test_acc=0.06, grad=1.73, bad=0, lr=6.25e-6]
Training FullGET (R=2, stable):  42%|████▏     | 50/120 [04:09<05:54,  5.07s/it, loss=2.3, test_acc=0.06, grad=1.73, bad=0, lr=6.25e-6]
Training FullGET (R=2, stable):  42%|████▏     | 50/120 [04:14<05:54,  5.07s/it, loss=2.3, test_acc=0.06, grad=1.85, bad=0, lr=6.25e-6]
Training FullGET (R=2, stable):  42%|████▎     | 51/120 [04:14<05:49,  5.06s/it, loss=2.3, test_acc=0.06, grad=1.85, bad=0, lr=6.25e-6]
Training FullGET (R=2, stable):  42%|████▎     | 51/120 [04:19<05:49,  5.06s/it, loss=2.3, test_acc=0.06, grad=1.81, bad=0, lr=6.25e-6]
Training FullGET (R=2, stable):  43%|████▎     | 52/120 [04:19<05:43,  5.05s/it, loss=2.3, test_acc=0.06, grad=1.81, bad=0, lr=6.25e-6]
Training FullGET (R=2, stable):  43%|████▎     | 52/120 [04:24<05:43,  5.05s/it, loss=2.3, test_acc=0.06, grad=1.93, bad=0, lr=6.25e-6]
Training FullGET (R=2, stable):  44%|████▍     | 53/120 [04:24<05:38,  5.05s/it, loss=2.3, test_acc=0.06, grad=1.93, bad=0, lr=6.25e-6]
Training FullGET (R=2, stable):  44%|████▍     | 53/120 [04:29<05:38,  5.05s/it, loss=2.3, test_acc=0.06, grad=1.94, bad=0, lr=6.25e-6]
Training FullGET (R=2, stable):  45%|████▌     | 54/120 [04:29<05:33,  5.06s/it, loss=2.3, test_acc=0.06, grad=1.94, bad=0, lr=6.25e-6]
Training FullGET (R=2, stable):  45%|████▌     | 54/120 [04:34<05:33,  5.06s/it, loss=2.3, test_acc=0.06, grad=1.76, bad=0, lr=6.25e-6]
Training FullGET (R=2, stable):  46%|████▌     | 55/120 [04:34<05:30,  5.08s/it, loss=2.3, test_acc=0.06, grad=1.76, bad=0, lr=6.25e-6]
Training FullGET (R=2, stable):  46%|████▌     | 55/120 [04:39<05:30,  5.08s/it, loss=2.3, test_acc=0.06, grad=1.87, bad=0, lr=3.13e-6]
Training FullGET (R=2, stable):  47%|████▋     | 56/120 [04:39<05:26,  5.10s/it, loss=2.3, test_acc=0.06, grad=1.87, bad=0, lr=3.13e-6]
Training FullGET (R=2, stable):  47%|████▋     | 56/120 [04:44<05:26,  5.10s/it, loss=2.3, test_acc=0.06, grad=1.83, bad=0, lr=3.13e-6]
Training FullGET (R=2, stable):  48%|████▊     | 57/120 [04:44<05:22,  5.12s/it, loss=2.3, test_acc=0.06, grad=1.83, bad=0, lr=3.13e-6]
Training FullGET (R=2, stable):  48%|████▊     | 57/120 [04:49<05:22,  5.12s/it, loss=2.3, test_acc=0.06, grad=1.7, bad=0, lr=3.13e-6] 
Training FullGET (R=2, stable):  48%|████▊     | 58/120 [04:49<05:17,  5.12s/it, loss=2.3, test_acc=0.06, grad=1.7, bad=0, lr=3.13e-6]
Training FullGET (R=2, stable):  48%|████▊     | 58/120 [04:54<05:17,  5.12s/it, loss=2.3, test_acc=0.06, grad=1.82, bad=0, lr=3.13e-6]
Training FullGET (R=2, stable):  49%|████▉     | 59/120 [04:54<05:12,  5.12s/it, loss=2.3, test_acc=0.06, grad=1.82, bad=0, lr=3.13e-6]
Training FullGET (R=2, stable):  49%|████▉     | 59/120 [05:00<05:12,  5.12s/it, loss=2.3, test_acc=0.06, grad=1.95, bad=0, lr=3.13e-6]
Training FullGET (R=2, stable):  50%|█████     | 60/120 [05:00<05:07,  5.12s/it, loss=2.3, test_acc=0.06, grad=1.95, bad=0, lr=3.13e-6]
Training FullGET (R=2, stable):  50%|█████     | 60/120 [05:05<05:07,  5.12s/it, loss=2.3, test_acc=0.06, grad=1.8, bad=0, lr=3.13e-6] 
Training FullGET (R=2, stable):  51%|█████     | 61/120 [05:05<05:01,  5.11s/it, loss=2.3, test_acc=0.06, grad=1.8, bad=0, lr=3.13e-6]
Training FullGET (R=2, stable):  51%|█████     | 61/120 [05:10<05:01,  5.11s/it, loss=2.3, test_acc=0.06, grad=1.78, bad=0, lr=3.13e-6]
Training FullGET (R=2, stable):  52%|█████▏    | 62/120 [05:10<04:55,  5.09s/it, loss=2.3, test_acc=0.06, grad=1.78, bad=0, lr=3.13e-6]
Training FullGET (R=2, stable):  52%|█████▏    | 62/120 [05:15<04:55,  5.09s/it, loss=2.3, test_acc=0.06, grad=1.86, bad=0, lr=3.13e-6]
Training FullGET (R=2, stable):  52%|█████▎    | 63/120 [05:15<04:48,  5.07s/it, loss=2.3, test_acc=0.06, grad=1.86, bad=0, lr=3.13e-6]
Training FullGET (R=2, stable):  52%|█████▎    | 63/120 [05:20<04:48,  5.07s/it, loss=2.3, test_acc=0.06, grad=1.88, bad=0, lr=3.13e-6]
Training FullGET (R=2, stable):  53%|█████▎    | 64/120 [05:20<04:43,  5.06s/it, loss=2.3, test_acc=0.06, grad=1.88, bad=0, lr=3.13e-6]
Training FullGET (R=2, stable):  53%|█████▎    | 64/120 [05:25<04:43,  5.06s/it, loss=2.3, test_acc=0.06, grad=1.85, bad=0, lr=3.13e-6]
Training FullGET (R=2, stable):  54%|█████▍    | 65/120 [05:25<04:37,  5.05s/it, loss=2.3, test_acc=0.06, grad=1.85, bad=0, lr=3.13e-6]
Training FullGET (R=2, stable):  54%|█████▍    | 65/120 [05:30<04:37,  5.05s/it, loss=2.3, test_acc=0.06, grad=1.73, bad=0, lr=3.13e-6]
Training FullGET (R=2, stable):  55%|█████▌    | 66/120 [05:30<04:31,  5.04s/it, loss=2.3, test_acc=0.06, grad=1.73, bad=0, lr=3.13e-6]
Training FullGET (R=2, stable):  55%|█████▌    | 66/120 [05:35<04:31,  5.04s/it, loss=2.3, test_acc=0.06, grad=1.89, bad=0, lr=1.56e-6]
Training FullGET (R=2, stable):  56%|█████▌    | 67/120 [05:35<04:27,  5.04s/it, loss=2.3, test_acc=0.06, grad=1.89, bad=0, lr=1.56e-6]
Training FullGET (R=2, stable):  56%|█████▌    | 67/120 [05:40<04:27,  5.04s/it, loss=2.3, test_acc=0.06, grad=1.87, bad=0, lr=1.56e-6]
Training FullGET (R=2, stable):  57%|█████▋    | 68/120 [05:40<04:24,  5.09s/it, loss=2.3, test_acc=0.06, grad=1.87, bad=0, lr=1.56e-6]
Training FullGET (R=2, stable):  57%|█████▋    | 68/120 [05:45<04:24,  5.09s/it, loss=2.3, test_acc=0.06, grad=1.83, bad=0, lr=1.56e-6]
Training FullGET (R=2, stable):  57%|█████▊    | 69/120 [05:45<04:19,  5.09s/it, loss=2.3, test_acc=0.06, grad=1.83, bad=0, lr=1.56e-6]
Training FullGET (R=2, stable):  57%|█████▊    | 69/120 [05:50<04:19,  5.09s/it, loss=2.3, test_acc=0.06, grad=1.76, bad=0, lr=1.56e-6]
Training FullGET (R=2, stable):  58%|█████▊    | 70/120 [05:50<04:14,  5.09s/it, loss=2.3, test_acc=0.06, grad=1.76, bad=0, lr=1.56e-6]
Training FullGET (R=2, stable):  58%|█████▊    | 70/120 [05:55<04:14,  5.09s/it, loss=2.3, test_acc=0.06, grad=1.81, bad=0, lr=1.56e-6]
Training FullGET (R=2, stable):  59%|█████▉    | 71/120 [05:55<04:09,  5.09s/it, loss=2.3, test_acc=0.06, grad=1.81, bad=0, lr=1.56e-6]
Training FullGET (R=2, stable):  59%|█████▉    | 71/120 [06:00<04:09,  5.09s/it, loss=2.3, test_acc=0.06, grad=1.81, bad=0, lr=1.56e-6]
Training FullGET (R=2, stable):  60%|██████    | 72/120 [06:00<04:04,  5.09s/it, loss=2.3, test_acc=0.06, grad=1.81, bad=0, lr=1.56e-6]
Training FullGET (R=2, stable):  60%|██████    | 72/120 [06:05<04:04,  5.09s/it, loss=2.3, test_acc=0.06, grad=1.84, bad=0, lr=1.56e-6]
Training FullGET (R=2, stable):  61%|██████    | 73/120 [06:05<03:58,  5.08s/it, loss=2.3, test_acc=0.06, grad=1.84, bad=0, lr=1.56e-6]
Training FullGET (R=2, stable):  61%|██████    | 73/120 [06:10<03:58,  5.08s/it, loss=2.3, test_acc=0.06, grad=1.84, bad=0, lr=1.56e-6]
Training FullGET (R=2, stable):  62%|██████▏   | 74/120 [06:10<03:53,  5.07s/it, loss=2.3, test_acc=0.06, grad=1.84, bad=0, lr=1.56e-6]
Training FullGET (R=2, stable):  62%|██████▏   | 74/120 [06:15<03:53,  5.07s/it, loss=2.3, test_acc=0.06, grad=1.91, bad=0, lr=1.56e-6]
Training FullGET (R=2, stable):  62%|██████▎   | 75/120 [06:15<03:47,  5.06s/it, loss=2.3, test_acc=0.06, grad=1.91, bad=0, lr=1.56e-6]
Training FullGET (R=2, stable):  62%|██████▎   | 75/120 [06:21<03:47,  5.06s/it, loss=2.3, test_acc=0.06, grad=1.86, bad=0, lr=1.56e-6]
Training FullGET (R=2, stable):  63%|██████▎   | 76/120 [06:21<03:42,  5.06s/it, loss=2.3, test_acc=0.06, grad=1.86, bad=0, lr=1.56e-6]
Training FullGET (R=2, stable):  63%|██████▎   | 76/120 [06:26<03:42,  5.06s/it, loss=2.3, test_acc=0.06, grad=1.82, bad=0, lr=1.56e-6]
Training FullGET (R=2, stable):  64%|██████▍   | 77/120 [06:26<03:37,  5.06s/it, loss=2.3, test_acc=0.06, grad=1.82, bad=0, lr=1.56e-6]
Training FullGET (R=2, stable):  64%|██████▍   | 77/120 [06:31<03:37,  5.06s/it, loss=2.3, test_acc=0.06, grad=1.77, bad=0, lr=7.81e-7]
Training FullGET (R=2, stable):  65%|██████▌   | 78/120 [06:31<03:32,  5.06s/it, loss=2.3, test_acc=0.06, grad=1.77, bad=0, lr=7.81e-7]
Training FullGET (R=2, stable):  65%|██████▌   | 78/120 [06:36<03:32,  5.06s/it, loss=2.3, test_acc=0.06, grad=1.9, bad=0, lr=7.81e-7] 
Training FullGET (R=2, stable):  66%|██████▌   | 79/120 [06:36<03:27,  5.07s/it, loss=2.3, test_acc=0.06, grad=1.9, bad=0, lr=7.81e-7]
Training FullGET (R=2, stable):  66%|██████▌   | 79/120 [06:41<03:27,  5.07s/it, loss=2.3, test_acc=0.06, grad=1.81, bad=0, lr=7.81e-7]
Training FullGET (R=2, stable):  67%|██████▋   | 80/120 [06:41<03:23,  5.10s/it, loss=2.3, test_acc=0.06, grad=1.81, bad=0, lr=7.81e-7]
Training FullGET (R=2, stable):  67%|██████▋   | 80/120 [06:46<03:23,  5.10s/it, loss=2.3, test_acc=0.06, grad=1.76, bad=0, lr=7.81e-7]
Training FullGET (R=2, stable):  68%|██████▊   | 81/120 [06:46<03:18,  5.10s/it, loss=2.3, test_acc=0.06, grad=1.76, bad=0, lr=7.81e-7]
Training FullGET (R=2, stable):  68%|██████▊   | 81/120 [06:51<03:18,  5.10s/it, loss=2.3, test_acc=0.06, grad=1.8, bad=0, lr=7.81e-7] 
Training FullGET (R=2, stable):  68%|██████▊   | 82/120 [06:51<03:13,  5.09s/it, loss=2.3, test_acc=0.06, grad=1.8, bad=0, lr=7.81e-7]
Training FullGET (R=2, stable):  68%|██████▊   | 82/120 [06:56<03:13,  5.09s/it, loss=2.3, test_acc=0.06, grad=1.87, bad=0, lr=7.81e-7]
Training FullGET (R=2, stable):  69%|██████▉   | 83/120 [06:56<03:08,  5.09s/it, loss=2.3, test_acc=0.06, grad=1.87, bad=0, lr=7.81e-7]
Training FullGET (R=2, stable):  69%|██████▉   | 83/120 [07:01<03:08,  5.09s/it, loss=2.3, test_acc=0.06, grad=1.89, bad=0, lr=7.81e-7]
Training FullGET (R=2, stable):  70%|███████   | 84/120 [07:01<03:03,  5.10s/it, loss=2.3, test_acc=0.06, grad=1.89, bad=0, lr=7.81e-7]
Training FullGET (R=2, stable):  70%|███████   | 84/120 [07:06<03:03,  5.10s/it, loss=2.3, test_acc=0.06, grad=1.79, bad=0, lr=7.81e-7]
Training FullGET (R=2, stable):  71%|███████   | 85/120 [07:06<02:57,  5.07s/it, loss=2.3, test_acc=0.06, grad=1.79, bad=0, lr=7.81e-7]
Training FullGET (R=2, stable):  71%|███████   | 85/120 [07:11<02:57,  5.07s/it, loss=2.3, test_acc=0.06, grad=1.79, bad=0, lr=7.81e-7]
Training FullGET (R=2, stable):  72%|███████▏  | 86/120 [07:11<02:52,  5.06s/it, loss=2.3, test_acc=0.06, grad=1.79, bad=0, lr=7.81e-7]
Training FullGET (R=2, stable):  72%|███████▏  | 86/120 [07:16<02:52,  5.06s/it, loss=2.3, test_acc=0.06, grad=1.78, bad=0, lr=7.81e-7]
Training FullGET (R=2, stable):  72%|███████▎  | 87/120 [07:16<02:47,  5.07s/it, loss=2.3, test_acc=0.06, grad=1.78, bad=0, lr=7.81e-7]
Training FullGET (R=2, stable):  72%|███████▎  | 87/120 [07:21<02:47,  5.07s/it, loss=2.3, test_acc=0.06, grad=2, bad=0, lr=7.81e-7]   
Training FullGET (R=2, stable):  73%|███████▎  | 88/120 [07:21<02:41,  5.05s/it, loss=2.3, test_acc=0.06, grad=2, bad=0, lr=7.81e-7]
Training FullGET (R=2, stable):  73%|███████▎  | 88/120 [07:27<02:41,  5.05s/it, loss=2.3, test_acc=0.06, grad=1.91, bad=0, lr=3.91e-7]
Training FullGET (R=2, stable):  74%|███████▍  | 89/120 [07:27<02:36,  5.06s/it, loss=2.3, test_acc=0.06, grad=1.91, bad=0, lr=3.91e-7]
Training FullGET (R=2, stable):  74%|███████▍  | 89/120 [07:32<02:36,  5.06s/it, loss=2.3, test_acc=0.06, grad=1.75, bad=0, lr=3.91e-7]
Training FullGET (R=2, stable):  75%|███████▌  | 90/120 [07:32<02:31,  5.06s/it, loss=2.3, test_acc=0.06, grad=1.75, bad=0, lr=3.91e-7]
Training FullGET (R=2, stable):  75%|███████▌  | 90/120 [07:37<02:31,  5.06s/it, loss=2.3, test_acc=0.06, grad=1.72, bad=0, lr=3.91e-7]
Training FullGET (R=2, stable):  76%|███████▌  | 91/120 [07:37<02:27,  5.07s/it, loss=2.3, test_acc=0.06, grad=1.72, bad=0, lr=3.91e-7]
Training FullGET (R=2, stable):  76%|███████▌  | 91/120 [07:42<02:27,  5.07s/it, loss=2.3, test_acc=0.06, grad=1.85, bad=0, lr=3.91e-7]
Training FullGET (R=2, stable):  77%|███████▋  | 92/120 [07:42<02:23,  5.11s/it, loss=2.3, test_acc=0.06, grad=1.85, bad=0, lr=3.91e-7]
Training FullGET (R=2, stable):  77%|███████▋  | 92/120 [07:47<02:23,  5.11s/it, loss=2.3, test_acc=0.06, grad=1.91, bad=0, lr=3.91e-7]
Training FullGET (R=2, stable):  78%|███████▊  | 93/120 [07:47<02:18,  5.12s/it, loss=2.3, test_acc=0.06, grad=1.91, bad=0, lr=3.91e-7]
Training FullGET (R=2, stable):  78%|███████▊  | 93/120 [07:52<02:18,  5.12s/it, loss=2.3, test_acc=0.06, grad=1.85, bad=0, lr=3.91e-7]
Training FullGET (R=2, stable):  78%|███████▊  | 94/120 [07:52<02:12,  5.10s/it, loss=2.3, test_acc=0.06, grad=1.85, bad=0, lr=3.91e-7]
Training FullGET (R=2, stable):  78%|███████▊  | 94/120 [07:57<02:12,  5.10s/it, loss=2.3, test_acc=0.06, grad=1.89, bad=0, lr=3.91e-7]
Training FullGET (R=2, stable):  79%|███████▉  | 95/120 [07:57<02:06,  5.07s/it, loss=2.3, test_acc=0.06, grad=1.89, bad=0, lr=3.91e-7]
Training FullGET (R=2, stable):  79%|███████▉  | 95/120 [08:02<02:06,  5.07s/it, loss=2.3, test_acc=0.06, grad=1.81, bad=0, lr=3.91e-7]
Training FullGET (R=2, stable):  80%|████████  | 96/120 [08:02<02:01,  5.07s/it, loss=2.3, test_acc=0.06, grad=1.81, bad=0, lr=3.91e-7]
Training FullGET (R=2, stable):  80%|████████  | 96/120 [08:07<02:01,  5.07s/it, loss=2.3, test_acc=0.06, grad=1.78, bad=0, lr=3.91e-7]
Training FullGET (R=2, stable):  81%|████████  | 97/120 [08:07<01:56,  5.06s/it, loss=2.3, test_acc=0.06, grad=1.78, bad=0, lr=3.91e-7]
Training FullGET (R=2, stable):  81%|████████  | 97/120 [08:12<01:56,  5.06s/it, loss=2.3, test_acc=0.06, grad=1.76, bad=0, lr=3.91e-7]
Training FullGET (R=2, stable):  82%|████████▏ | 98/120 [08:12<01:51,  5.06s/it, loss=2.3, test_acc=0.06, grad=1.76, bad=0, lr=3.91e-7]
Training FullGET (R=2, stable):  82%|████████▏ | 98/120 [08:17<01:51,  5.06s/it, loss=2.3, test_acc=0.06, grad=1.89, bad=0, lr=3.91e-7]
Training FullGET (R=2, stable):  82%|████████▎ | 99/120 [08:17<01:46,  5.07s/it, loss=2.3, test_acc=0.06, grad=1.89, bad=0, lr=3.91e-7]
Training FullGET (R=2, stable):  82%|████████▎ | 99/120 [08:22<01:46,  5.07s/it, loss=2.3, test_acc=0.06, grad=1.87, bad=0, lr=1.95e-7]
Training FullGET (R=2, stable):  83%|████████▎ | 100/120 [08:22<01:41,  5.08s/it, loss=2.3, test_acc=0.06, grad=1.87, bad=0, lr=1.95e-7]
Training FullGET (R=2, stable):  83%|████████▎ | 100/120 [08:28<01:41,  5.08s/it, loss=2.3, test_acc=0.06, grad=1.93, bad=0, lr=1.95e-7]
Training FullGET (R=2, stable):  84%|████████▍ | 101/120 [08:28<01:36,  5.08s/it, loss=2.3, test_acc=0.06, grad=1.93, bad=0, lr=1.95e-7]
Training FullGET (R=2, stable):  84%|████████▍ | 101/120 [08:33<01:36,  5.08s/it, loss=2.3, test_acc=0.06, grad=1.78, bad=0, lr=1.95e-7]
Training FullGET (R=2, stable):  85%|████████▌ | 102/120 [08:33<01:31,  5.08s/it, loss=2.3, test_acc=0.06, grad=1.78, bad=0, lr=1.95e-7]
Training FullGET (R=2, stable):  85%|████████▌ | 102/120 [08:38<01:31,  5.08s/it, loss=2.3, test_acc=0.06, grad=1.74, bad=0, lr=1.95e-7]
Training FullGET (R=2, stable):  86%|████████▌ | 103/120 [08:38<01:26,  5.10s/it, loss=2.3, test_acc=0.06, grad=1.74, bad=0, lr=1.95e-7]
Training FullGET (R=2, stable):  86%|████████▌ | 103/120 [08:43<01:26,  5.10s/it, loss=2.3, test_acc=0.06, grad=1.79, bad=0, lr=1.95e-7]
Training FullGET (R=2, stable):  87%|████████▋ | 104/120 [08:43<01:21,  5.10s/it, loss=2.3, test_acc=0.06, grad=1.79, bad=0, lr=1.95e-7]
Training FullGET (R=2, stable):  87%|████████▋ | 104/120 [08:48<01:21,  5.10s/it, loss=2.3, test_acc=0.06, grad=1.85, bad=0, lr=1.95e-7]
Training FullGET (R=2, stable):  88%|████████▊ | 105/120 [08:48<01:16,  5.08s/it, loss=2.3, test_acc=0.06, grad=1.85, bad=0, lr=1.95e-7]
Training FullGET (R=2, stable):  88%|████████▊ | 105/120 [08:53<01:16,  5.08s/it, loss=2.3, test_acc=0.06, grad=1.85, bad=0, lr=1.95e-7]
Training FullGET (R=2, stable):  88%|████████▊ | 106/120 [08:53<01:10,  5.07s/it, loss=2.3, test_acc=0.06, grad=1.85, bad=0, lr=1.95e-7]
Training FullGET (R=2, stable):  88%|████████▊ | 106/120 [08:58<01:10,  5.07s/it, loss=2.3, test_acc=0.06, grad=1.75, bad=0, lr=1.95e-7]
Training FullGET (R=2, stable):  89%|████████▉ | 107/120 [08:58<01:05,  5.07s/it, loss=2.3, test_acc=0.06, grad=1.75, bad=0, lr=1.95e-7]
Training FullGET (R=2, stable):  89%|████████▉ | 107/120 [09:03<01:05,  5.07s/it, loss=2.3, test_acc=0.06, grad=1.83, bad=0, lr=1.95e-7]
Training FullGET (R=2, stable):  90%|█████████ | 108/120 [09:03<01:00,  5.08s/it, loss=2.3, test_acc=0.06, grad=1.83, bad=0, lr=1.95e-7]
Training FullGET (R=2, stable):  90%|█████████ | 108/120 [09:08<01:00,  5.08s/it, loss=2.3, test_acc=0.06, grad=1.78, bad=0, lr=1.95e-7]
Training FullGET (R=2, stable):  91%|█████████ | 109/120 [09:08<00:55,  5.09s/it, loss=2.3, test_acc=0.06, grad=1.78, bad=0, lr=1.95e-7]
Training FullGET (R=2, stable):  91%|█████████ | 109/120 [09:13<00:55,  5.09s/it, loss=2.3, test_acc=0.06, grad=1.77, bad=0, lr=1.95e-7]
Training FullGET (R=2, stable):  92%|█████████▏| 110/120 [09:13<00:50,  5.08s/it, loss=2.3, test_acc=0.06, grad=1.77, bad=0, lr=1.95e-7]
Training FullGET (R=2, stable):  92%|█████████▏| 110/120 [09:18<00:50,  5.08s/it, loss=2.3, test_acc=0.06, grad=1.87, bad=0, lr=9.77e-8]
Training FullGET (R=2, stable):  92%|█████████▎| 111/120 [09:18<00:45,  5.05s/it, loss=2.3, test_acc=0.06, grad=1.87, bad=0, lr=9.77e-8]
Training FullGET (R=2, stable):  92%|█████████▎| 111/120 [09:23<00:45,  5.05s/it, loss=2.3, test_acc=0.06, grad=1.81, bad=0, lr=9.77e-8]
Training FullGET (R=2, stable):  93%|█████████▎| 112/120 [09:23<00:40,  5.05s/it, loss=2.3, test_acc=0.06, grad=1.81, bad=0, lr=9.77e-8]
Training FullGET (R=2, stable):  93%|█████████▎| 112/120 [09:28<00:40,  5.05s/it, loss=2.3, test_acc=0.06, grad=1.86, bad=0, lr=9.77e-8]
Training FullGET (R=2, stable):  94%|█████████▍| 113/120 [09:28<00:35,  5.06s/it, loss=2.3, test_acc=0.06, grad=1.86, bad=0, lr=9.77e-8]
Training FullGET (R=2, stable):  94%|█████████▍| 113/120 [09:33<00:35,  5.06s/it, loss=2.3, test_acc=0.06, grad=1.93, bad=0, lr=9.77e-8]
Training FullGET (R=2, stable):  95%|█████████▌| 114/120 [09:33<00:30,  5.06s/it, loss=2.3, test_acc=0.06, grad=1.93, bad=0, lr=9.77e-8]
Training FullGET (R=2, stable):  95%|█████████▌| 114/120 [09:39<00:30,  5.06s/it, loss=2.3, test_acc=0.06, grad=1.82, bad=0, lr=9.77e-8]
Training FullGET (R=2, stable):  96%|█████████▌| 115/120 [09:39<00:25,  5.07s/it, loss=2.3, test_acc=0.06, grad=1.82, bad=0, lr=9.77e-8]
Training FullGET (R=2, stable):  96%|█████████▌| 115/120 [09:44<00:25,  5.07s/it, loss=2.3, test_acc=0.06, grad=1.86, bad=0, lr=9.77e-8]
Training FullGET (R=2, stable):  97%|█████████▋| 116/120 [09:44<00:20,  5.08s/it, loss=2.3, test_acc=0.06, grad=1.86, bad=0, lr=9.77e-8]
Training FullGET (R=2, stable):  97%|█████████▋| 116/120 [09:49<00:20,  5.08s/it, loss=2.3, test_acc=0.06, grad=1.76, bad=0, lr=9.77e-8]
Training FullGET (R=2, stable):  98%|█████████▊| 117/120 [09:49<00:15,  5.06s/it, loss=2.3, test_acc=0.06, grad=1.76, bad=0, lr=9.77e-8]
Training FullGET (R=2, stable):  98%|█████████▊| 117/120 [09:54<00:15,  5.06s/it, loss=2.3, test_acc=0.06, grad=1.85, bad=0, lr=9.77e-8]
Training FullGET (R=2, stable):  98%|█████████▊| 118/120 [09:54<00:10,  5.05s/it, loss=2.3, test_acc=0.06, grad=1.85, bad=0, lr=9.77e-8]
Training FullGET (R=2, stable):  98%|█████████▊| 118/120 [09:59<00:10,  5.05s/it, loss=2.3, test_acc=0.06, grad=1.82, bad=0, lr=9.77e-8]
Training FullGET (R=2, stable):  99%|█████████▉| 119/120 [09:59<00:05,  5.05s/it, loss=2.3, test_acc=0.06, grad=1.82, bad=0, lr=9.77e-8]
Training FullGET (R=2, stable):  99%|█████████▉| 119/120 [10:04<00:05,  5.05s/it, loss=2.3, test_acc=0.06, grad=1.9, bad=0, lr=9.77e-8] 
Training FullGET (R=2, stable): 100%|██████████| 120/120 [10:04<00:00,  5.05s/it, loss=2.3, test_acc=0.06, grad=1.9, bad=0, lr=9.77e-8]
Training FullGET (R=2, stable): 100%|██████████| 120/120 [10:04<00:00,  5.04s/it, loss=2.3, test_acc=0.06, grad=1.9, bad=0, lr=9.77e-8]
Warning: Ignoring XDG_SESSION_TYPE=wayland on Gnome. Use QT_QPA_PLATFORM=wayland to run on Wayland anyway.
Using device: cuda
Generating CSL dataset (uniform features)

RESULTS: CSL EXPRESSIVITY
PairwiseGET Accuracy: 0.0700
GIN Baseline Accuracy: 0.1200
FullGET Accuracy:     0.0700
Plot saved to code/outputs/exp3_csl_expressivity.png
