
Classes:   0%|          | 0/10 [00:00<?, ?it/s]
Classes: 100%|██████████| 10/10 [00:00<00:00, 95.26it/s]
Classes: 100%|██████████| 10/10 [00:00<00:00, 95.09it/s]

Training PairwiseGET (1-WL):   0%|          | 0/120 [00:00<?, ?it/s]
Training PairwiseGET (1-WL):   0%|          | 0/120 [00:03<?, ?it/s, loss=2.33, test_acc=0.07, grad=2.82, bad=0, lr=0.0001]
Training PairwiseGET (1-WL):   1%|          | 1/120 [00:03<06:32,  3.30s/it, loss=2.33, test_acc=0.07, grad=2.82, bad=0, lr=0.0001]
Training PairwiseGET (1-WL):   1%|          | 1/120 [00:06<06:32,  3.30s/it, loss=2.31, test_acc=0.07, grad=2.38, bad=0, lr=0.0001]
Training PairwiseGET (1-WL):   2%|▏         | 2/120 [00:06<05:58,  3.04s/it, loss=2.31, test_acc=0.07, grad=2.38, bad=0, lr=0.0001]
Training PairwiseGET (1-WL):   2%|▏         | 2/120 [00:09<05:58,  3.04s/it, loss=2.31, test_acc=0.07, grad=2.14, bad=0, lr=0.0001]
Training PairwiseGET (1-WL):   2%|▎         | 3/120 [00:09<05:51,  3.01s/it, loss=2.31, test_acc=0.07, grad=2.14, bad=0, lr=0.0001]
Training PairwiseGET (1-WL):   2%|▎         | 3/120 [00:12<05:51,  3.01s/it, loss=2.31, test_acc=0.07, grad=2.12, bad=0, lr=0.0001]
Training PairwiseGET (1-WL):   3%|▎         | 4/120 [00:12<05:44,  2.97s/it, loss=2.31, test_acc=0.07, grad=2.12, bad=0, lr=0.0001]
Training PairwiseGET (1-WL):   3%|▎         | 4/120 [00:15<05:44,  2.97s/it, loss=2.31, test_acc=0.06, grad=2.03, bad=0, lr=0.0001]
Training PairwiseGET (1-WL):   4%|▍         | 5/120 [00:15<05:41,  2.97s/it, loss=2.31, test_acc=0.06, grad=2.03, bad=0, lr=0.0001]
Training PairwiseGET (1-WL):   4%|▍         | 5/120 [00:18<05:41,  2.97s/it, loss=2.31, test_acc=0.06, grad=1.94, bad=0, lr=0.0001]
Training PairwiseGET (1-WL):   5%|▌         | 6/120 [00:18<05:42,  3.00s/it, loss=2.31, test_acc=0.06, grad=1.94, bad=0, lr=0.0001]
Training PairwiseGET (1-WL):   5%|▌         | 6/120 [00:20<05:42,  3.00s/it, loss=2.3, test_acc=0.06, grad=2.05, bad=0, lr=0.0001] 
Training PairwiseGET (1-WL):   6%|▌         | 7/120 [00:20<05:34,  2.96s/it, loss=2.3, test_acc=0.06, grad=2.05, bad=0, lr=0.0001]
Training PairwiseGET (1-WL):   6%|▌         | 7/120 [00:23<05:34,  2.96s/it, loss=2.3, test_acc=0.06, grad=1.82, bad=0, lr=0.0001]
Training PairwiseGET (1-WL):   7%|▋         | 8/120 [00:23<05:29,  2.94s/it, loss=2.3, test_acc=0.06, grad=1.82, bad=0, lr=0.0001]
Training PairwiseGET (1-WL):   7%|▋         | 8/120 [00:26<05:29,  2.94s/it, loss=2.31, test_acc=0.06, grad=2.07, bad=0, lr=0.0001]
Training PairwiseGET (1-WL):   8%|▊         | 9/120 [00:26<05:28,  2.96s/it, loss=2.31, test_acc=0.06, grad=2.07, bad=0, lr=0.0001]
Training PairwiseGET (1-WL):   8%|▊         | 9/120 [00:29<05:28,  2.96s/it, loss=2.3, test_acc=0.07, grad=1.85, bad=0, lr=0.0001] 
Training PairwiseGET (1-WL):   8%|▊         | 10/120 [00:29<05:22,  2.93s/it, loss=2.3, test_acc=0.07, grad=1.85, bad=0, lr=0.0001]
Training PairwiseGET (1-WL):   8%|▊         | 10/120 [00:32<05:22,  2.93s/it, loss=2.31, test_acc=0.06, grad=1.83, bad=0, lr=0.0001]
Training PairwiseGET (1-WL):   9%|▉         | 11/120 [00:32<05:18,  2.92s/it, loss=2.31, test_acc=0.06, grad=1.83, bad=0, lr=0.0001]
Training PairwiseGET (1-WL):   9%|▉         | 11/120 [00:35<05:18,  2.92s/it, loss=2.3, test_acc=0.07, grad=1.71, bad=0, lr=5e-5]   
Training PairwiseGET (1-WL):  10%|█         | 12/120 [00:35<05:15,  2.92s/it, loss=2.3, test_acc=0.07, grad=1.71, bad=0, lr=5e-5]
Training PairwiseGET (1-WL):  10%|█         | 12/120 [00:38<05:15,  2.92s/it, loss=2.3, test_acc=0.06, grad=1.7, bad=0, lr=5e-5] 
Training PairwiseGET (1-WL):  11%|█         | 13/120 [00:38<05:13,  2.93s/it, loss=2.3, test_acc=0.06, grad=1.7, bad=0, lr=5e-5]
Training PairwiseGET (1-WL):  11%|█         | 13/120 [00:41<05:13,  2.93s/it, loss=2.3, test_acc=0.06, grad=1.74, bad=0, lr=5e-5]
Training PairwiseGET (1-WL):  12%|█▏        | 14/120 [00:41<05:10,  2.93s/it, loss=2.3, test_acc=0.06, grad=1.74, bad=0, lr=5e-5]
Training PairwiseGET (1-WL):  12%|█▏        | 14/120 [00:44<05:10,  2.93s/it, loss=2.3, test_acc=0.06, grad=1.81, bad=0, lr=5e-5]
Training PairwiseGET (1-WL):  12%|█▎        | 15/120 [00:44<05:05,  2.91s/it, loss=2.3, test_acc=0.06, grad=1.81, bad=0, lr=5e-5]
Training PairwiseGET (1-WL):  12%|█▎        | 15/120 [00:47<05:05,  2.91s/it, loss=2.3, test_acc=0.06, grad=1.68, bad=0, lr=5e-5]
Training PairwiseGET (1-WL):  13%|█▎        | 16/120 [00:47<05:06,  2.94s/it, loss=2.3, test_acc=0.06, grad=1.68, bad=0, lr=5e-5]
Training PairwiseGET (1-WL):  13%|█▎        | 16/120 [00:50<05:06,  2.94s/it, loss=2.3, test_acc=0.07, grad=1.66, bad=0, lr=5e-5]
Training PairwiseGET (1-WL):  14%|█▍        | 17/120 [00:50<05:03,  2.95s/it, loss=2.3, test_acc=0.07, grad=1.66, bad=0, lr=5e-5]
Training PairwiseGET (1-WL):  14%|█▍        | 17/120 [00:53<05:03,  2.95s/it, loss=2.3, test_acc=0.07, grad=1.63, bad=0, lr=5e-5]
Training PairwiseGET (1-WL):  15%|█▌        | 18/120 [00:53<05:01,  2.95s/it, loss=2.3, test_acc=0.07, grad=1.63, bad=0, lr=5e-5]
Training PairwiseGET (1-WL):  15%|█▌        | 18/120 [00:56<05:01,  2.95s/it, loss=2.3, test_acc=0.06, grad=1.65, bad=0, lr=5e-5]
Training PairwiseGET (1-WL):  16%|█▌        | 19/120 [00:56<04:59,  2.97s/it, loss=2.3, test_acc=0.06, grad=1.65, bad=0, lr=5e-5]
Training PairwiseGET (1-WL):  16%|█▌        | 19/120 [00:59<04:59,  2.97s/it, loss=2.3, test_acc=0.06, grad=1.69, bad=0, lr=5e-5]
Training PairwiseGET (1-WL):  17%|█▋        | 20/120 [00:59<04:55,  2.96s/it, loss=2.3, test_acc=0.06, grad=1.69, bad=0, lr=5e-5]
Training PairwiseGET (1-WL):  17%|█▋        | 20/120 [01:02<04:55,  2.96s/it, loss=2.3, test_acc=0.06, grad=1.75, bad=0, lr=5e-5]
Training PairwiseGET (1-WL):  18%|█▊        | 21/120 [01:02<04:52,  2.95s/it, loss=2.3, test_acc=0.06, grad=1.75, bad=0, lr=5e-5]
Training PairwiseGET (1-WL):  18%|█▊        | 21/120 [01:04<04:52,  2.95s/it, loss=2.3, test_acc=0.07, grad=1.6, bad=0, lr=5e-5] 
Training PairwiseGET (1-WL):  18%|█▊        | 22/120 [01:04<04:47,  2.93s/it, loss=2.3, test_acc=0.07, grad=1.6, bad=0, lr=5e-5]
Training PairwiseGET (1-WL):  18%|█▊        | 22/120 [01:07<04:47,  2.93s/it, loss=2.3, test_acc=0.07, grad=1.55, bad=0, lr=2.5e-5]
Training PairwiseGET (1-WL):  19%|█▉        | 23/120 [01:07<04:42,  2.92s/it, loss=2.3, test_acc=0.07, grad=1.55, bad=0, lr=2.5e-5]
Training PairwiseGET (1-WL):  19%|█▉        | 23/120 [01:10<04:42,  2.92s/it, loss=2.3, test_acc=0.07, grad=1.66, bad=0, lr=2.5e-5]
Training PairwiseGET (1-WL):  20%|██        | 24/120 [01:10<04:40,  2.92s/it, loss=2.3, test_acc=0.07, grad=1.66, bad=0, lr=2.5e-5]
Training PairwiseGET (1-WL):  20%|██        | 24/120 [01:13<04:40,  2.92s/it, loss=2.3, test_acc=0.06, grad=1.68, bad=0, lr=2.5e-5]
Training PairwiseGET (1-WL):  21%|██        | 25/120 [01:13<04:36,  2.91s/it, loss=2.3, test_acc=0.06, grad=1.68, bad=0, lr=2.5e-5]
Training PairwiseGET (1-WL):  21%|██        | 25/120 [01:16<04:36,  2.91s/it, loss=2.3, test_acc=0.06, grad=1.67, bad=0, lr=2.5e-5]
Training PairwiseGET (1-WL):  22%|██▏       | 26/120 [01:16<04:32,  2.90s/it, loss=2.3, test_acc=0.06, grad=1.67, bad=0, lr=2.5e-5]
Training PairwiseGET (1-WL):  22%|██▏       | 26/120 [01:19<04:32,  2.90s/it, loss=2.3, test_acc=0.06, grad=1.7, bad=0, lr=2.5e-5] 
Training PairwiseGET (1-WL):  22%|██▎       | 27/120 [01:19<04:29,  2.90s/it, loss=2.3, test_acc=0.06, grad=1.7, bad=0, lr=2.5e-5]
Training PairwiseGET (1-WL):  22%|██▎       | 27/120 [01:22<04:29,  2.90s/it, loss=2.3, test_acc=0.07, grad=1.71, bad=0, lr=2.5e-5]
Training PairwiseGET (1-WL):  23%|██▎       | 28/120 [01:22<04:29,  2.93s/it, loss=2.3, test_acc=0.07, grad=1.71, bad=0, lr=2.5e-5]
Training PairwiseGET (1-WL):  23%|██▎       | 28/120 [01:25<04:29,  2.93s/it, loss=2.3, test_acc=0.06, grad=1.69, bad=0, lr=2.5e-5]
Training PairwiseGET (1-WL):  24%|██▍       | 29/120 [01:25<04:24,  2.91s/it, loss=2.3, test_acc=0.06, grad=1.69, bad=0, lr=2.5e-5]
Training PairwiseGET (1-WL):  24%|██▍       | 29/120 [01:28<04:24,  2.91s/it, loss=2.3, test_acc=0.06, grad=1.62, bad=0, lr=2.5e-5]
Training PairwiseGET (1-WL):  25%|██▌       | 30/120 [01:28<04:20,  2.89s/it, loss=2.3, test_acc=0.06, grad=1.62, bad=0, lr=2.5e-5]
Training PairwiseGET (1-WL):  25%|██▌       | 30/120 [01:31<04:20,  2.89s/it, loss=2.3, test_acc=0.06, grad=1.61, bad=0, lr=2.5e-5]
Training PairwiseGET (1-WL):  26%|██▌       | 31/120 [01:31<04:21,  2.94s/it, loss=2.3, test_acc=0.06, grad=1.61, bad=0, lr=2.5e-5]
Training PairwiseGET (1-WL):  26%|██▌       | 31/120 [01:34<04:21,  2.94s/it, loss=2.3, test_acc=0.06, grad=1.65, bad=0, lr=2.5e-5]
Training PairwiseGET (1-WL):  27%|██▋       | 32/120 [01:34<04:28,  3.05s/it, loss=2.3, test_acc=0.06, grad=1.65, bad=0, lr=2.5e-5]
Training PairwiseGET (1-WL):  27%|██▋       | 32/120 [01:37<04:28,  3.05s/it, loss=2.3, test_acc=0.06, grad=1.7, bad=0, lr=2.5e-5] 
Training PairwiseGET (1-WL):  28%|██▊       | 33/120 [01:37<04:33,  3.15s/it, loss=2.3, test_acc=0.06, grad=1.7, bad=0, lr=2.5e-5]
Training PairwiseGET (1-WL):  28%|██▊       | 33/120 [01:40<04:33,  3.15s/it, loss=2.3, test_acc=0.06, grad=1.62, bad=0, lr=1.25e-5]
Training PairwiseGET (1-WL):  28%|██▊       | 34/120 [01:40<04:27,  3.11s/it, loss=2.3, test_acc=0.06, grad=1.62, bad=0, lr=1.25e-5]
Training PairwiseGET (1-WL):  28%|██▊       | 34/120 [01:43<04:27,  3.11s/it, loss=2.3, test_acc=0.06, grad=1.53, bad=0, lr=1.25e-5]
Training PairwiseGET (1-WL):  29%|██▉       | 35/120 [01:43<04:20,  3.06s/it, loss=2.3, test_acc=0.06, grad=1.53, bad=0, lr=1.25e-5]
Training PairwiseGET (1-WL):  29%|██▉       | 35/120 [01:46<04:20,  3.06s/it, loss=2.3, test_acc=0.06, grad=1.64, bad=0, lr=1.25e-5]
Training PairwiseGET (1-WL):  30%|███       | 36/120 [01:46<04:12,  3.00s/it, loss=2.3, test_acc=0.06, grad=1.64, bad=0, lr=1.25e-5]
Training PairwiseGET (1-WL):  30%|███       | 36/120 [01:49<04:12,  3.00s/it, loss=2.3, test_acc=0.06, grad=1.63, bad=0, lr=1.25e-5]
Training PairwiseGET (1-WL):  31%|███       | 37/120 [01:49<04:08,  3.00s/it, loss=2.3, test_acc=0.06, grad=1.63, bad=0, lr=1.25e-5]
Training PairwiseGET (1-WL):  31%|███       | 37/120 [01:52<04:08,  3.00s/it, loss=2.3, test_acc=0.06, grad=1.57, bad=0, lr=1.25e-5]
Training PairwiseGET (1-WL):  32%|███▏      | 38/120 [01:52<03:59,  2.92s/it, loss=2.3, test_acc=0.06, grad=1.57, bad=0, lr=1.25e-5]
Training PairwiseGET (1-WL):  32%|███▏      | 38/120 [01:55<03:59,  2.92s/it, loss=2.3, test_acc=0.06, grad=1.67, bad=0, lr=1.25e-5]
Training PairwiseGET (1-WL):  32%|███▎      | 39/120 [01:55<03:49,  2.83s/it, loss=2.3, test_acc=0.06, grad=1.67, bad=0, lr=1.25e-5]
Training PairwiseGET (1-WL):  32%|███▎      | 39/120 [01:57<03:49,  2.83s/it, loss=2.3, test_acc=0.06, grad=1.77, bad=0, lr=1.25e-5]
Training PairwiseGET (1-WL):  33%|███▎      | 40/120 [01:57<03:45,  2.81s/it, loss=2.3, test_acc=0.06, grad=1.77, bad=0, lr=1.25e-5]
Training PairwiseGET (1-WL):  33%|███▎      | 40/120 [02:00<03:45,  2.81s/it, loss=2.3, test_acc=0.06, grad=1.69, bad=0, lr=1.25e-5]
Training PairwiseGET (1-WL):  34%|███▍      | 41/120 [02:00<03:42,  2.82s/it, loss=2.3, test_acc=0.06, grad=1.69, bad=0, lr=1.25e-5]
Training PairwiseGET (1-WL):  34%|███▍      | 41/120 [02:03<03:42,  2.82s/it, loss=2.3, test_acc=0.06, grad=1.58, bad=0, lr=1.25e-5]
Training PairwiseGET (1-WL):  35%|███▌      | 42/120 [02:03<03:45,  2.89s/it, loss=2.3, test_acc=0.06, grad=1.58, bad=0, lr=1.25e-5]
Training PairwiseGET (1-WL):  35%|███▌      | 42/120 [02:06<03:45,  2.89s/it, loss=2.3, test_acc=0.06, grad=1.67, bad=0, lr=1.25e-5]
Training PairwiseGET (1-WL):  36%|███▌      | 43/120 [02:06<03:44,  2.92s/it, loss=2.3, test_acc=0.06, grad=1.67, bad=0, lr=1.25e-5]
Training PairwiseGET (1-WL):  36%|███▌      | 43/120 [02:09<03:44,  2.92s/it, loss=2.3, test_acc=0.06, grad=1.66, bad=0, lr=1.25e-5]
Training PairwiseGET (1-WL):  37%|███▋      | 44/120 [02:09<03:39,  2.89s/it, loss=2.3, test_acc=0.06, grad=1.66, bad=0, lr=1.25e-5]
Training PairwiseGET (1-WL):  37%|███▋      | 44/120 [02:12<03:39,  2.89s/it, loss=2.3, test_acc=0.06, grad=1.66, bad=0, lr=6.25e-6]
Training PairwiseGET (1-WL):  38%|███▊      | 45/120 [02:12<03:35,  2.87s/it, loss=2.3, test_acc=0.06, grad=1.66, bad=0, lr=6.25e-6]
Training PairwiseGET (1-WL):  38%|███▊      | 45/120 [02:15<03:35,  2.87s/it, loss=2.3, test_acc=0.06, grad=1.61, bad=0, lr=6.25e-6]
Training PairwiseGET (1-WL):  38%|███▊      | 46/120 [02:15<03:41,  2.99s/it, loss=2.3, test_acc=0.06, grad=1.61, bad=0, lr=6.25e-6]
Training PairwiseGET (1-WL):  38%|███▊      | 46/120 [02:18<03:41,  2.99s/it, loss=2.3, test_acc=0.06, grad=1.63, bad=0, lr=6.25e-6]
Training PairwiseGET (1-WL):  39%|███▉      | 47/120 [02:18<03:40,  3.02s/it, loss=2.3, test_acc=0.06, grad=1.63, bad=0, lr=6.25e-6]
Training PairwiseGET (1-WL):  39%|███▉      | 47/120 [02:21<03:40,  3.02s/it, loss=2.3, test_acc=0.06, grad=1.68, bad=0, lr=6.25e-6]
Training PairwiseGET (1-WL):  40%|████      | 48/120 [02:21<03:33,  2.97s/it, loss=2.3, test_acc=0.06, grad=1.68, bad=0, lr=6.25e-6]
Training PairwiseGET (1-WL):  40%|████      | 48/120 [02:24<03:33,  2.97s/it, loss=2.3, test_acc=0.06, grad=1.63, bad=0, lr=6.25e-6]
Training PairwiseGET (1-WL):  41%|████      | 49/120 [02:24<03:28,  2.93s/it, loss=2.3, test_acc=0.06, grad=1.63, bad=0, lr=6.25e-6]
Training PairwiseGET (1-WL):  41%|████      | 49/120 [02:27<03:28,  2.93s/it, loss=2.3, test_acc=0.06, grad=1.64, bad=0, lr=6.25e-6]
Training PairwiseGET (1-WL):  42%|████▏     | 50/120 [02:27<03:19,  2.85s/it, loss=2.3, test_acc=0.06, grad=1.64, bad=0, lr=6.25e-6]
Training PairwiseGET (1-WL):  42%|████▏     | 50/120 [02:29<03:19,  2.85s/it, loss=2.3, test_acc=0.06, grad=1.67, bad=0, lr=6.25e-6]
Training PairwiseGET (1-WL):  42%|████▎     | 51/120 [02:29<03:11,  2.78s/it, loss=2.3, test_acc=0.06, grad=1.67, bad=0, lr=6.25e-6]
Training PairwiseGET (1-WL):  42%|████▎     | 51/120 [02:32<03:11,  2.78s/it, loss=2.3, test_acc=0.06, grad=1.64, bad=0, lr=6.25e-6]
Training PairwiseGET (1-WL):  43%|████▎     | 52/120 [02:32<03:07,  2.75s/it, loss=2.3, test_acc=0.06, grad=1.64, bad=0, lr=6.25e-6]
Training PairwiseGET (1-WL):  43%|████▎     | 52/120 [02:35<03:07,  2.75s/it, loss=2.3, test_acc=0.06, grad=1.6, bad=0, lr=6.25e-6] 
Training PairwiseGET (1-WL):  44%|████▍     | 53/120 [02:35<03:03,  2.74s/it, loss=2.3, test_acc=0.06, grad=1.6, bad=0, lr=6.25e-6]
Training PairwiseGET (1-WL):  44%|████▍     | 53/120 [02:37<03:03,  2.74s/it, loss=2.3, test_acc=0.06, grad=1.66, bad=0, lr=6.25e-6]
Training PairwiseGET (1-WL):  45%|████▌     | 54/120 [02:37<03:03,  2.78s/it, loss=2.3, test_acc=0.06, grad=1.66, bad=0, lr=6.25e-6]
Training PairwiseGET (1-WL):  45%|████▌     | 54/120 [02:40<03:03,  2.78s/it, loss=2.3, test_acc=0.06, grad=1.7, bad=0, lr=6.25e-6] 
Training PairwiseGET (1-WL):  46%|████▌     | 55/120 [02:40<03:02,  2.80s/it, loss=2.3, test_acc=0.06, grad=1.7, bad=0, lr=6.25e-6]
Training PairwiseGET (1-WL):  46%|████▌     | 55/120 [02:43<03:02,  2.80s/it, loss=2.3, test_acc=0.06, grad=1.69, bad=0, lr=3.13e-6]
Training PairwiseGET (1-WL):  47%|████▋     | 56/120 [02:43<02:56,  2.75s/it, loss=2.3, test_acc=0.06, grad=1.69, bad=0, lr=3.13e-6]
Training PairwiseGET (1-WL):  47%|████▋     | 56/120 [02:46<02:56,  2.75s/it, loss=2.3, test_acc=0.06, grad=1.62, bad=0, lr=3.13e-6]
Training PairwiseGET (1-WL):  48%|████▊     | 57/120 [02:46<02:50,  2.71s/it, loss=2.3, test_acc=0.06, grad=1.62, bad=0, lr=3.13e-6]
Training PairwiseGET (1-WL):  48%|████▊     | 57/120 [02:48<02:50,  2.71s/it, loss=2.3, test_acc=0.06, grad=1.66, bad=0, lr=3.13e-6]
Training PairwiseGET (1-WL):  48%|████▊     | 58/120 [02:48<02:47,  2.71s/it, loss=2.3, test_acc=0.06, grad=1.66, bad=0, lr=3.13e-6]
Training PairwiseGET (1-WL):  48%|████▊     | 58/120 [02:51<02:47,  2.71s/it, loss=2.3, test_acc=0.06, grad=1.78, bad=0, lr=3.13e-6]
Training PairwiseGET (1-WL):  49%|████▉     | 59/120 [02:51<02:46,  2.73s/it, loss=2.3, test_acc=0.06, grad=1.78, bad=0, lr=3.13e-6]
Training PairwiseGET (1-WL):  49%|████▉     | 59/120 [02:54<02:46,  2.73s/it, loss=2.3, test_acc=0.06, grad=1.63, bad=0, lr=3.13e-6]
Training PairwiseGET (1-WL):  50%|█████     | 60/120 [02:54<02:43,  2.73s/it, loss=2.3, test_acc=0.06, grad=1.63, bad=0, lr=3.13e-6]
Training PairwiseGET (1-WL):  50%|█████     | 60/120 [02:57<02:43,  2.73s/it, loss=2.3, test_acc=0.06, grad=1.71, bad=0, lr=3.13e-6]
Training PairwiseGET (1-WL):  51%|█████     | 61/120 [02:57<02:43,  2.77s/it, loss=2.3, test_acc=0.06, grad=1.71, bad=0, lr=3.13e-6]
Training PairwiseGET (1-WL):  51%|█████     | 61/120 [02:59<02:43,  2.77s/it, loss=2.3, test_acc=0.06, grad=1.7, bad=0, lr=3.13e-6] 
Training PairwiseGET (1-WL):  52%|█████▏    | 62/120 [02:59<02:42,  2.80s/it, loss=2.3, test_acc=0.06, grad=1.7, bad=0, lr=3.13e-6]
Training PairwiseGET (1-WL):  52%|█████▏    | 62/120 [03:02<02:42,  2.80s/it, loss=2.3, test_acc=0.06, grad=1.62, bad=0, lr=3.13e-6]
Training PairwiseGET (1-WL):  52%|█████▎    | 63/120 [03:02<02:36,  2.75s/it, loss=2.3, test_acc=0.06, grad=1.62, bad=0, lr=3.13e-6]
Training PairwiseGET (1-WL):  52%|█████▎    | 63/120 [03:05<02:36,  2.75s/it, loss=2.3, test_acc=0.06, grad=1.65, bad=0, lr=3.13e-6]
Training PairwiseGET (1-WL):  53%|█████▎    | 64/120 [03:05<02:30,  2.69s/it, loss=2.3, test_acc=0.06, grad=1.65, bad=0, lr=3.13e-6]
Training PairwiseGET (1-WL):  53%|█████▎    | 64/120 [03:07<02:30,  2.69s/it, loss=2.3, test_acc=0.06, grad=1.54, bad=0, lr=3.13e-6]
Training PairwiseGET (1-WL):  54%|█████▍    | 65/120 [03:07<02:24,  2.63s/it, loss=2.3, test_acc=0.06, grad=1.54, bad=0, lr=3.13e-6]
Training PairwiseGET (1-WL):  54%|█████▍    | 65/120 [03:10<02:24,  2.63s/it, loss=2.3, test_acc=0.06, grad=1.72, bad=0, lr=3.13e-6]
Training PairwiseGET (1-WL):  55%|█████▌    | 66/120 [03:10<02:20,  2.60s/it, loss=2.3, test_acc=0.06, grad=1.72, bad=0, lr=3.13e-6]
Training PairwiseGET (1-WL):  55%|█████▌    | 66/120 [03:12<02:20,  2.60s/it, loss=2.3, test_acc=0.06, grad=1.67, bad=0, lr=1.56e-6]
Training PairwiseGET (1-WL):  56%|█████▌    | 67/120 [03:12<02:16,  2.58s/it, loss=2.3, test_acc=0.06, grad=1.67, bad=0, lr=1.56e-6]
Training PairwiseGET (1-WL):  56%|█████▌    | 67/120 [03:15<02:16,  2.58s/it, loss=2.3, test_acc=0.06, grad=1.61, bad=0, lr=1.56e-6]
Training PairwiseGET (1-WL):  57%|█████▋    | 68/120 [03:15<02:13,  2.56s/it, loss=2.3, test_acc=0.06, grad=1.61, bad=0, lr=1.56e-6]
Training PairwiseGET (1-WL):  57%|█████▋    | 68/120 [03:17<02:13,  2.56s/it, loss=2.3, test_acc=0.06, grad=1.68, bad=0, lr=1.56e-6]
Training PairwiseGET (1-WL):  57%|█████▊    | 69/120 [03:17<02:10,  2.56s/it, loss=2.3, test_acc=0.06, grad=1.68, bad=0, lr=1.56e-6]
Training PairwiseGET (1-WL):  57%|█████▊    | 69/120 [03:20<02:10,  2.56s/it, loss=2.3, test_acc=0.06, grad=1.56, bad=0, lr=1.56e-6]
Training PairwiseGET (1-WL):  58%|█████▊    | 70/120 [03:20<02:07,  2.54s/it, loss=2.3, test_acc=0.06, grad=1.56, bad=0, lr=1.56e-6]
Training PairwiseGET (1-WL):  58%|█████▊    | 70/120 [03:22<02:07,  2.54s/it, loss=2.3, test_acc=0.06, grad=1.67, bad=0, lr=1.56e-6]
Training PairwiseGET (1-WL):  59%|█████▉    | 71/120 [03:22<02:04,  2.54s/it, loss=2.3, test_acc=0.06, grad=1.67, bad=0, lr=1.56e-6]
Training PairwiseGET (1-WL):  59%|█████▉    | 71/120 [03:25<02:04,  2.54s/it, loss=2.3, test_acc=0.06, grad=1.56, bad=0, lr=1.56e-6]
Training PairwiseGET (1-WL):  60%|██████    | 72/120 [03:25<02:01,  2.53s/it, loss=2.3, test_acc=0.06, grad=1.56, bad=0, lr=1.56e-6]
Training PairwiseGET (1-WL):  60%|██████    | 72/120 [03:27<02:01,  2.53s/it, loss=2.3, test_acc=0.06, grad=1.72, bad=0, lr=1.56e-6]
Training PairwiseGET (1-WL):  61%|██████    | 73/120 [03:27<01:58,  2.52s/it, loss=2.3, test_acc=0.06, grad=1.72, bad=0, lr=1.56e-6]
Training PairwiseGET (1-WL):  61%|██████    | 73/120 [03:30<01:58,  2.52s/it, loss=2.3, test_acc=0.06, grad=1.6, bad=0, lr=1.56e-6] 
Training PairwiseGET (1-WL):  62%|██████▏   | 74/120 [03:30<01:56,  2.54s/it, loss=2.3, test_acc=0.06, grad=1.6, bad=0, lr=1.56e-6]
Training PairwiseGET (1-WL):  62%|██████▏   | 74/120 [03:33<01:56,  2.54s/it, loss=2.3, test_acc=0.06, grad=1.62, bad=0, lr=1.56e-6]
Training PairwiseGET (1-WL):  62%|██████▎   | 75/120 [03:33<01:55,  2.56s/it, loss=2.3, test_acc=0.06, grad=1.62, bad=0, lr=1.56e-6]
Training PairwiseGET (1-WL):  62%|██████▎   | 75/120 [03:35<01:55,  2.56s/it, loss=2.3, test_acc=0.06, grad=1.64, bad=0, lr=1.56e-6]
Training PairwiseGET (1-WL):  63%|██████▎   | 76/120 [03:35<01:51,  2.55s/it, loss=2.3, test_acc=0.06, grad=1.64, bad=0, lr=1.56e-6]
Training PairwiseGET (1-WL):  63%|██████▎   | 76/120 [03:38<01:51,  2.55s/it, loss=2.3, test_acc=0.06, grad=1.54, bad=0, lr=1.56e-6]
Training PairwiseGET (1-WL):  64%|██████▍   | 77/120 [03:38<01:48,  2.53s/it, loss=2.3, test_acc=0.06, grad=1.54, bad=0, lr=1.56e-6]
Training PairwiseGET (1-WL):  64%|██████▍   | 77/120 [03:40<01:48,  2.53s/it, loss=2.3, test_acc=0.06, grad=1.6, bad=0, lr=7.81e-7] 
Training PairwiseGET (1-WL):  65%|██████▌   | 78/120 [03:40<01:46,  2.52s/it, loss=2.3, test_acc=0.06, grad=1.6, bad=0, lr=7.81e-7]
Training PairwiseGET (1-WL):  65%|██████▌   | 78/120 [03:43<01:46,  2.52s/it, loss=2.3, test_acc=0.06, grad=1.64, bad=0, lr=7.81e-7]
Training PairwiseGET (1-WL):  66%|██████▌   | 79/120 [03:43<01:43,  2.52s/it, loss=2.3, test_acc=0.06, grad=1.64, bad=0, lr=7.81e-7]
Training PairwiseGET (1-WL):  66%|██████▌   | 79/120 [03:45<01:43,  2.52s/it, loss=2.3, test_acc=0.06, grad=1.67, bad=0, lr=7.81e-7]
Training PairwiseGET (1-WL):  67%|██████▋   | 80/120 [03:45<01:40,  2.51s/it, loss=2.3, test_acc=0.06, grad=1.67, bad=0, lr=7.81e-7]
Training PairwiseGET (1-WL):  67%|██████▋   | 80/120 [03:48<01:40,  2.51s/it, loss=2.3, test_acc=0.06, grad=1.67, bad=0, lr=7.81e-7]
Training PairwiseGET (1-WL):  68%|██████▊   | 81/120 [03:48<01:39,  2.56s/it, loss=2.3, test_acc=0.06, grad=1.67, bad=0, lr=7.81e-7]
Training PairwiseGET (1-WL):  68%|██████▊   | 81/120 [03:51<01:39,  2.56s/it, loss=2.3, test_acc=0.06, grad=1.59, bad=0, lr=7.81e-7]
Training PairwiseGET (1-WL):  68%|██████▊   | 82/120 [03:51<01:45,  2.77s/it, loss=2.3, test_acc=0.06, grad=1.59, bad=0, lr=7.81e-7]
Training PairwiseGET (1-WL):  68%|██████▊   | 82/120 [03:54<01:45,  2.77s/it, loss=2.3, test_acc=0.06, grad=1.7, bad=0, lr=7.81e-7] 
Training PairwiseGET (1-WL):  69%|██████▉   | 83/120 [03:54<01:47,  2.92s/it, loss=2.3, test_acc=0.06, grad=1.7, bad=0, lr=7.81e-7]
Training PairwiseGET (1-WL):  69%|██████▉   | 83/120 [03:57<01:47,  2.92s/it, loss=2.3, test_acc=0.06, grad=1.64, bad=0, lr=7.81e-7]
Training PairwiseGET (1-WL):  70%|███████   | 84/120 [03:57<01:48,  3.01s/it, loss=2.3, test_acc=0.06, grad=1.64, bad=0, lr=7.81e-7]
Training PairwiseGET (1-WL):  70%|███████   | 84/120 [04:01<01:48,  3.01s/it, loss=2.3, test_acc=0.06, grad=1.61, bad=0, lr=7.81e-7]
Training PairwiseGET (1-WL):  71%|███████   | 85/120 [04:01<01:47,  3.07s/it, loss=2.3, test_acc=0.06, grad=1.61, bad=0, lr=7.81e-7]
Training PairwiseGET (1-WL):  71%|███████   | 85/120 [04:04<01:47,  3.07s/it, loss=2.3, test_acc=0.06, grad=1.7, bad=0, lr=7.81e-7] 
Training PairwiseGET (1-WL):  72%|███████▏  | 86/120 [04:04<01:46,  3.13s/it, loss=2.3, test_acc=0.06, grad=1.7, bad=0, lr=7.81e-7]
Training PairwiseGET (1-WL):  72%|███████▏  | 86/120 [04:07<01:46,  3.13s/it, loss=2.3, test_acc=0.06, grad=1.64, bad=0, lr=7.81e-7]
Training PairwiseGET (1-WL):  72%|███████▎  | 87/120 [04:07<01:46,  3.22s/it, loss=2.3, test_acc=0.06, grad=1.64, bad=0, lr=7.81e-7]
Training PairwiseGET (1-WL):  72%|███████▎  | 87/120 [04:11<01:46,  3.22s/it, loss=2.3, test_acc=0.06, grad=1.74, bad=0, lr=7.81e-7]
Training PairwiseGET (1-WL):  73%|███████▎  | 88/120 [04:11<01:46,  3.31s/it, loss=2.3, test_acc=0.06, grad=1.74, bad=0, lr=7.81e-7]
Training PairwiseGET (1-WL):  73%|███████▎  | 88/120 [04:15<01:46,  3.31s/it, loss=2.3, test_acc=0.06, grad=1.69, bad=0, lr=3.91e-7]
Training PairwiseGET (1-WL):  74%|███████▍  | 89/120 [04:15<01:52,  3.64s/it, loss=2.3, test_acc=0.06, grad=1.69, bad=0, lr=3.91e-7]
Training PairwiseGET (1-WL):  74%|███████▍  | 89/120 [04:19<01:52,  3.64s/it, loss=2.3, test_acc=0.06, grad=1.71, bad=0, lr=3.91e-7]
Training PairwiseGET (1-WL):  75%|███████▌  | 90/120 [04:19<01:53,  3.78s/it, loss=2.3, test_acc=0.06, grad=1.71, bad=0, lr=3.91e-7]
Training PairwiseGET (1-WL):  75%|███████▌  | 90/120 [04:24<01:53,  3.78s/it, loss=2.3, test_acc=0.06, grad=1.73, bad=0, lr=3.91e-7]
Training PairwiseGET (1-WL):  76%|███████▌  | 91/120 [04:24<01:52,  3.88s/it, loss=2.3, test_acc=0.06, grad=1.73, bad=0, lr=3.91e-7]
Training PairwiseGET (1-WL):  76%|███████▌  | 91/120 [04:27<01:52,  3.88s/it, loss=2.3, test_acc=0.06, grad=1.62, bad=0, lr=3.91e-7]
Training PairwiseGET (1-WL):  77%|███████▋  | 92/120 [04:27<01:45,  3.75s/it, loss=2.3, test_acc=0.06, grad=1.62, bad=0, lr=3.91e-7]
Training PairwiseGET (1-WL):  77%|███████▋  | 92/120 [04:31<01:45,  3.75s/it, loss=2.3, test_acc=0.06, grad=1.67, bad=0, lr=3.91e-7]
Training PairwiseGET (1-WL):  78%|███████▊  | 93/120 [04:31<01:41,  3.74s/it, loss=2.3, test_acc=0.06, grad=1.67, bad=0, lr=3.91e-7]
Training PairwiseGET (1-WL):  78%|███████▊  | 93/120 [04:34<01:41,  3.74s/it, loss=2.3, test_acc=0.06, grad=1.65, bad=0, lr=3.91e-7]
Training PairwiseGET (1-WL):  78%|███████▊  | 94/120 [04:34<01:30,  3.49s/it, loss=2.3, test_acc=0.06, grad=1.65, bad=0, lr=3.91e-7]
Training PairwiseGET (1-WL):  78%|███████▊  | 94/120 [04:36<01:30,  3.49s/it, loss=2.3, test_acc=0.06, grad=1.58, bad=0, lr=3.91e-7]
Training PairwiseGET (1-WL):  79%|███████▉  | 95/120 [04:36<01:20,  3.22s/it, loss=2.3, test_acc=0.06, grad=1.58, bad=0, lr=3.91e-7]
Training PairwiseGET (1-WL):  79%|███████▉  | 95/120 [04:39<01:20,  3.22s/it, loss=2.3, test_acc=0.06, grad=1.72, bad=0, lr=3.91e-7]
Training PairwiseGET (1-WL):  80%|████████  | 96/120 [04:39<01:12,  3.03s/it, loss=2.3, test_acc=0.06, grad=1.72, bad=0, lr=3.91e-7]
Training PairwiseGET (1-WL):  80%|████████  | 96/120 [04:41<01:12,  3.03s/it, loss=2.3, test_acc=0.06, grad=1.68, bad=0, lr=3.91e-7]
Training PairwiseGET (1-WL):  81%|████████  | 97/120 [04:41<01:06,  2.89s/it, loss=2.3, test_acc=0.06, grad=1.68, bad=0, lr=3.91e-7]
Training PairwiseGET (1-WL):  81%|████████  | 97/120 [04:44<01:06,  2.89s/it, loss=2.3, test_acc=0.06, grad=1.62, bad=0, lr=3.91e-7]
Training PairwiseGET (1-WL):  82%|████████▏ | 98/120 [04:44<01:01,  2.80s/it, loss=2.3, test_acc=0.06, grad=1.62, bad=0, lr=3.91e-7]
Training PairwiseGET (1-WL):  82%|████████▏ | 98/120 [04:47<01:01,  2.80s/it, loss=2.3, test_acc=0.06, grad=1.59, bad=0, lr=3.91e-7]
Training PairwiseGET (1-WL):  82%|████████▎ | 99/120 [04:47<00:57,  2.75s/it, loss=2.3, test_acc=0.06, grad=1.59, bad=0, lr=3.91e-7]
Training PairwiseGET (1-WL):  82%|████████▎ | 99/120 [04:49<00:57,  2.75s/it, loss=2.3, test_acc=0.06, grad=1.71, bad=0, lr=1.95e-7]
Training PairwiseGET (1-WL):  83%|████████▎ | 100/120 [04:49<00:54,  2.71s/it, loss=2.3, test_acc=0.06, grad=1.71, bad=0, lr=1.95e-7]
Training PairwiseGET (1-WL):  83%|████████▎ | 100/120 [04:52<00:54,  2.71s/it, loss=2.3, test_acc=0.06, grad=1.64, bad=0, lr=1.95e-7]
Training PairwiseGET (1-WL):  84%|████████▍ | 101/120 [04:52<00:50,  2.67s/it, loss=2.3, test_acc=0.06, grad=1.64, bad=0, lr=1.95e-7]
Training PairwiseGET (1-WL):  84%|████████▍ | 101/120 [04:54<00:50,  2.67s/it, loss=2.3, test_acc=0.06, grad=1.62, bad=0, lr=1.95e-7]
Training PairwiseGET (1-WL):  85%|████████▌ | 102/120 [04:54<00:47,  2.65s/it, loss=2.3, test_acc=0.06, grad=1.62, bad=0, lr=1.95e-7]
Training PairwiseGET (1-WL):  85%|████████▌ | 102/120 [04:57<00:47,  2.65s/it, loss=2.3, test_acc=0.06, grad=1.66, bad=0, lr=1.95e-7]
Training PairwiseGET (1-WL):  86%|████████▌ | 103/120 [04:57<00:44,  2.63s/it, loss=2.3, test_acc=0.06, grad=1.66, bad=0, lr=1.95e-7]
Training PairwiseGET (1-WL):  86%|████████▌ | 103/120 [05:00<00:44,  2.63s/it, loss=2.3, test_acc=0.06, grad=1.62, bad=0, lr=1.95e-7]
Training PairwiseGET (1-WL):  87%|████████▋ | 104/120 [05:00<00:41,  2.62s/it, loss=2.3, test_acc=0.06, grad=1.62, bad=0, lr=1.95e-7]
Training PairwiseGET (1-WL):  87%|████████▋ | 104/120 [05:02<00:41,  2.62s/it, loss=2.3, test_acc=0.06, grad=1.63, bad=0, lr=1.95e-7]
Training PairwiseGET (1-WL):  88%|████████▊ | 105/120 [05:02<00:39,  2.61s/it, loss=2.3, test_acc=0.06, grad=1.63, bad=0, lr=1.95e-7]
Training PairwiseGET (1-WL):  88%|████████▊ | 105/120 [05:05<00:39,  2.61s/it, loss=2.3, test_acc=0.06, grad=1.67, bad=0, lr=1.95e-7]
Training PairwiseGET (1-WL):  88%|████████▊ | 106/120 [05:05<00:36,  2.61s/it, loss=2.3, test_acc=0.06, grad=1.67, bad=0, lr=1.95e-7]
Training PairwiseGET (1-WL):  88%|████████▊ | 106/120 [05:07<00:36,  2.61s/it, loss=2.3, test_acc=0.06, grad=1.53, bad=0, lr=1.95e-7]
Training PairwiseGET (1-WL):  89%|████████▉ | 107/120 [05:07<00:33,  2.60s/it, loss=2.3, test_acc=0.06, grad=1.53, bad=0, lr=1.95e-7]
Training PairwiseGET (1-WL):  89%|████████▉ | 107/120 [05:10<00:33,  2.60s/it, loss=2.3, test_acc=0.06, grad=1.59, bad=0, lr=1.95e-7]
Training PairwiseGET (1-WL):  90%|█████████ | 108/120 [05:10<00:31,  2.60s/it, loss=2.3, test_acc=0.06, grad=1.59, bad=0, lr=1.95e-7]
Training PairwiseGET (1-WL):  90%|█████████ | 108/120 [05:13<00:31,  2.60s/it, loss=2.3, test_acc=0.06, grad=1.6, bad=0, lr=1.95e-7] 
Training PairwiseGET (1-WL):  91%|█████████ | 109/120 [05:13<00:28,  2.60s/it, loss=2.3, test_acc=0.06, grad=1.6, bad=0, lr=1.95e-7]
Training PairwiseGET (1-WL):  91%|█████████ | 109/120 [05:15<00:28,  2.60s/it, loss=2.3, test_acc=0.06, grad=1.57, bad=0, lr=1.95e-7]
Training PairwiseGET (1-WL):  92%|█████████▏| 110/120 [05:15<00:25,  2.60s/it, loss=2.3, test_acc=0.06, grad=1.57, bad=0, lr=1.95e-7]
Training PairwiseGET (1-WL):  92%|█████████▏| 110/120 [05:18<00:25,  2.60s/it, loss=2.3, test_acc=0.06, grad=1.55, bad=0, lr=9.77e-8]
Training PairwiseGET (1-WL):  92%|█████████▎| 111/120 [05:18<00:23,  2.60s/it, loss=2.3, test_acc=0.06, grad=1.55, bad=0, lr=9.77e-8]
Training PairwiseGET (1-WL):  92%|█████████▎| 111/120 [05:20<00:23,  2.60s/it, loss=2.3, test_acc=0.06, grad=1.64, bad=0, lr=9.77e-8]
Training PairwiseGET (1-WL):  93%|█████████▎| 112/120 [05:20<00:20,  2.60s/it, loss=2.3, test_acc=0.06, grad=1.64, bad=0, lr=9.77e-8]
Training PairwiseGET (1-WL):  93%|█████████▎| 112/120 [05:23<00:20,  2.60s/it, loss=2.3, test_acc=0.06, grad=1.72, bad=0, lr=9.77e-8]
Training PairwiseGET (1-WL):  94%|█████████▍| 113/120 [05:23<00:18,  2.58s/it, loss=2.3, test_acc=0.06, grad=1.72, bad=0, lr=9.77e-8]
Training PairwiseGET (1-WL):  94%|█████████▍| 113/120 [05:25<00:18,  2.58s/it, loss=2.3, test_acc=0.06, grad=1.73, bad=0, lr=9.77e-8]
Training PairwiseGET (1-WL):  95%|█████████▌| 114/120 [05:25<00:15,  2.58s/it, loss=2.3, test_acc=0.06, grad=1.73, bad=0, lr=9.77e-8]
Training PairwiseGET (1-WL):  95%|█████████▌| 114/120 [05:28<00:15,  2.58s/it, loss=2.3, test_acc=0.06, grad=1.62, bad=0, lr=9.77e-8]
Training PairwiseGET (1-WL):  96%|█████████▌| 115/120 [05:28<00:12,  2.58s/it, loss=2.3, test_acc=0.06, grad=1.62, bad=0, lr=9.77e-8]
Training PairwiseGET (1-WL):  96%|█████████▌| 115/120 [05:31<00:12,  2.58s/it, loss=2.3, test_acc=0.06, grad=1.69, bad=0, lr=9.77e-8]
Training PairwiseGET (1-WL):  97%|█████████▋| 116/120 [05:31<00:10,  2.61s/it, loss=2.3, test_acc=0.06, grad=1.69, bad=0, lr=9.77e-8]
Training PairwiseGET (1-WL):  97%|█████████▋| 116/120 [05:33<00:10,  2.61s/it, loss=2.3, test_acc=0.06, grad=1.69, bad=0, lr=9.77e-8]
Training PairwiseGET (1-WL):  98%|█████████▊| 117/120 [05:33<00:07,  2.63s/it, loss=2.3, test_acc=0.06, grad=1.69, bad=0, lr=9.77e-8]
Training PairwiseGET (1-WL):  98%|█████████▊| 117/120 [05:36<00:07,  2.63s/it, loss=2.3, test_acc=0.06, grad=1.56, bad=0, lr=9.77e-8]
Training PairwiseGET (1-WL):  98%|█████████▊| 118/120 [05:36<00:05,  2.62s/it, loss=2.3, test_acc=0.06, grad=1.56, bad=0, lr=9.77e-8]
Training PairwiseGET (1-WL):  98%|█████████▊| 118/120 [05:39<00:05,  2.62s/it, loss=2.3, test_acc=0.06, grad=1.58, bad=0, lr=9.77e-8]
Training PairwiseGET (1-WL):  99%|█████████▉| 119/120 [05:39<00:02,  2.62s/it, loss=2.3, test_acc=0.06, grad=1.58, bad=0, lr=9.77e-8]
Training PairwiseGET (1-WL):  99%|█████████▉| 119/120 [05:41<00:02,  2.62s/it, loss=2.3, test_acc=0.06, grad=1.68, bad=0, lr=9.77e-8]
Training PairwiseGET (1-WL): 100%|██████████| 120/120 [05:41<00:00,  2.61s/it, loss=2.3, test_acc=0.06, grad=1.68, bad=0, lr=9.77e-8]
Training PairwiseGET (1-WL): 100%|██████████| 120/120 [05:41<00:00,  2.85s/it, loss=2.3, test_acc=0.06, grad=1.68, bad=0, lr=9.77e-8]

Training GIN (1-WL):   0%|          | 0/120 [00:00<?, ?it/s]
Training GIN (1-WL):   0%|          | 0/120 [00:00<?, ?it/s, loss=2.48, test_acc=0.12, grad=26.2, bad=0, lr=0.0002]
Training GIN (1-WL):   1%|          | 1/120 [00:00<00:45,  2.61it/s, loss=2.48, test_acc=0.12, grad=26.2, bad=0, lr=0.0002]
Training GIN (1-WL):   1%|          | 1/120 [00:00<00:45,  2.61it/s, loss=2.39, test_acc=0.07, grad=17.6, bad=0, lr=0.0002]
Training GIN (1-WL):   2%|▏         | 2/120 [00:00<00:45,  2.62it/s, loss=2.39, test_acc=0.07, grad=17.6, bad=0, lr=0.0002]
Training GIN (1-WL):   2%|▏         | 2/120 [00:01<00:45,  2.62it/s, loss=2.36, test_acc=0.06, grad=15.1, bad=0, lr=0.0002]
Training GIN (1-WL):   2%|▎         | 3/120 [00:01<00:44,  2.62it/s, loss=2.36, test_acc=0.06, grad=15.1, bad=0, lr=0.0002]
Training GIN (1-WL):   2%|▎         | 3/120 [00:01<00:44,  2.62it/s, loss=2.35, test_acc=0.07, grad=14.3, bad=0, lr=0.0002]
Training GIN (1-WL):   3%|▎         | 4/120 [00:01<00:44,  2.60it/s, loss=2.35, test_acc=0.07, grad=14.3, bad=0, lr=0.0002]
Training GIN (1-WL):   3%|▎         | 4/120 [00:01<00:44,  2.60it/s, loss=2.34, test_acc=0.07, grad=11.6, bad=0, lr=0.0002]
Training GIN (1-WL):   4%|▍         | 5/120 [00:01<00:44,  2.61it/s, loss=2.34, test_acc=0.07, grad=11.6, bad=0, lr=0.0002]
Training GIN (1-WL):   4%|▍         | 5/120 [00:02<00:44,  2.61it/s, loss=2.33, test_acc=0.09, grad=9.97, bad=0, lr=0.0002]
Training GIN (1-WL):   5%|▌         | 6/120 [00:02<00:43,  2.61it/s, loss=2.33, test_acc=0.09, grad=9.97, bad=0, lr=0.0002]
Training GIN (1-WL):   5%|▌         | 6/120 [00:02<00:43,  2.61it/s, loss=2.32, test_acc=0.06, grad=9.42, bad=0, lr=0.0002]
Training GIN (1-WL):   6%|▌         | 7/120 [00:02<00:43,  2.61it/s, loss=2.32, test_acc=0.06, grad=9.42, bad=0, lr=0.0002]
Training GIN (1-WL):   6%|▌         | 7/120 [00:03<00:43,  2.61it/s, loss=2.33, test_acc=0.07, grad=10.5, bad=0, lr=0.0002]
Training GIN (1-WL):   7%|▋         | 8/120 [00:03<00:42,  2.62it/s, loss=2.33, test_acc=0.07, grad=10.5, bad=0, lr=0.0002]
Training GIN (1-WL):   7%|▋         | 8/120 [00:03<00:42,  2.62it/s, loss=2.32, test_acc=0.07, grad=7.58, bad=0, lr=0.0002]
Training GIN (1-WL):   8%|▊         | 9/120 [00:03<00:42,  2.62it/s, loss=2.32, test_acc=0.07, grad=7.58, bad=0, lr=0.0002]
Training GIN (1-WL):   8%|▊         | 9/120 [00:03<00:42,  2.62it/s, loss=2.32, test_acc=0.09, grad=7.31, bad=0, lr=0.0002]
Training GIN (1-WL):   8%|▊         | 10/120 [00:03<00:42,  2.61it/s, loss=2.32, test_acc=0.09, grad=7.31, bad=0, lr=0.0002]
Training GIN (1-WL):   8%|▊         | 10/120 [00:04<00:42,  2.61it/s, loss=2.32, test_acc=0.12, grad=7.34, bad=0, lr=0.0002]
Training GIN (1-WL):   9%|▉         | 11/120 [00:04<00:41,  2.61it/s, loss=2.32, test_acc=0.12, grad=7.34, bad=0, lr=0.0002]
Training GIN (1-WL):   9%|▉         | 11/120 [00:04<00:41,  2.61it/s, loss=2.31, test_acc=0.06, grad=5.73, bad=0, lr=0.0001]
Training GIN (1-WL):  10%|█         | 12/120 [00:04<00:41,  2.61it/s, loss=2.31, test_acc=0.06, grad=5.73, bad=0, lr=0.0001]
Training GIN (1-WL):  10%|█         | 12/120 [00:04<00:41,  2.61it/s, loss=2.31, test_acc=0.06, grad=5.33, bad=0, lr=0.0001]
Training GIN (1-WL):  11%|█         | 13/120 [00:04<00:41,  2.61it/s, loss=2.31, test_acc=0.06, grad=5.33, bad=0, lr=0.0001]
Training GIN (1-WL):  11%|█         | 13/120 [00:05<00:41,  2.61it/s, loss=2.31, test_acc=0.06, grad=4.97, bad=0, lr=0.0001]
Training GIN (1-WL):  12%|█▏        | 14/120 [00:05<00:40,  2.60it/s, loss=2.31, test_acc=0.06, grad=4.97, bad=0, lr=0.0001]
Training GIN (1-WL):  12%|█▏        | 14/120 [00:05<00:40,  2.60it/s, loss=2.31, test_acc=0.06, grad=4.98, bad=0, lr=0.0001]
Training GIN (1-WL):  12%|█▎        | 15/120 [00:05<00:40,  2.58it/s, loss=2.31, test_acc=0.06, grad=4.98, bad=0, lr=0.0001]
Training GIN (1-WL):  12%|█▎        | 15/120 [00:06<00:40,  2.58it/s, loss=2.31, test_acc=0.09, grad=5.44, bad=0, lr=0.0001]
Training GIN (1-WL):  13%|█▎        | 16/120 [00:06<00:40,  2.59it/s, loss=2.31, test_acc=0.09, grad=5.44, bad=0, lr=0.0001]
Training GIN (1-WL):  13%|█▎        | 16/120 [00:06<00:40,  2.59it/s, loss=2.31, test_acc=0.07, grad=4.91, bad=0, lr=0.0001]
Training GIN (1-WL):  14%|█▍        | 17/120 [00:06<00:39,  2.59it/s, loss=2.31, test_acc=0.07, grad=4.91, bad=0, lr=0.0001]
Training GIN (1-WL):  14%|█▍        | 17/120 [00:06<00:39,  2.59it/s, loss=2.31, test_acc=0.07, grad=5.44, bad=0, lr=0.0001]
Training GIN (1-WL):  15%|█▌        | 18/120 [00:06<00:39,  2.60it/s, loss=2.31, test_acc=0.07, grad=5.44, bad=0, lr=0.0001]
Training GIN (1-WL):  15%|█▌        | 18/120 [00:07<00:39,  2.60it/s, loss=2.31, test_acc=0.06, grad=5.54, bad=0, lr=0.0001]
Training GIN (1-WL):  16%|█▌        | 19/120 [00:07<00:38,  2.61it/s, loss=2.31, test_acc=0.06, grad=5.54, bad=0, lr=0.0001]
Training GIN (1-WL):  16%|█▌        | 19/120 [00:07<00:38,  2.61it/s, loss=2.31, test_acc=0.06, grad=4.65, bad=0, lr=0.0001]
Training GIN (1-WL):  17%|█▋        | 20/120 [00:07<00:38,  2.60it/s, loss=2.31, test_acc=0.06, grad=4.65, bad=0, lr=0.0001]
Training GIN (1-WL):  17%|█▋        | 20/120 [00:08<00:38,  2.60it/s, loss=2.31, test_acc=0.06, grad=4.7, bad=0, lr=0.0001] 
Training GIN (1-WL):  18%|█▊        | 21/120 [00:08<00:38,  2.60it/s, loss=2.31, test_acc=0.06, grad=4.7, bad=0, lr=0.0001]
Training GIN (1-WL):  18%|█▊        | 21/120 [00:08<00:38,  2.60it/s, loss=2.31, test_acc=0.06, grad=4.62, bad=0, lr=0.0001]
Training GIN (1-WL):  18%|█▊        | 22/120 [00:08<00:37,  2.61it/s, loss=2.31, test_acc=0.06, grad=4.62, bad=0, lr=0.0001]
Training GIN (1-WL):  18%|█▊        | 22/120 [00:08<00:37,  2.61it/s, loss=2.31, test_acc=0.06, grad=4.29, bad=0, lr=5e-5]  
Training GIN (1-WL):  19%|█▉        | 23/120 [00:08<00:37,  2.61it/s, loss=2.31, test_acc=0.06, grad=4.29, bad=0, lr=5e-5]
Training GIN (1-WL):  19%|█▉        | 23/120 [00:09<00:37,  2.61it/s, loss=2.31, test_acc=0.06, grad=4.56, bad=0, lr=5e-5]
Training GIN (1-WL):  20%|██        | 24/120 [00:09<00:36,  2.61it/s, loss=2.31, test_acc=0.06, grad=4.56, bad=0, lr=5e-5]
Training GIN (1-WL):  20%|██        | 24/120 [00:09<00:36,  2.61it/s, loss=2.3, test_acc=0.06, grad=4.26, bad=0, lr=5e-5] 
Training GIN (1-WL):  21%|██        | 25/120 [00:09<00:36,  2.60it/s, loss=2.3, test_acc=0.06, grad=4.26, bad=0, lr=5e-5]
Training GIN (1-WL):  21%|██        | 25/120 [00:09<00:36,  2.60it/s, loss=2.3, test_acc=0.07, grad=4.13, bad=0, lr=5e-5]
Training GIN (1-WL):  22%|██▏       | 26/120 [00:09<00:36,  2.61it/s, loss=2.3, test_acc=0.07, grad=4.13, bad=0, lr=5e-5]
Training GIN (1-WL):  22%|██▏       | 26/120 [00:10<00:36,  2.61it/s, loss=2.3, test_acc=0.06, grad=4.05, bad=0, lr=5e-5]
Training GIN (1-WL):  22%|██▎       | 27/120 [00:10<00:35,  2.61it/s, loss=2.3, test_acc=0.06, grad=4.05, bad=0, lr=5e-5]
Training GIN (1-WL):  22%|██▎       | 27/120 [00:10<00:35,  2.61it/s, loss=2.3, test_acc=0.07, grad=4.03, bad=0, lr=5e-5]
Training GIN (1-WL):  23%|██▎       | 28/120 [00:10<00:35,  2.60it/s, loss=2.3, test_acc=0.07, grad=4.03, bad=0, lr=5e-5]
Training GIN (1-WL):  23%|██▎       | 28/120 [00:11<00:35,  2.60it/s, loss=2.3, test_acc=0.06, grad=3.89, bad=0, lr=5e-5]
Training GIN (1-WL):  24%|██▍       | 29/120 [00:11<00:34,  2.60it/s, loss=2.3, test_acc=0.06, grad=3.89, bad=0, lr=5e-5]
Training GIN (1-WL):  24%|██▍       | 29/120 [00:11<00:34,  2.60it/s, loss=2.3, test_acc=0.07, grad=3.91, bad=0, lr=5e-5]
Training GIN (1-WL):  25%|██▌       | 30/120 [00:11<00:34,  2.60it/s, loss=2.3, test_acc=0.07, grad=3.91, bad=0, lr=5e-5]
Training GIN (1-WL):  25%|██▌       | 30/120 [00:11<00:34,  2.60it/s, loss=2.3, test_acc=0.07, grad=3.79, bad=0, lr=5e-5]
Training GIN (1-WL):  26%|██▌       | 31/120 [00:11<00:34,  2.62it/s, loss=2.3, test_acc=0.07, grad=3.79, bad=0, lr=5e-5]
Training GIN (1-WL):  26%|██▌       | 31/120 [00:12<00:34,  2.62it/s, loss=2.3, test_acc=0.07, grad=3.91, bad=0, lr=5e-5]
Training GIN (1-WL):  27%|██▋       | 32/120 [00:12<00:33,  2.62it/s, loss=2.3, test_acc=0.07, grad=3.91, bad=0, lr=5e-5]
Training GIN (1-WL):  27%|██▋       | 32/120 [00:12<00:33,  2.62it/s, loss=2.3, test_acc=0.06, grad=4, bad=0, lr=5e-5]   
Training GIN (1-WL):  28%|██▊       | 33/120 [00:12<00:33,  2.62it/s, loss=2.3, test_acc=0.06, grad=4, bad=0, lr=5e-5]
Training GIN (1-WL):  28%|██▊       | 33/120 [00:13<00:33,  2.62it/s, loss=2.3, test_acc=0.06, grad=3.84, bad=0, lr=2.5e-5]
Training GIN (1-WL):  28%|██▊       | 34/120 [00:13<00:32,  2.62it/s, loss=2.3, test_acc=0.06, grad=3.84, bad=0, lr=2.5e-5]
Training GIN (1-WL):  28%|██▊       | 34/120 [00:13<00:32,  2.62it/s, loss=2.3, test_acc=0.06, grad=3.98, bad=0, lr=2.5e-5]
Training GIN (1-WL):  29%|██▉       | 35/120 [00:13<00:32,  2.63it/s, loss=2.3, test_acc=0.06, grad=3.98, bad=0, lr=2.5e-5]
Training GIN (1-WL):  29%|██▉       | 35/120 [00:13<00:32,  2.63it/s, loss=2.3, test_acc=0.06, grad=3.8, bad=0, lr=2.5e-5] 
Training GIN (1-WL):  30%|███       | 36/120 [00:13<00:32,  2.61it/s, loss=2.3, test_acc=0.06, grad=3.8, bad=0, lr=2.5e-5]
Training GIN (1-WL):  30%|███       | 36/120 [00:14<00:32,  2.61it/s, loss=2.3, test_acc=0.06, grad=4.04, bad=0, lr=2.5e-5]
Training GIN (1-WL):  31%|███       | 37/120 [00:14<00:31,  2.60it/s, loss=2.3, test_acc=0.06, grad=4.04, bad=0, lr=2.5e-5]
Training GIN (1-WL):  31%|███       | 37/120 [00:14<00:31,  2.60it/s, loss=2.3, test_acc=0.07, grad=4.08, bad=0, lr=2.5e-5]
Training GIN (1-WL):  32%|███▏      | 38/120 [00:14<00:31,  2.61it/s, loss=2.3, test_acc=0.07, grad=4.08, bad=0, lr=2.5e-5]
Training GIN (1-WL):  32%|███▏      | 38/120 [00:14<00:31,  2.61it/s, loss=2.3, test_acc=0.07, grad=4.22, bad=0, lr=2.5e-5]
Training GIN (1-WL):  32%|███▎      | 39/120 [00:14<00:30,  2.62it/s, loss=2.3, test_acc=0.07, grad=4.22, bad=0, lr=2.5e-5]
Training GIN (1-WL):  32%|███▎      | 39/120 [00:15<00:30,  2.62it/s, loss=2.3, test_acc=0.07, grad=4.12, bad=0, lr=2.5e-5]
Training GIN (1-WL):  33%|███▎      | 40/120 [00:15<00:30,  2.62it/s, loss=2.3, test_acc=0.07, grad=4.12, bad=0, lr=2.5e-5]
Training GIN (1-WL):  33%|███▎      | 40/120 [00:15<00:30,  2.62it/s, loss=2.3, test_acc=0.07, grad=4.11, bad=0, lr=2.5e-5]
Training GIN (1-WL):  34%|███▍      | 41/120 [00:15<00:30,  2.62it/s, loss=2.3, test_acc=0.07, grad=4.11, bad=0, lr=2.5e-5]
Training GIN (1-WL):  34%|███▍      | 41/120 [00:16<00:30,  2.62it/s, loss=2.3, test_acc=0.07, grad=4.02, bad=0, lr=2.5e-5]
Training GIN (1-WL):  35%|███▌      | 42/120 [00:16<00:29,  2.60it/s, loss=2.3, test_acc=0.07, grad=4.02, bad=0, lr=2.5e-5]
Training GIN (1-WL):  35%|███▌      | 42/120 [00:16<00:29,  2.60it/s, loss=2.3, test_acc=0.07, grad=3.67, bad=0, lr=2.5e-5]
Training GIN (1-WL):  36%|███▌      | 43/120 [00:16<00:29,  2.61it/s, loss=2.3, test_acc=0.07, grad=3.67, bad=0, lr=2.5e-5]
Training GIN (1-WL):  36%|███▌      | 43/120 [00:16<00:29,  2.61it/s, loss=2.3, test_acc=0.06, grad=3.96, bad=0, lr=2.5e-5]
Training GIN (1-WL):  37%|███▋      | 44/120 [00:16<00:29,  2.62it/s, loss=2.3, test_acc=0.06, grad=3.96, bad=0, lr=2.5e-5]
Training GIN (1-WL):  37%|███▋      | 44/120 [00:17<00:29,  2.62it/s, loss=2.3, test_acc=0.06, grad=3.96, bad=0, lr=1.25e-5]
Training GIN (1-WL):  38%|███▊      | 45/120 [00:17<00:28,  2.62it/s, loss=2.3, test_acc=0.06, grad=3.96, bad=0, lr=1.25e-5]
Training GIN (1-WL):  38%|███▊      | 45/120 [00:17<00:28,  2.62it/s, loss=2.3, test_acc=0.06, grad=3.89, bad=0, lr=1.25e-5]
Training GIN (1-WL):  38%|███▊      | 46/120 [00:17<00:28,  2.61it/s, loss=2.3, test_acc=0.06, grad=3.89, bad=0, lr=1.25e-5]
Training GIN (1-WL):  38%|███▊      | 46/120 [00:18<00:28,  2.61it/s, loss=2.3, test_acc=0.07, grad=3.89, bad=0, lr=1.25e-5]
Training GIN (1-WL):  39%|███▉      | 47/120 [00:18<00:27,  2.62it/s, loss=2.3, test_acc=0.07, grad=3.89, bad=0, lr=1.25e-5]
Training GIN (1-WL):  39%|███▉      | 47/120 [00:18<00:27,  2.62it/s, loss=2.3, test_acc=0.06, grad=4.08, bad=0, lr=1.25e-5]
Training GIN (1-WL):  40%|████      | 48/120 [00:18<00:27,  2.62it/s, loss=2.3, test_acc=0.06, grad=4.08, bad=0, lr=1.25e-5]
Training GIN (1-WL):  40%|████      | 48/120 [00:18<00:27,  2.62it/s, loss=2.3, test_acc=0.06, grad=3.81, bad=0, lr=1.25e-5]
Training GIN (1-WL):  41%|████      | 49/120 [00:18<00:26,  2.63it/s, loss=2.3, test_acc=0.06, grad=3.81, bad=0, lr=1.25e-5]
Training GIN (1-WL):  41%|████      | 49/120 [00:19<00:26,  2.63it/s, loss=2.3, test_acc=0.06, grad=3.85, bad=0, lr=1.25e-5]
Training GIN (1-WL):  42%|████▏     | 50/120 [00:19<00:26,  2.64it/s, loss=2.3, test_acc=0.06, grad=3.85, bad=0, lr=1.25e-5]
Training GIN (1-WL):  42%|████▏     | 50/120 [00:19<00:26,  2.64it/s, loss=2.3, test_acc=0.06, grad=3.93, bad=0, lr=1.25e-5]
Training GIN (1-WL):  42%|████▎     | 51/120 [00:19<00:26,  2.64it/s, loss=2.3, test_acc=0.06, grad=3.93, bad=0, lr=1.25e-5]
Training GIN (1-WL):  42%|████▎     | 51/120 [00:19<00:26,  2.64it/s, loss=2.3, test_acc=0.07, grad=4.05, bad=0, lr=1.25e-5]
Training GIN (1-WL):  43%|████▎     | 52/120 [00:19<00:25,  2.65it/s, loss=2.3, test_acc=0.07, grad=4.05, bad=0, lr=1.25e-5]
Training GIN (1-WL):  43%|████▎     | 52/120 [00:20<00:25,  2.65it/s, loss=2.3, test_acc=0.07, grad=3.82, bad=0, lr=1.25e-5]
Training GIN (1-WL):  44%|████▍     | 53/120 [00:20<00:25,  2.65it/s, loss=2.3, test_acc=0.07, grad=3.82, bad=0, lr=1.25e-5]
Training GIN (1-WL):  44%|████▍     | 53/120 [00:20<00:25,  2.65it/s, loss=2.3, test_acc=0.07, grad=3.61, bad=0, lr=1.25e-5]
Training GIN (1-WL):  45%|████▌     | 54/120 [00:20<00:24,  2.65it/s, loss=2.3, test_acc=0.07, grad=3.61, bad=0, lr=1.25e-5]
Training GIN (1-WL):  45%|████▌     | 54/120 [00:21<00:24,  2.65it/s, loss=2.3, test_acc=0.07, grad=3.87, bad=0, lr=1.25e-5]
Training GIN (1-WL):  46%|████▌     | 55/120 [00:21<00:24,  2.66it/s, loss=2.3, test_acc=0.07, grad=3.87, bad=0, lr=1.25e-5]
Training GIN (1-WL):  46%|████▌     | 55/120 [00:21<00:24,  2.66it/s, loss=2.3, test_acc=0.07, grad=4.07, bad=0, lr=6.25e-6]
Training GIN (1-WL):  47%|████▋     | 56/120 [00:21<00:24,  2.65it/s, loss=2.3, test_acc=0.07, grad=4.07, bad=0, lr=6.25e-6]
Training GIN (1-WL):  47%|████▋     | 56/120 [00:21<00:24,  2.65it/s, loss=2.3, test_acc=0.07, grad=3.78, bad=0, lr=6.25e-6]
Training GIN (1-WL):  48%|████▊     | 57/120 [00:21<00:23,  2.65it/s, loss=2.3, test_acc=0.07, grad=3.78, bad=0, lr=6.25e-6]
Training GIN (1-WL):  48%|████▊     | 57/120 [00:22<00:23,  2.65it/s, loss=2.3, test_acc=0.07, grad=4.15, bad=0, lr=6.25e-6]
Training GIN (1-WL):  48%|████▊     | 58/120 [00:22<00:23,  2.66it/s, loss=2.3, test_acc=0.07, grad=4.15, bad=0, lr=6.25e-6]
Training GIN (1-WL):  48%|████▊     | 58/120 [00:22<00:23,  2.66it/s, loss=2.3, test_acc=0.07, grad=3.83, bad=0, lr=6.25e-6]
Training GIN (1-WL):  49%|████▉     | 59/120 [00:22<00:22,  2.66it/s, loss=2.3, test_acc=0.07, grad=3.83, bad=0, lr=6.25e-6]
Training GIN (1-WL):  49%|████▉     | 59/120 [00:22<00:22,  2.66it/s, loss=2.3, test_acc=0.07, grad=3.88, bad=0, lr=6.25e-6]
Training GIN (1-WL):  50%|█████     | 60/120 [00:22<00:22,  2.65it/s, loss=2.3, test_acc=0.07, grad=3.88, bad=0, lr=6.25e-6]
Training GIN (1-WL):  50%|█████     | 60/120 [00:23<00:22,  2.65it/s, loss=2.3, test_acc=0.07, grad=3.86, bad=0, lr=6.25e-6]
Training GIN (1-WL):  51%|█████     | 61/120 [00:23<00:22,  2.64it/s, loss=2.3, test_acc=0.07, grad=3.86, bad=0, lr=6.25e-6]
Training GIN (1-WL):  51%|█████     | 61/120 [00:23<00:22,  2.64it/s, loss=2.3, test_acc=0.07, grad=3.91, bad=0, lr=6.25e-6]
Training GIN (1-WL):  52%|█████▏    | 62/120 [00:23<00:22,  2.62it/s, loss=2.3, test_acc=0.07, grad=3.91, bad=0, lr=6.25e-6]
Training GIN (1-WL):  52%|█████▏    | 62/120 [00:24<00:22,  2.62it/s, loss=2.3, test_acc=0.07, grad=3.98, bad=0, lr=6.25e-6]
Training GIN (1-WL):  52%|█████▎    | 63/120 [00:24<00:21,  2.62it/s, loss=2.3, test_acc=0.07, grad=3.98, bad=0, lr=6.25e-6]
Training GIN (1-WL):  52%|█████▎    | 63/120 [00:24<00:21,  2.62it/s, loss=2.3, test_acc=0.07, grad=3.89, bad=0, lr=6.25e-6]
Training GIN (1-WL):  53%|█████▎    | 64/120 [00:24<00:21,  2.63it/s, loss=2.3, test_acc=0.07, grad=3.89, bad=0, lr=6.25e-6]
Training GIN (1-WL):  53%|█████▎    | 64/120 [00:24<00:21,  2.63it/s, loss=2.3, test_acc=0.07, grad=3.86, bad=0, lr=6.25e-6]
Training GIN (1-WL):  54%|█████▍    | 65/120 [00:24<00:21,  2.62it/s, loss=2.3, test_acc=0.07, grad=3.86, bad=0, lr=6.25e-6]
Training GIN (1-WL):  54%|█████▍    | 65/120 [00:25<00:21,  2.62it/s, loss=2.3, test_acc=0.07, grad=4.03, bad=0, lr=6.25e-6]
Training GIN (1-WL):  55%|█████▌    | 66/120 [00:25<00:20,  2.62it/s, loss=2.3, test_acc=0.07, grad=4.03, bad=0, lr=6.25e-6]
Training GIN (1-WL):  55%|█████▌    | 66/120 [00:25<00:20,  2.62it/s, loss=2.3, test_acc=0.07, grad=3.64, bad=0, lr=3.13e-6]
Training GIN (1-WL):  56%|█████▌    | 67/120 [00:25<00:21,  2.52it/s, loss=2.3, test_acc=0.07, grad=3.64, bad=0, lr=3.13e-6]
Training GIN (1-WL):  56%|█████▌    | 67/120 [00:26<00:21,  2.52it/s, loss=2.3, test_acc=0.07, grad=3.8, bad=0, lr=3.13e-6] 
Training GIN (1-WL):  57%|█████▋    | 68/120 [00:26<00:21,  2.37it/s, loss=2.3, test_acc=0.07, grad=3.8, bad=0, lr=3.13e-6]
Training GIN (1-WL):  57%|█████▋    | 68/120 [00:26<00:21,  2.37it/s, loss=2.3, test_acc=0.07, grad=4.14, bad=0, lr=3.13e-6]
Training GIN (1-WL):  57%|█████▊    | 69/120 [00:26<00:22,  2.27it/s, loss=2.3, test_acc=0.07, grad=4.14, bad=0, lr=3.13e-6]
Training GIN (1-WL):  57%|█████▊    | 69/120 [00:27<00:22,  2.27it/s, loss=2.3, test_acc=0.07, grad=4.03, bad=0, lr=3.13e-6]
Training GIN (1-WL):  58%|█████▊    | 70/120 [00:27<00:22,  2.20it/s, loss=2.3, test_acc=0.07, grad=4.03, bad=0, lr=3.13e-6]
Training GIN (1-WL):  58%|█████▊    | 70/120 [00:27<00:22,  2.20it/s, loss=2.3, test_acc=0.07, grad=3.79, bad=0, lr=3.13e-6]
Training GIN (1-WL):  59%|█████▉    | 71/120 [00:27<00:23,  2.12it/s, loss=2.3, test_acc=0.07, grad=3.79, bad=0, lr=3.13e-6]
Training GIN (1-WL):  59%|█████▉    | 71/120 [00:28<00:23,  2.12it/s, loss=2.3, test_acc=0.07, grad=3.92, bad=0, lr=3.13e-6]
Training GIN (1-WL):  60%|██████    | 72/120 [00:28<00:23,  2.07it/s, loss=2.3, test_acc=0.07, grad=3.92, bad=0, lr=3.13e-6]
Training GIN (1-WL):  60%|██████    | 72/120 [00:28<00:23,  2.07it/s, loss=2.3, test_acc=0.07, grad=3.93, bad=0, lr=3.13e-6]
Training GIN (1-WL):  61%|██████    | 73/120 [00:28<00:23,  2.04it/s, loss=2.3, test_acc=0.07, grad=3.93, bad=0, lr=3.13e-6]
Training GIN (1-WL):  61%|██████    | 73/120 [00:29<00:23,  2.04it/s, loss=2.3, test_acc=0.07, grad=4.03, bad=0, lr=3.13e-6]
Training GIN (1-WL):  62%|██████▏   | 74/120 [00:29<00:22,  2.01it/s, loss=2.3, test_acc=0.07, grad=4.03, bad=0, lr=3.13e-6]
Training GIN (1-WL):  62%|██████▏   | 74/120 [00:29<00:22,  2.01it/s, loss=2.3, test_acc=0.07, grad=3.79, bad=0, lr=3.13e-6]
Training GIN (1-WL):  62%|██████▎   | 75/120 [00:29<00:22,  1.97it/s, loss=2.3, test_acc=0.07, grad=3.79, bad=0, lr=3.13e-6]
Training GIN (1-WL):  62%|██████▎   | 75/120 [00:30<00:22,  1.97it/s, loss=2.3, test_acc=0.07, grad=3.74, bad=0, lr=3.13e-6]
Training GIN (1-WL):  63%|██████▎   | 76/120 [00:30<00:22,  1.96it/s, loss=2.3, test_acc=0.07, grad=3.74, bad=0, lr=3.13e-6]
Training GIN (1-WL):  63%|██████▎   | 76/120 [00:30<00:22,  1.96it/s, loss=2.3, test_acc=0.07, grad=3.75, bad=0, lr=3.13e-6]
Training GIN (1-WL):  64%|██████▍   | 77/120 [00:30<00:21,  1.96it/s, loss=2.3, test_acc=0.07, grad=3.75, bad=0, lr=3.13e-6]
Training GIN (1-WL):  64%|██████▍   | 77/120 [00:31<00:21,  1.96it/s, loss=2.3, test_acc=0.07, grad=3.89, bad=0, lr=1.56e-6]
Training GIN (1-WL):  65%|██████▌   | 78/120 [00:31<00:21,  1.97it/s, loss=2.3, test_acc=0.07, grad=3.89, bad=0, lr=1.56e-6]
Training GIN (1-WL):  65%|██████▌   | 78/120 [00:31<00:21,  1.97it/s, loss=2.3, test_acc=0.07, grad=3.79, bad=0, lr=1.56e-6]
Training GIN (1-WL):  66%|██████▌   | 79/120 [00:31<00:20,  1.97it/s, loss=2.3, test_acc=0.07, grad=3.79, bad=0, lr=1.56e-6]
Training GIN (1-WL):  66%|██████▌   | 79/120 [00:32<00:20,  1.97it/s, loss=2.3, test_acc=0.07, grad=3.94, bad=0, lr=1.56e-6]
Training GIN (1-WL):  67%|██████▋   | 80/120 [00:32<00:20,  1.97it/s, loss=2.3, test_acc=0.07, grad=3.94, bad=0, lr=1.56e-6]
Training GIN (1-WL):  67%|██████▋   | 80/120 [00:32<00:20,  1.97it/s, loss=2.3, test_acc=0.07, grad=3.8, bad=0, lr=1.56e-6] 
Training GIN (1-WL):  68%|██████▊   | 81/120 [00:32<00:19,  1.96it/s, loss=2.3, test_acc=0.07, grad=3.8, bad=0, lr=1.56e-6]
Training GIN (1-WL):  68%|██████▊   | 81/120 [00:33<00:19,  1.96it/s, loss=2.3, test_acc=0.07, grad=3.93, bad=0, lr=1.56e-6]
Training GIN (1-WL):  68%|██████▊   | 82/120 [00:33<00:19,  1.96it/s, loss=2.3, test_acc=0.07, grad=3.93, bad=0, lr=1.56e-6]
Training GIN (1-WL):  68%|██████▊   | 82/120 [00:33<00:19,  1.96it/s, loss=2.3, test_acc=0.07, grad=4.01, bad=0, lr=1.56e-6]
Training GIN (1-WL):  69%|██████▉   | 83/120 [00:33<00:18,  1.96it/s, loss=2.3, test_acc=0.07, grad=4.01, bad=0, lr=1.56e-6]
Training GIN (1-WL):  69%|██████▉   | 83/120 [00:34<00:18,  1.96it/s, loss=2.3, test_acc=0.07, grad=3.92, bad=0, lr=1.56e-6]
Training GIN (1-WL):  70%|███████   | 84/120 [00:34<00:18,  1.96it/s, loss=2.3, test_acc=0.07, grad=3.92, bad=0, lr=1.56e-6]
Training GIN (1-WL):  70%|███████   | 84/120 [00:34<00:18,  1.96it/s, loss=2.3, test_acc=0.07, grad=3.9, bad=0, lr=1.56e-6] 
Training GIN (1-WL):  71%|███████   | 85/120 [00:34<00:17,  1.96it/s, loss=2.3, test_acc=0.07, grad=3.9, bad=0, lr=1.56e-6]
Training GIN (1-WL):  71%|███████   | 85/120 [00:35<00:17,  1.96it/s, loss=2.3, test_acc=0.07, grad=3.83, bad=0, lr=1.56e-6]
Training GIN (1-WL):  72%|███████▏  | 86/120 [00:35<00:17,  1.97it/s, loss=2.3, test_acc=0.07, grad=3.83, bad=0, lr=1.56e-6]
Training GIN (1-WL):  72%|███████▏  | 86/120 [00:35<00:17,  1.97it/s, loss=2.3, test_acc=0.07, grad=3.85, bad=0, lr=1.56e-6]
Training GIN (1-WL):  72%|███████▎  | 87/120 [00:35<00:16,  1.97it/s, loss=2.3, test_acc=0.07, grad=3.85, bad=0, lr=1.56e-6]
Training GIN (1-WL):  72%|███████▎  | 87/120 [00:36<00:16,  1.97it/s, loss=2.3, test_acc=0.07, grad=3.93, bad=0, lr=1.56e-6]
Training GIN (1-WL):  73%|███████▎  | 88/120 [00:36<00:16,  1.96it/s, loss=2.3, test_acc=0.07, grad=3.93, bad=0, lr=1.56e-6]
Training GIN (1-WL):  73%|███████▎  | 88/120 [00:36<00:16,  1.96it/s, loss=2.3, test_acc=0.07, grad=4.08, bad=0, lr=7.81e-7]
Training GIN (1-WL):  74%|███████▍  | 89/120 [00:36<00:15,  1.95it/s, loss=2.3, test_acc=0.07, grad=4.08, bad=0, lr=7.81e-7]
Training GIN (1-WL):  74%|███████▍  | 89/120 [00:37<00:15,  1.95it/s, loss=2.3, test_acc=0.07, grad=4.07, bad=0, lr=7.81e-7]
Training GIN (1-WL):  75%|███████▌  | 90/120 [00:37<00:15,  1.95it/s, loss=2.3, test_acc=0.07, grad=4.07, bad=0, lr=7.81e-7]
Training GIN (1-WL):  75%|███████▌  | 90/120 [00:37<00:15,  1.95it/s, loss=2.3, test_acc=0.07, grad=3.84, bad=0, lr=7.81e-7]
Training GIN (1-WL):  76%|███████▌  | 91/120 [00:37<00:14,  1.95it/s, loss=2.3, test_acc=0.07, grad=3.84, bad=0, lr=7.81e-7]
Training GIN (1-WL):  76%|███████▌  | 91/120 [00:38<00:14,  1.95it/s, loss=2.3, test_acc=0.07, grad=3.95, bad=0, lr=7.81e-7]
Training GIN (1-WL):  77%|███████▋  | 92/120 [00:38<00:14,  1.96it/s, loss=2.3, test_acc=0.07, grad=3.95, bad=0, lr=7.81e-7]
Training GIN (1-WL):  77%|███████▋  | 92/120 [00:38<00:14,  1.96it/s, loss=2.3, test_acc=0.07, grad=3.74, bad=0, lr=7.81e-7]
Training GIN (1-WL):  78%|███████▊  | 93/120 [00:38<00:13,  1.97it/s, loss=2.3, test_acc=0.07, grad=3.74, bad=0, lr=7.81e-7]
Training GIN (1-WL):  78%|███████▊  | 93/120 [00:39<00:13,  1.97it/s, loss=2.3, test_acc=0.07, grad=3.64, bad=0, lr=7.81e-7]
Training GIN (1-WL):  78%|███████▊  | 94/120 [00:39<00:13,  1.97it/s, loss=2.3, test_acc=0.07, grad=3.64, bad=0, lr=7.81e-7]
Training GIN (1-WL):  78%|███████▊  | 94/120 [00:39<00:13,  1.97it/s, loss=2.3, test_acc=0.07, grad=4.03, bad=0, lr=7.81e-7]
Training GIN (1-WL):  79%|███████▉  | 95/120 [00:39<00:12,  1.96it/s, loss=2.3, test_acc=0.07, grad=4.03, bad=0, lr=7.81e-7]
Training GIN (1-WL):  79%|███████▉  | 95/120 [00:40<00:12,  1.96it/s, loss=2.3, test_acc=0.07, grad=4.07, bad=0, lr=7.81e-7]
Training GIN (1-WL):  80%|████████  | 96/120 [00:40<00:12,  1.97it/s, loss=2.3, test_acc=0.07, grad=4.07, bad=0, lr=7.81e-7]
Training GIN (1-WL):  80%|████████  | 96/120 [00:40<00:12,  1.97it/s, loss=2.3, test_acc=0.07, grad=3.98, bad=0, lr=7.81e-7]
Training GIN (1-WL):  81%|████████  | 97/120 [00:40<00:11,  1.98it/s, loss=2.3, test_acc=0.07, grad=3.98, bad=0, lr=7.81e-7]
Training GIN (1-WL):  81%|████████  | 97/120 [00:41<00:11,  1.98it/s, loss=2.3, test_acc=0.07, grad=3.99, bad=0, lr=7.81e-7]
Training GIN (1-WL):  82%|████████▏ | 98/120 [00:41<00:11,  1.98it/s, loss=2.3, test_acc=0.07, grad=3.99, bad=0, lr=7.81e-7]
Training GIN (1-WL):  82%|████████▏ | 98/120 [00:41<00:11,  1.98it/s, loss=2.3, test_acc=0.07, grad=3.86, bad=0, lr=7.81e-7]
Training GIN (1-WL):  82%|████████▎ | 99/120 [00:41<00:10,  1.97it/s, loss=2.3, test_acc=0.07, grad=3.86, bad=0, lr=7.81e-7]
Training GIN (1-WL):  82%|████████▎ | 99/120 [00:42<00:10,  1.97it/s, loss=2.3, test_acc=0.07, grad=4, bad=0, lr=3.91e-7]   
Training GIN (1-WL):  83%|████████▎ | 100/120 [00:42<00:10,  1.97it/s, loss=2.3, test_acc=0.07, grad=4, bad=0, lr=3.91e-7]
Training GIN (1-WL):  83%|████████▎ | 100/120 [00:42<00:10,  1.97it/s, loss=2.3, test_acc=0.07, grad=3.86, bad=0, lr=3.91e-7]
Training GIN (1-WL):  84%|████████▍ | 101/120 [00:42<00:09,  1.98it/s, loss=2.3, test_acc=0.07, grad=3.86, bad=0, lr=3.91e-7]
Training GIN (1-WL):  84%|████████▍ | 101/120 [00:43<00:09,  1.98it/s, loss=2.3, test_acc=0.07, grad=3.83, bad=0, lr=3.91e-7]
Training GIN (1-WL):  85%|████████▌ | 102/120 [00:43<00:09,  1.98it/s, loss=2.3, test_acc=0.07, grad=3.83, bad=0, lr=3.91e-7]
Training GIN (1-WL):  85%|████████▌ | 102/120 [00:43<00:09,  1.98it/s, loss=2.3, test_acc=0.07, grad=3.92, bad=0, lr=3.91e-7]
Training GIN (1-WL):  86%|████████▌ | 103/120 [00:43<00:08,  1.97it/s, loss=2.3, test_acc=0.07, grad=3.92, bad=0, lr=3.91e-7]
Training GIN (1-WL):  86%|████████▌ | 103/120 [00:44<00:08,  1.97it/s, loss=2.3, test_acc=0.07, grad=3.82, bad=0, lr=3.91e-7]
Training GIN (1-WL):  87%|████████▋ | 104/120 [00:44<00:08,  1.99it/s, loss=2.3, test_acc=0.07, grad=3.82, bad=0, lr=3.91e-7]
Training GIN (1-WL):  87%|████████▋ | 104/120 [00:44<00:08,  1.99it/s, loss=2.3, test_acc=0.07, grad=4.12, bad=0, lr=3.91e-7]
Training GIN (1-WL):  88%|████████▊ | 105/120 [00:44<00:07,  1.99it/s, loss=2.3, test_acc=0.07, grad=4.12, bad=0, lr=3.91e-7]
Training GIN (1-WL):  88%|████████▊ | 105/120 [00:45<00:07,  1.99it/s, loss=2.3, test_acc=0.07, grad=3.82, bad=0, lr=3.91e-7]
Training GIN (1-WL):  88%|████████▊ | 106/120 [00:45<00:07,  2.00it/s, loss=2.3, test_acc=0.07, grad=3.82, bad=0, lr=3.91e-7]
Training GIN (1-WL):  88%|████████▊ | 106/120 [00:45<00:07,  2.00it/s, loss=2.3, test_acc=0.07, grad=4.02, bad=0, lr=3.91e-7]
Training GIN (1-WL):  89%|████████▉ | 107/120 [00:45<00:06,  2.00it/s, loss=2.3, test_acc=0.07, grad=4.02, bad=0, lr=3.91e-7]
Training GIN (1-WL):  89%|████████▉ | 107/120 [00:46<00:06,  2.00it/s, loss=2.3, test_acc=0.07, grad=3.89, bad=0, lr=3.91e-7]
Training GIN (1-WL):  90%|█████████ | 108/120 [00:46<00:05,  2.01it/s, loss=2.3, test_acc=0.07, grad=3.89, bad=0, lr=3.91e-7]
Training GIN (1-WL):  90%|█████████ | 108/120 [00:46<00:05,  2.01it/s, loss=2.3, test_acc=0.07, grad=3.56, bad=0, lr=3.91e-7]
Training GIN (1-WL):  91%|█████████ | 109/120 [00:46<00:05,  2.02it/s, loss=2.3, test_acc=0.07, grad=3.56, bad=0, lr=3.91e-7]
Training GIN (1-WL):  91%|█████████ | 109/120 [00:47<00:05,  2.02it/s, loss=2.3, test_acc=0.07, grad=4.03, bad=0, lr=3.91e-7]
Training GIN (1-WL):  92%|█████████▏| 110/120 [00:47<00:04,  2.03it/s, loss=2.3, test_acc=0.07, grad=4.03, bad=0, lr=3.91e-7]
Training GIN (1-WL):  92%|█████████▏| 110/120 [00:47<00:04,  2.03it/s, loss=2.3, test_acc=0.07, grad=3.73, bad=0, lr=1.95e-7]
Training GIN (1-WL):  92%|█████████▎| 111/120 [00:47<00:04,  2.02it/s, loss=2.3, test_acc=0.07, grad=3.73, bad=0, lr=1.95e-7]
Training GIN (1-WL):  92%|█████████▎| 111/120 [00:48<00:04,  2.02it/s, loss=2.3, test_acc=0.07, grad=4.03, bad=0, lr=1.95e-7]
Training GIN (1-WL):  93%|█████████▎| 112/120 [00:48<00:03,  2.03it/s, loss=2.3, test_acc=0.07, grad=4.03, bad=0, lr=1.95e-7]
Training GIN (1-WL):  93%|█████████▎| 112/120 [00:48<00:03,  2.03it/s, loss=2.3, test_acc=0.07, grad=3.71, bad=0, lr=1.95e-7]
Training GIN (1-WL):  94%|█████████▍| 113/120 [00:48<00:03,  2.03it/s, loss=2.3, test_acc=0.07, grad=3.71, bad=0, lr=1.95e-7]
Training GIN (1-WL):  94%|█████████▍| 113/120 [00:49<00:03,  2.03it/s, loss=2.3, test_acc=0.07, grad=3.83, bad=0, lr=1.95e-7]
Training GIN (1-WL):  95%|█████████▌| 114/120 [00:49<00:02,  2.03it/s, loss=2.3, test_acc=0.07, grad=3.83, bad=0, lr=1.95e-7]
Training GIN (1-WL):  95%|█████████▌| 114/120 [00:49<00:02,  2.03it/s, loss=2.3, test_acc=0.07, grad=3.92, bad=0, lr=1.95e-7]
Training GIN (1-WL):  96%|█████████▌| 115/120 [00:49<00:02,  2.02it/s, loss=2.3, test_acc=0.07, grad=3.92, bad=0, lr=1.95e-7]
Training GIN (1-WL):  96%|█████████▌| 115/120 [00:50<00:02,  2.02it/s, loss=2.3, test_acc=0.07, grad=4.04, bad=0, lr=1.95e-7]
Training GIN (1-WL):  97%|█████████▋| 116/120 [00:50<00:01,  2.03it/s, loss=2.3, test_acc=0.07, grad=4.04, bad=0, lr=1.95e-7]
Training GIN (1-WL):  97%|█████████▋| 116/120 [00:50<00:01,  2.03it/s, loss=2.3, test_acc=0.07, grad=3.76, bad=0, lr=1.95e-7]
Training GIN (1-WL):  98%|█████████▊| 117/120 [00:50<00:01,  2.03it/s, loss=2.3, test_acc=0.07, grad=3.76, bad=0, lr=1.95e-7]
Training GIN (1-WL):  98%|█████████▊| 117/120 [00:51<00:01,  2.03it/s, loss=2.3, test_acc=0.07, grad=3.85, bad=0, lr=1.95e-7]
Training GIN (1-WL):  98%|█████████▊| 118/120 [00:51<00:00,  2.03it/s, loss=2.3, test_acc=0.07, grad=3.85, bad=0, lr=1.95e-7]
Training GIN (1-WL):  98%|█████████▊| 118/120 [00:51<00:00,  2.03it/s, loss=2.3, test_acc=0.07, grad=3.76, bad=0, lr=1.95e-7]
Training GIN (1-WL):  99%|█████████▉| 119/120 [00:51<00:00,  2.01it/s, loss=2.3, test_acc=0.07, grad=3.76, bad=0, lr=1.95e-7]
Training GIN (1-WL):  99%|█████████▉| 119/120 [00:52<00:00,  2.01it/s, loss=2.3, test_acc=0.07, grad=4.11, bad=0, lr=1.95e-7]
Training GIN (1-WL): 100%|██████████| 120/120 [00:52<00:00,  2.01it/s, loss=2.3, test_acc=0.07, grad=4.11, bad=0, lr=1.95e-7]
Training GIN (1-WL): 100%|██████████| 120/120 [00:52<00:00,  2.29it/s, loss=2.3, test_acc=0.07, grad=4.11, bad=0, lr=1.95e-7]

Training FullGET (R=2, stable):   0%|          | 0/120 [00:00<?, ?it/s]
Training FullGET (R=2, stable):   0%|          | 0/120 [00:05<?, ?it/s, loss=2.33, test_acc=0.07, grad=2.72, bad=0, lr=0.0001]
Training FullGET (R=2, stable):   1%|          | 1/120 [00:05<10:02,  5.06s/it, loss=2.33, test_acc=0.07, grad=2.72, bad=0, lr=0.0001]
Training FullGET (R=2, stable):   1%|          | 1/120 [00:10<10:02,  5.06s/it, loss=2.31, test_acc=0.07, grad=2.65, bad=0, lr=0.0001]
Training FullGET (R=2, stable):   2%|▏         | 2/120 [00:10<09:56,  5.06s/it, loss=2.31, test_acc=0.07, grad=2.65, bad=0, lr=0.0001]
Training FullGET (R=2, stable):   2%|▏         | 2/120 [00:14<09:56,  5.06s/it, loss=2.31, test_acc=0.07, grad=2.42, bad=0, lr=0.0001]
Training FullGET (R=2, stable):   2%|▎         | 3/120 [00:14<09:11,  4.72s/it, loss=2.31, test_acc=0.07, grad=2.42, bad=0, lr=0.0001]
Training FullGET (R=2, stable):   2%|▎         | 3/120 [00:18<09:11,  4.72s/it, loss=2.31, test_acc=0.06, grad=2.44, bad=0, lr=0.0001]
Training FullGET (R=2, stable):   3%|▎         | 4/120 [00:18<08:46,  4.54s/it, loss=2.31, test_acc=0.06, grad=2.44, bad=0, lr=0.0001]
Training FullGET (R=2, stable):   3%|▎         | 4/120 [00:22<08:46,  4.54s/it, loss=2.31, test_acc=0.07, grad=2.35, bad=0, lr=0.0001]
Training FullGET (R=2, stable):   4%|▍         | 5/120 [00:22<08:30,  4.44s/it, loss=2.31, test_acc=0.07, grad=2.35, bad=0, lr=0.0001]
Training FullGET (R=2, stable):   4%|▍         | 5/120 [00:27<08:30,  4.44s/it, loss=2.31, test_acc=0.06, grad=2.12, bad=0, lr=0.0001]
Training FullGET (R=2, stable):   5%|▌         | 6/120 [00:27<08:18,  4.38s/it, loss=2.31, test_acc=0.06, grad=2.12, bad=0, lr=0.0001]
Training FullGET (R=2, stable):   5%|▌         | 6/120 [00:31<08:18,  4.38s/it, loss=2.31, test_acc=0.07, grad=2.26, bad=0, lr=0.0001]
Training FullGET (R=2, stable):   6%|▌         | 7/120 [00:31<08:11,  4.35s/it, loss=2.31, test_acc=0.07, grad=2.26, bad=0, lr=0.0001]
Training FullGET (R=2, stable):   6%|▌         | 7/120 [00:35<08:11,  4.35s/it, loss=2.31, test_acc=0.07, grad=2.26, bad=0, lr=0.0001]
Training FullGET (R=2, stable):   7%|▋         | 8/120 [00:35<08:04,  4.33s/it, loss=2.31, test_acc=0.07, grad=2.26, bad=0, lr=0.0001]
Training FullGET (R=2, stable):   7%|▋         | 8/120 [00:40<08:04,  4.33s/it, loss=2.3, test_acc=0.07, grad=2.05, bad=0, lr=0.0001] 
Training FullGET (R=2, stable):   8%|▊         | 9/120 [00:40<07:58,  4.31s/it, loss=2.3, test_acc=0.07, grad=2.05, bad=0, lr=0.0001]
Training FullGET (R=2, stable):   8%|▊         | 9/120 [00:44<07:58,  4.31s/it, loss=2.31, test_acc=0.06, grad=2.11, bad=0, lr=0.0001]
Training FullGET (R=2, stable):   8%|▊         | 10/120 [00:44<07:52,  4.30s/it, loss=2.31, test_acc=0.06, grad=2.11, bad=0, lr=0.0001]
Training FullGET (R=2, stable):   8%|▊         | 10/120 [00:48<07:52,  4.30s/it, loss=2.3, test_acc=0.06, grad=2.01, bad=0, lr=0.0001] 
Training FullGET (R=2, stable):   9%|▉         | 11/120 [00:48<07:47,  4.29s/it, loss=2.3, test_acc=0.06, grad=2.01, bad=0, lr=0.0001]
Training FullGET (R=2, stable):   9%|▉         | 11/120 [00:52<07:47,  4.29s/it, loss=2.31, test_acc=0.07, grad=2.04, bad=0, lr=5e-5] 
Training FullGET (R=2, stable):  10%|█         | 12/120 [00:52<07:42,  4.28s/it, loss=2.31, test_acc=0.07, grad=2.04, bad=0, lr=5e-5]
Training FullGET (R=2, stable):  10%|█         | 12/120 [00:57<07:42,  4.28s/it, loss=2.3, test_acc=0.07, grad=1.93, bad=0, lr=5e-5] 
Training FullGET (R=2, stable):  11%|█         | 13/120 [00:57<07:50,  4.39s/it, loss=2.3, test_acc=0.07, grad=1.93, bad=0, lr=5e-5]
Training FullGET (R=2, stable):  11%|█         | 13/120 [01:02<07:50,  4.39s/it, loss=2.3, test_acc=0.06, grad=1.87, bad=0, lr=5e-5]
Training FullGET (R=2, stable):  12%|█▏        | 14/120 [01:02<08:11,  4.64s/it, loss=2.3, test_acc=0.06, grad=1.87, bad=0, lr=5e-5]
Training FullGET (R=2, stable):  12%|█▏        | 14/120 [01:07<08:11,  4.64s/it, loss=2.3, test_acc=0.07, grad=1.92, bad=0, lr=5e-5]
Training FullGET (R=2, stable):  12%|█▎        | 15/120 [01:07<08:25,  4.82s/it, loss=2.3, test_acc=0.07, grad=1.92, bad=0, lr=5e-5]
Training FullGET (R=2, stable):  12%|█▎        | 15/120 [01:13<08:25,  4.82s/it, loss=2.3, test_acc=0.07, grad=2.06, bad=0, lr=5e-5]
Training FullGET (R=2, stable):  13%|█▎        | 16/120 [01:13<08:32,  4.93s/it, loss=2.3, test_acc=0.07, grad=2.06, bad=0, lr=5e-5]
Training FullGET (R=2, stable):  13%|█▎        | 16/120 [01:18<08:32,  4.93s/it, loss=2.3, test_acc=0.07, grad=1.95, bad=0, lr=5e-5]
Training FullGET (R=2, stable):  14%|█▍        | 17/120 [01:18<08:37,  5.03s/it, loss=2.3, test_acc=0.07, grad=1.95, bad=0, lr=5e-5]
Training FullGET (R=2, stable):  14%|█▍        | 17/120 [01:23<08:37,  5.03s/it, loss=2.3, test_acc=0.07, grad=2.01, bad=0, lr=5e-5]
Training FullGET (R=2, stable):  15%|█▌        | 18/120 [01:23<08:37,  5.08s/it, loss=2.3, test_acc=0.07, grad=2.01, bad=0, lr=5e-5]
Training FullGET (R=2, stable):  15%|█▌        | 18/120 [01:28<08:37,  5.08s/it, loss=2.3, test_acc=0.07, grad=2.05, bad=0, lr=5e-5]
Training FullGET (R=2, stable):  16%|█▌        | 19/120 [01:28<08:36,  5.11s/it, loss=2.3, test_acc=0.07, grad=2.05, bad=0, lr=5e-5]
Training FullGET (R=2, stable):  16%|█▌        | 19/120 [01:33<08:36,  5.11s/it, loss=2.3, test_acc=0.07, grad=1.98, bad=0, lr=5e-5]
Training FullGET (R=2, stable):  17%|█▋        | 20/120 [01:33<08:32,  5.13s/it, loss=2.3, test_acc=0.07, grad=1.98, bad=0, lr=5e-5]
Training FullGET (R=2, stable):  17%|█▋        | 20/120 [01:39<08:32,  5.13s/it, loss=2.3, test_acc=0.07, grad=1.88, bad=0, lr=5e-5]
Training FullGET (R=2, stable):  18%|█▊        | 21/120 [01:39<08:31,  5.16s/it, loss=2.3, test_acc=0.07, grad=1.88, bad=0, lr=5e-5]
Training FullGET (R=2, stable):  18%|█▊        | 21/120 [01:44<08:31,  5.16s/it, loss=2.3, test_acc=0.07, grad=1.82, bad=0, lr=5e-5]
Training FullGET (R=2, stable):  18%|█▊        | 22/120 [01:44<08:33,  5.24s/it, loss=2.3, test_acc=0.07, grad=1.82, bad=0, lr=5e-5]
Training FullGET (R=2, stable):  18%|█▊        | 22/120 [01:49<08:33,  5.24s/it, loss=2.3, test_acc=0.07, grad=1.84, bad=0, lr=2.5e-5]
Training FullGET (R=2, stable):  19%|█▉        | 23/120 [01:49<08:27,  5.23s/it, loss=2.3, test_acc=0.07, grad=1.84, bad=0, lr=2.5e-5]
Training FullGET (R=2, stable):  19%|█▉        | 23/120 [01:55<08:27,  5.23s/it, loss=2.3, test_acc=0.07, grad=1.9, bad=0, lr=2.5e-5] 
Training FullGET (R=2, stable):  20%|██        | 24/120 [01:55<08:21,  5.22s/it, loss=2.3, test_acc=0.07, grad=1.9, bad=0, lr=2.5e-5]
Training FullGET (R=2, stable):  20%|██        | 24/120 [02:00<08:21,  5.22s/it, loss=2.3, test_acc=0.07, grad=1.84, bad=0, lr=2.5e-5]
Training FullGET (R=2, stable):  21%|██        | 25/120 [02:00<08:15,  5.21s/it, loss=2.3, test_acc=0.07, grad=1.84, bad=0, lr=2.5e-5]
Training FullGET (R=2, stable):  21%|██        | 25/120 [02:05<08:15,  5.21s/it, loss=2.3, test_acc=0.07, grad=1.99, bad=0, lr=2.5e-5]
Training FullGET (R=2, stable):  22%|██▏       | 26/120 [02:05<08:07,  5.18s/it, loss=2.3, test_acc=0.07, grad=1.99, bad=0, lr=2.5e-5]
Training FullGET (R=2, stable):  22%|██▏       | 26/120 [02:10<08:07,  5.18s/it, loss=2.3, test_acc=0.07, grad=1.86, bad=0, lr=2.5e-5]
Training FullGET (R=2, stable):  22%|██▎       | 27/120 [02:10<08:03,  5.20s/it, loss=2.3, test_acc=0.07, grad=1.86, bad=0, lr=2.5e-5]
Training FullGET (R=2, stable):  22%|██▎       | 27/120 [02:15<08:03,  5.20s/it, loss=2.3, test_acc=0.06, grad=1.79, bad=0, lr=2.5e-5]
Training FullGET (R=2, stable):  23%|██▎       | 28/120 [02:15<07:57,  5.19s/it, loss=2.3, test_acc=0.06, grad=1.79, bad=0, lr=2.5e-5]
Training FullGET (R=2, stable):  23%|██▎       | 28/120 [02:20<07:57,  5.19s/it, loss=2.3, test_acc=0.07, grad=1.91, bad=0, lr=2.5e-5]
Training FullGET (R=2, stable):  24%|██▍       | 29/120 [02:20<07:52,  5.19s/it, loss=2.3, test_acc=0.07, grad=1.91, bad=0, lr=2.5e-5]
Training FullGET (R=2, stable):  24%|██▍       | 29/120 [02:26<07:52,  5.19s/it, loss=2.3, test_acc=0.06, grad=1.85, bad=0, lr=2.5e-5]
Training FullGET (R=2, stable):  25%|██▌       | 30/120 [02:26<07:46,  5.18s/it, loss=2.3, test_acc=0.06, grad=1.85, bad=0, lr=2.5e-5]
Training FullGET (R=2, stable):  25%|██▌       | 30/120 [02:31<07:46,  5.18s/it, loss=2.3, test_acc=0.06, grad=1.92, bad=0, lr=2.5e-5]
Training FullGET (R=2, stable):  26%|██▌       | 31/120 [02:31<07:41,  5.18s/it, loss=2.3, test_acc=0.06, grad=1.92, bad=0, lr=2.5e-5]
Training FullGET (R=2, stable):  26%|██▌       | 31/120 [02:38<07:41,  5.18s/it, loss=2.3, test_acc=0.06, grad=1.74, bad=0, lr=2.5e-5]
Training FullGET (R=2, stable):  27%|██▋       | 32/120 [02:38<08:18,  5.66s/it, loss=2.3, test_acc=0.06, grad=1.74, bad=0, lr=2.5e-5]
Training FullGET (R=2, stable):  27%|██▋       | 32/120 [02:47<08:18,  5.66s/it, loss=2.3, test_acc=0.06, grad=2.01, bad=0, lr=2.5e-5]
Training FullGET (R=2, stable):  28%|██▊       | 33/120 [02:47<09:45,  6.73s/it, loss=2.3, test_acc=0.06, grad=2.01, bad=0, lr=2.5e-5]
Training FullGET (R=2, stable):  28%|██▊       | 33/120 [02:53<09:45,  6.73s/it, loss=2.3, test_acc=0.06, grad=2.02, bad=0, lr=1.25e-5]
Training FullGET (R=2, stable):  28%|██▊       | 34/120 [02:53<09:25,  6.58s/it, loss=2.3, test_acc=0.06, grad=2.02, bad=0, lr=1.25e-5]
Training FullGET (R=2, stable):  28%|██▊       | 34/120 [02:59<09:25,  6.58s/it, loss=2.3, test_acc=0.06, grad=1.87, bad=0, lr=1.25e-5]
Training FullGET (R=2, stable):  29%|██▉       | 35/120 [02:59<09:05,  6.41s/it, loss=2.3, test_acc=0.06, grad=1.87, bad=0, lr=1.25e-5]
Training FullGET (R=2, stable):  29%|██▉       | 35/120 [03:12<09:05,  6.41s/it, loss=2.3, test_acc=0.07, grad=1.83, bad=0, lr=1.25e-5]
Training FullGET (R=2, stable):  30%|███       | 36/120 [03:12<11:38,  8.32s/it, loss=2.3, test_acc=0.07, grad=1.83, bad=0, lr=1.25e-5]
Training FullGET (R=2, stable):  30%|███       | 36/120 [03:22<11:38,  8.32s/it, loss=2.3, test_acc=0.06, grad=1.87, bad=0, lr=1.25e-5]
Training FullGET (R=2, stable):  31%|███       | 37/120 [03:22<12:23,  8.96s/it, loss=2.3, test_acc=0.06, grad=1.87, bad=0, lr=1.25e-5]
Training FullGET (R=2, stable):  31%|███       | 37/120 [03:29<12:23,  8.96s/it, loss=2.3, test_acc=0.06, grad=1.83, bad=0, lr=1.25e-5]
Training FullGET (R=2, stable):  32%|███▏      | 38/120 [03:29<11:31,  8.44s/it, loss=2.3, test_acc=0.06, grad=1.83, bad=0, lr=1.25e-5]
Training FullGET (R=2, stable):  32%|███▏      | 38/120 [03:37<11:31,  8.44s/it, loss=2.3, test_acc=0.06, grad=1.79, bad=0, lr=1.25e-5]
Training FullGET (R=2, stable):  32%|███▎      | 39/120 [03:37<11:03,  8.19s/it, loss=2.3, test_acc=0.06, grad=1.79, bad=0, lr=1.25e-5]
Training FullGET (R=2, stable):  32%|███▎      | 39/120 [03:46<11:03,  8.19s/it, loss=2.3, test_acc=0.06, grad=1.84, bad=0, lr=1.25e-5]
Training FullGET (R=2, stable):  33%|███▎      | 40/120 [03:46<11:21,  8.52s/it, loss=2.3, test_acc=0.06, grad=1.84, bad=0, lr=1.25e-5]
Training FullGET (R=2, stable):  33%|███▎      | 40/120 [03:55<11:21,  8.52s/it, loss=2.3, test_acc=0.06, grad=1.89, bad=0, lr=1.25e-5]
Training FullGET (R=2, stable):  34%|███▍      | 41/120 [03:55<11:08,  8.46s/it, loss=2.3, test_acc=0.06, grad=1.89, bad=0, lr=1.25e-5]
Training FullGET (R=2, stable):  34%|███▍      | 41/120 [04:03<11:08,  8.46s/it, loss=2.3, test_acc=0.06, grad=1.96, bad=0, lr=1.25e-5]
Training FullGET (R=2, stable):  35%|███▌      | 42/120 [04:03<10:49,  8.33s/it, loss=2.3, test_acc=0.06, grad=1.96, bad=0, lr=1.25e-5]
Training FullGET (R=2, stable):  35%|███▌      | 42/120 [04:11<10:49,  8.33s/it, loss=2.3, test_acc=0.06, grad=1.83, bad=0, lr=1.25e-5]
Training FullGET (R=2, stable):  36%|███▌      | 43/120 [04:11<10:33,  8.23s/it, loss=2.3, test_acc=0.06, grad=1.83, bad=0, lr=1.25e-5]
Training FullGET (R=2, stable):  36%|███▌      | 43/120 [04:19<10:33,  8.23s/it, loss=2.3, test_acc=0.06, grad=1.78, bad=0, lr=1.25e-5]
Training FullGET (R=2, stable):  37%|███▋      | 44/120 [04:19<10:16,  8.11s/it, loss=2.3, test_acc=0.06, grad=1.78, bad=0, lr=1.25e-5]
Training FullGET (R=2, stable):  37%|███▋      | 44/120 [04:27<10:16,  8.11s/it, loss=2.3, test_acc=0.06, grad=1.86, bad=0, lr=6.25e-6]
Training FullGET (R=2, stable):  38%|███▊      | 45/120 [04:27<10:05,  8.08s/it, loss=2.3, test_acc=0.06, grad=1.86, bad=0, lr=6.25e-6]
Training FullGET (R=2, stable):  38%|███▊      | 45/120 [04:33<10:05,  8.08s/it, loss=2.3, test_acc=0.06, grad=1.71, bad=0, lr=6.25e-6]
Training FullGET (R=2, stable):  38%|███▊      | 46/120 [04:33<09:26,  7.65s/it, loss=2.3, test_acc=0.06, grad=1.71, bad=0, lr=6.25e-6]
Training FullGET (R=2, stable):  38%|███▊      | 46/120 [04:40<09:26,  7.65s/it, loss=2.3, test_acc=0.06, grad=1.82, bad=0, lr=6.25e-6]
Training FullGET (R=2, stable):  39%|███▉      | 47/120 [04:40<08:49,  7.25s/it, loss=2.3, test_acc=0.06, grad=1.82, bad=0, lr=6.25e-6]
Training FullGET (R=2, stable):  39%|███▉      | 47/120 [04:46<08:49,  7.25s/it, loss=2.3, test_acc=0.06, grad=1.83, bad=0, lr=6.25e-6]
Training FullGET (R=2, stable):  40%|████      | 48/120 [04:46<08:33,  7.13s/it, loss=2.3, test_acc=0.06, grad=1.83, bad=0, lr=6.25e-6]
Training FullGET (R=2, stable):  40%|████      | 48/120 [04:53<08:33,  7.13s/it, loss=2.3, test_acc=0.06, grad=1.99, bad=0, lr=6.25e-6]
Training FullGET (R=2, stable):  41%|████      | 49/120 [04:53<08:15,  6.98s/it, loss=2.3, test_acc=0.06, grad=1.99, bad=0, lr=6.25e-6]
Training FullGET (R=2, stable):  41%|████      | 49/120 [05:00<08:15,  6.98s/it, loss=2.3, test_acc=0.06, grad=1.73, bad=0, lr=6.25e-6]
Training FullGET (R=2, stable):  42%|████▏     | 50/120 [05:00<08:05,  6.94s/it, loss=2.3, test_acc=0.06, grad=1.73, bad=0, lr=6.25e-6]
Training FullGET (R=2, stable):  42%|████▏     | 50/120 [05:07<08:05,  6.94s/it, loss=2.3, test_acc=0.06, grad=1.85, bad=0, lr=6.25e-6]
Training FullGET (R=2, stable):  42%|████▎     | 51/120 [05:07<07:57,  6.92s/it, loss=2.3, test_acc=0.06, grad=1.85, bad=0, lr=6.25e-6]
Training FullGET (R=2, stable):  42%|████▎     | 51/120 [05:13<07:57,  6.92s/it, loss=2.3, test_acc=0.06, grad=1.81, bad=0, lr=6.25e-6]
Training FullGET (R=2, stable):  43%|████▎     | 52/120 [05:13<07:29,  6.62s/it, loss=2.3, test_acc=0.06, grad=1.81, bad=0, lr=6.25e-6]
Training FullGET (R=2, stable):  43%|████▎     | 52/120 [05:19<07:29,  6.62s/it, loss=2.3, test_acc=0.06, grad=1.93, bad=0, lr=6.25e-6]
Training FullGET (R=2, stable):  44%|████▍     | 53/120 [05:19<07:15,  6.50s/it, loss=2.3, test_acc=0.06, grad=1.93, bad=0, lr=6.25e-6]
Training FullGET (R=2, stable):  44%|████▍     | 53/120 [05:25<07:15,  6.50s/it, loss=2.3, test_acc=0.06, grad=1.94, bad=0, lr=6.25e-6]
Training FullGET (R=2, stable):  45%|████▌     | 54/120 [05:25<07:08,  6.49s/it, loss=2.3, test_acc=0.06, grad=1.94, bad=0, lr=6.25e-6]
Training FullGET (R=2, stable):  45%|████▌     | 54/120 [05:31<07:08,  6.49s/it, loss=2.3, test_acc=0.06, grad=1.76, bad=0, lr=6.25e-6]
Training FullGET (R=2, stable):  46%|████▌     | 55/120 [05:31<06:52,  6.34s/it, loss=2.3, test_acc=0.06, grad=1.76, bad=0, lr=6.25e-6]
Training FullGET (R=2, stable):  46%|████▌     | 55/120 [05:38<06:52,  6.34s/it, loss=2.3, test_acc=0.06, grad=1.87, bad=0, lr=3.13e-6]
Training FullGET (R=2, stable):  47%|████▋     | 56/120 [05:38<06:52,  6.45s/it, loss=2.3, test_acc=0.06, grad=1.87, bad=0, lr=3.13e-6]
Training FullGET (R=2, stable):  47%|████▋     | 56/120 [05:44<06:52,  6.45s/it, loss=2.3, test_acc=0.06, grad=1.83, bad=0, lr=3.13e-6]
Training FullGET (R=2, stable):  48%|████▊     | 57/120 [05:44<06:46,  6.45s/it, loss=2.3, test_acc=0.06, grad=1.83, bad=0, lr=3.13e-6]
Training FullGET (R=2, stable):  48%|████▊     | 57/120 [05:51<06:46,  6.45s/it, loss=2.3, test_acc=0.06, grad=1.7, bad=0, lr=3.13e-6] 
Training FullGET (R=2, stable):  48%|████▊     | 58/120 [05:51<06:43,  6.52s/it, loss=2.3, test_acc=0.06, grad=1.7, bad=0, lr=3.13e-6]
Training FullGET (R=2, stable):  48%|████▊     | 58/120 [05:59<06:43,  6.52s/it, loss=2.3, test_acc=0.06, grad=1.82, bad=0, lr=3.13e-6]
Training FullGET (R=2, stable):  49%|████▉     | 59/120 [05:59<07:02,  6.93s/it, loss=2.3, test_acc=0.06, grad=1.82, bad=0, lr=3.13e-6]
Training FullGET (R=2, stable):  49%|████▉     | 59/120 [06:07<07:02,  6.93s/it, loss=2.3, test_acc=0.06, grad=1.95, bad=0, lr=3.13e-6]
Training FullGET (R=2, stable):  50%|█████     | 60/120 [06:07<07:12,  7.21s/it, loss=2.3, test_acc=0.06, grad=1.95, bad=0, lr=3.13e-6]
Training FullGET (R=2, stable):  50%|█████     | 60/120 [06:13<07:12,  7.21s/it, loss=2.3, test_acc=0.06, grad=1.8, bad=0, lr=3.13e-6] 
Training FullGET (R=2, stable):  51%|█████     | 61/120 [06:13<06:52,  7.00s/it, loss=2.3, test_acc=0.06, grad=1.8, bad=0, lr=3.13e-6]
Training FullGET (R=2, stable):  51%|█████     | 61/120 [06:20<06:52,  7.00s/it, loss=2.3, test_acc=0.06, grad=1.78, bad=0, lr=3.13e-6]
Training FullGET (R=2, stable):  52%|█████▏    | 62/120 [06:20<06:36,  6.84s/it, loss=2.3, test_acc=0.06, grad=1.78, bad=0, lr=3.13e-6]
Training FullGET (R=2, stable):  52%|█████▏    | 62/120 [06:26<06:36,  6.84s/it, loss=2.3, test_acc=0.06, grad=1.86, bad=0, lr=3.13e-6]
Training FullGET (R=2, stable):  52%|█████▎    | 63/120 [06:26<06:23,  6.73s/it, loss=2.3, test_acc=0.06, grad=1.86, bad=0, lr=3.13e-6]
Training FullGET (R=2, stable):  52%|█████▎    | 63/120 [06:33<06:23,  6.73s/it, loss=2.3, test_acc=0.06, grad=1.88, bad=0, lr=3.13e-6]
Training FullGET (R=2, stable):  53%|█████▎    | 64/120 [06:33<06:14,  6.70s/it, loss=2.3, test_acc=0.06, grad=1.88, bad=0, lr=3.13e-6]
Training FullGET (R=2, stable):  53%|█████▎    | 64/120 [06:39<06:14,  6.70s/it, loss=2.3, test_acc=0.06, grad=1.85, bad=0, lr=3.13e-6]
Training FullGET (R=2, stable):  54%|█████▍    | 65/120 [06:39<06:05,  6.65s/it, loss=2.3, test_acc=0.06, grad=1.85, bad=0, lr=3.13e-6]
Training FullGET (R=2, stable):  54%|█████▍    | 65/120 [06:46<06:05,  6.65s/it, loss=2.3, test_acc=0.06, grad=1.73, bad=0, lr=3.13e-6]
Training FullGET (R=2, stable):  55%|█████▌    | 66/120 [06:46<05:55,  6.58s/it, loss=2.3, test_acc=0.06, grad=1.73, bad=0, lr=3.13e-6]
Training FullGET (R=2, stable):  55%|█████▌    | 66/120 [06:52<05:55,  6.58s/it, loss=2.3, test_acc=0.06, grad=1.89, bad=0, lr=1.56e-6]
Training FullGET (R=2, stable):  56%|█████▌    | 67/120 [06:52<05:43,  6.47s/it, loss=2.3, test_acc=0.06, grad=1.89, bad=0, lr=1.56e-6]
Training FullGET (R=2, stable):  56%|█████▌    | 67/120 [06:58<05:43,  6.47s/it, loss=2.3, test_acc=0.06, grad=1.87, bad=0, lr=1.56e-6]
Training FullGET (R=2, stable):  57%|█████▋    | 68/120 [06:58<05:31,  6.38s/it, loss=2.3, test_acc=0.06, grad=1.87, bad=0, lr=1.56e-6]
Training FullGET (R=2, stable):  57%|█████▋    | 68/120 [07:05<05:31,  6.38s/it, loss=2.3, test_acc=0.06, grad=1.83, bad=0, lr=1.56e-6]
Training FullGET (R=2, stable):  57%|█████▊    | 69/120 [07:05<05:24,  6.36s/it, loss=2.3, test_acc=0.06, grad=1.83, bad=0, lr=1.56e-6]
Training FullGET (R=2, stable):  57%|█████▊    | 69/120 [07:12<05:24,  6.36s/it, loss=2.3, test_acc=0.06, grad=1.76, bad=0, lr=1.56e-6]
Training FullGET (R=2, stable):  58%|█████▊    | 70/120 [07:12<05:33,  6.66s/it, loss=2.3, test_acc=0.06, grad=1.76, bad=0, lr=1.56e-6]
Training FullGET (R=2, stable):  58%|█████▊    | 70/120 [07:19<05:33,  6.66s/it, loss=2.3, test_acc=0.06, grad=1.81, bad=0, lr=1.56e-6]
Training FullGET (R=2, stable):  59%|█████▉    | 71/120 [07:19<05:28,  6.70s/it, loss=2.3, test_acc=0.06, grad=1.81, bad=0, lr=1.56e-6]
Training FullGET (R=2, stable):  59%|█████▉    | 71/120 [07:25<05:28,  6.70s/it, loss=2.3, test_acc=0.06, grad=1.81, bad=0, lr=1.56e-6]
Training FullGET (R=2, stable):  60%|██████    | 72/120 [07:25<05:13,  6.52s/it, loss=2.3, test_acc=0.06, grad=1.81, bad=0, lr=1.56e-6]
Training FullGET (R=2, stable):  60%|██████    | 72/120 [07:31<05:13,  6.52s/it, loss=2.3, test_acc=0.06, grad=1.84, bad=0, lr=1.56e-6]
Training FullGET (R=2, stable):  61%|██████    | 73/120 [07:31<05:06,  6.51s/it, loss=2.3, test_acc=0.06, grad=1.84, bad=0, lr=1.56e-6]
Training FullGET (R=2, stable):  61%|██████    | 73/120 [07:38<05:06,  6.51s/it, loss=2.3, test_acc=0.06, grad=1.84, bad=0, lr=1.56e-6]
Training FullGET (R=2, stable):  62%|██████▏   | 74/120 [07:38<05:03,  6.60s/it, loss=2.3, test_acc=0.06, grad=1.84, bad=0, lr=1.56e-6]
Training FullGET (R=2, stable):  62%|██████▏   | 74/120 [07:45<05:03,  6.60s/it, loss=2.3, test_acc=0.06, grad=1.91, bad=0, lr=1.56e-6]
Training FullGET (R=2, stable):  62%|██████▎   | 75/120 [07:45<04:57,  6.62s/it, loss=2.3, test_acc=0.06, grad=1.91, bad=0, lr=1.56e-6]
Training FullGET (R=2, stable):  62%|██████▎   | 75/120 [07:51<04:57,  6.62s/it, loss=2.3, test_acc=0.06, grad=1.86, bad=0, lr=1.56e-6]
Training FullGET (R=2, stable):  63%|██████▎   | 76/120 [07:51<04:51,  6.63s/it, loss=2.3, test_acc=0.06, grad=1.86, bad=0, lr=1.56e-6]
Training FullGET (R=2, stable):  63%|██████▎   | 76/120 [07:58<04:51,  6.63s/it, loss=2.3, test_acc=0.06, grad=1.82, bad=0, lr=1.56e-6]
Training FullGET (R=2, stable):  64%|██████▍   | 77/120 [07:58<04:38,  6.48s/it, loss=2.3, test_acc=0.06, grad=1.82, bad=0, lr=1.56e-6]
Training FullGET (R=2, stable):  64%|██████▍   | 77/120 [08:04<04:38,  6.48s/it, loss=2.3, test_acc=0.06, grad=1.77, bad=0, lr=7.81e-7]
Training FullGET (R=2, stable):  65%|██████▌   | 78/120 [08:04<04:28,  6.40s/it, loss=2.3, test_acc=0.06, grad=1.77, bad=0, lr=7.81e-7]
Training FullGET (R=2, stable):  65%|██████▌   | 78/120 [08:11<04:28,  6.40s/it, loss=2.3, test_acc=0.06, grad=1.9, bad=0, lr=7.81e-7] 
Training FullGET (R=2, stable):  66%|██████▌   | 79/120 [08:11<04:26,  6.49s/it, loss=2.3, test_acc=0.06, grad=1.9, bad=0, lr=7.81e-7]
Training FullGET (R=2, stable):  66%|██████▌   | 79/120 [08:18<04:26,  6.49s/it, loss=2.3, test_acc=0.06, grad=1.81, bad=0, lr=7.81e-7]
Training FullGET (R=2, stable):  67%|██████▋   | 80/120 [08:18<04:25,  6.64s/it, loss=2.3, test_acc=0.06, grad=1.81, bad=0, lr=7.81e-7]
Training FullGET (R=2, stable):  67%|██████▋   | 80/120 [08:24<04:25,  6.64s/it, loss=2.3, test_acc=0.06, grad=1.76, bad=0, lr=7.81e-7]
Training FullGET (R=2, stable):  68%|██████▊   | 81/120 [08:24<04:20,  6.68s/it, loss=2.3, test_acc=0.06, grad=1.76, bad=0, lr=7.81e-7]
Training FullGET (R=2, stable):  68%|██████▊   | 81/120 [08:31<04:20,  6.68s/it, loss=2.3, test_acc=0.06, grad=1.8, bad=0, lr=7.81e-7] 
Training FullGET (R=2, stable):  68%|██████▊   | 82/120 [08:31<04:12,  6.64s/it, loss=2.3, test_acc=0.06, grad=1.8, bad=0, lr=7.81e-7]
Training FullGET (R=2, stable):  68%|██████▊   | 82/120 [08:36<04:12,  6.64s/it, loss=2.3, test_acc=0.06, grad=1.87, bad=0, lr=7.81e-7]
Training FullGET (R=2, stable):  69%|██████▉   | 83/120 [08:36<03:51,  6.26s/it, loss=2.3, test_acc=0.06, grad=1.87, bad=0, lr=7.81e-7]
Training FullGET (R=2, stable):  69%|██████▉   | 83/120 [08:41<03:51,  6.26s/it, loss=2.3, test_acc=0.06, grad=1.89, bad=0, lr=7.81e-7]
Training FullGET (R=2, stable):  70%|███████   | 84/120 [08:41<03:31,  5.87s/it, loss=2.3, test_acc=0.06, grad=1.89, bad=0, lr=7.81e-7]
Training FullGET (R=2, stable):  70%|███████   | 84/120 [08:47<03:31,  5.87s/it, loss=2.3, test_acc=0.06, grad=1.79, bad=0, lr=7.81e-7]
Training FullGET (R=2, stable):  71%|███████   | 85/120 [08:47<03:20,  5.73s/it, loss=2.3, test_acc=0.06, grad=1.79, bad=0, lr=7.81e-7]
Training FullGET (R=2, stable):  71%|███████   | 85/120 [08:52<03:20,  5.73s/it, loss=2.3, test_acc=0.06, grad=1.79, bad=0, lr=7.81e-7]
Training FullGET (R=2, stable):  72%|███████▏  | 86/120 [08:52<03:06,  5.49s/it, loss=2.3, test_acc=0.06, grad=1.79, bad=0, lr=7.81e-7]
Training FullGET (R=2, stable):  72%|███████▏  | 86/120 [08:58<03:06,  5.49s/it, loss=2.3, test_acc=0.06, grad=1.78, bad=0, lr=7.81e-7]
Training FullGET (R=2, stable):  72%|███████▎  | 87/120 [08:58<03:11,  5.81s/it, loss=2.3, test_acc=0.06, grad=1.78, bad=0, lr=7.81e-7]
Training FullGET (R=2, stable):  72%|███████▎  | 87/120 [09:05<03:11,  5.81s/it, loss=2.3, test_acc=0.06, grad=2, bad=0, lr=7.81e-7]   
Training FullGET (R=2, stable):  73%|███████▎  | 88/120 [09:05<03:14,  6.06s/it, loss=2.3, test_acc=0.06, grad=2, bad=0, lr=7.81e-7]
Training FullGET (R=2, stable):  73%|███████▎  | 88/120 [09:12<03:14,  6.06s/it, loss=2.3, test_acc=0.06, grad=1.91, bad=0, lr=3.91e-7]
Training FullGET (R=2, stable):  74%|███████▍  | 89/120 [09:12<03:15,  6.30s/it, loss=2.3, test_acc=0.06, grad=1.91, bad=0, lr=3.91e-7]
Training FullGET (R=2, stable):  74%|███████▍  | 89/120 [09:18<03:15,  6.30s/it, loss=2.3, test_acc=0.06, grad=1.75, bad=0, lr=3.91e-7]
Training FullGET (R=2, stable):  75%|███████▌  | 90/120 [09:18<03:11,  6.39s/it, loss=2.3, test_acc=0.06, grad=1.75, bad=0, lr=3.91e-7]
Training FullGET (R=2, stable):  75%|███████▌  | 90/120 [09:24<03:11,  6.39s/it, loss=2.3, test_acc=0.06, grad=1.72, bad=0, lr=3.91e-7]
Training FullGET (R=2, stable):  76%|███████▌  | 91/120 [09:24<03:00,  6.22s/it, loss=2.3, test_acc=0.06, grad=1.72, bad=0, lr=3.91e-7]
Training FullGET (R=2, stable):  76%|███████▌  | 91/120 [09:29<03:00,  6.22s/it, loss=2.3, test_acc=0.06, grad=1.85, bad=0, lr=3.91e-7]
Training FullGET (R=2, stable):  77%|███████▋  | 92/120 [09:29<02:47,  5.98s/it, loss=2.3, test_acc=0.06, grad=1.85, bad=0, lr=3.91e-7]
Training FullGET (R=2, stable):  77%|███████▋  | 92/120 [09:35<02:47,  5.98s/it, loss=2.3, test_acc=0.06, grad=1.91, bad=0, lr=3.91e-7]
Training FullGET (R=2, stable):  78%|███████▊  | 93/120 [09:35<02:41,  5.98s/it, loss=2.3, test_acc=0.06, grad=1.91, bad=0, lr=3.91e-7]
Training FullGET (R=2, stable):  78%|███████▊  | 93/120 [09:41<02:41,  5.98s/it, loss=2.3, test_acc=0.06, grad=1.85, bad=0, lr=3.91e-7]
Training FullGET (R=2, stable):  78%|███████▊  | 94/120 [09:41<02:34,  5.94s/it, loss=2.3, test_acc=0.06, grad=1.85, bad=0, lr=3.91e-7]
Training FullGET (R=2, stable):  78%|███████▊  | 94/120 [09:46<02:34,  5.94s/it, loss=2.3, test_acc=0.06, grad=1.89, bad=0, lr=3.91e-7]
Training FullGET (R=2, stable):  79%|███████▉  | 95/120 [09:46<02:22,  5.69s/it, loss=2.3, test_acc=0.06, grad=1.89, bad=0, lr=3.91e-7]
Training FullGET (R=2, stable):  79%|███████▉  | 95/120 [09:52<02:22,  5.69s/it, loss=2.3, test_acc=0.06, grad=1.81, bad=0, lr=3.91e-7]
Training FullGET (R=2, stable):  80%|████████  | 96/120 [09:52<02:13,  5.57s/it, loss=2.3, test_acc=0.06, grad=1.81, bad=0, lr=3.91e-7]
Training FullGET (R=2, stable):  80%|████████  | 96/120 [09:58<02:13,  5.57s/it, loss=2.3, test_acc=0.06, grad=1.78, bad=0, lr=3.91e-7]
Training FullGET (R=2, stable):  81%|████████  | 97/120 [09:58<02:15,  5.90s/it, loss=2.3, test_acc=0.06, grad=1.78, bad=0, lr=3.91e-7]
Training FullGET (R=2, stable):  81%|████████  | 97/120 [10:06<02:15,  5.90s/it, loss=2.3, test_acc=0.06, grad=1.76, bad=0, lr=3.91e-7]
Training FullGET (R=2, stable):  82%|████████▏ | 98/120 [10:06<02:20,  6.39s/it, loss=2.3, test_acc=0.06, grad=1.76, bad=0, lr=3.91e-7]
Training FullGET (R=2, stable):  82%|████████▏ | 98/120 [10:13<02:20,  6.39s/it, loss=2.3, test_acc=0.06, grad=1.89, bad=0, lr=3.91e-7]
Training FullGET (R=2, stable):  82%|████████▎ | 99/120 [10:13<02:17,  6.55s/it, loss=2.3, test_acc=0.06, grad=1.89, bad=0, lr=3.91e-7]
Training FullGET (R=2, stable):  82%|████████▎ | 99/120 [10:19<02:17,  6.55s/it, loss=2.3, test_acc=0.06, grad=1.87, bad=0, lr=1.95e-7]
Training FullGET (R=2, stable):  83%|████████▎ | 100/120 [10:19<02:07,  6.36s/it, loss=2.3, test_acc=0.06, grad=1.87, bad=0, lr=1.95e-7]
Training FullGET (R=2, stable):  83%|████████▎ | 100/120 [10:25<02:07,  6.36s/it, loss=2.3, test_acc=0.06, grad=1.93, bad=0, lr=1.95e-7]
Training FullGET (R=2, stable):  84%|████████▍ | 101/120 [10:25<01:58,  6.22s/it, loss=2.3, test_acc=0.06, grad=1.93, bad=0, lr=1.95e-7]
Training FullGET (R=2, stable):  84%|████████▍ | 101/120 [10:30<01:58,  6.22s/it, loss=2.3, test_acc=0.06, grad=1.78, bad=0, lr=1.95e-7]
Training FullGET (R=2, stable):  85%|████████▌ | 102/120 [10:30<01:50,  6.12s/it, loss=2.3, test_acc=0.06, grad=1.78, bad=0, lr=1.95e-7]
Training FullGET (R=2, stable):  85%|████████▌ | 102/120 [10:36<01:50,  6.12s/it, loss=2.3, test_acc=0.06, grad=1.74, bad=0, lr=1.95e-7]
Training FullGET (R=2, stable):  86%|████████▌ | 103/120 [10:36<01:42,  6.05s/it, loss=2.3, test_acc=0.06, grad=1.74, bad=0, lr=1.95e-7]
Training FullGET (R=2, stable):  86%|████████▌ | 103/120 [10:42<01:42,  6.05s/it, loss=2.3, test_acc=0.06, grad=1.79, bad=0, lr=1.95e-7]
Training FullGET (R=2, stable):  87%|████████▋ | 104/120 [10:42<01:36,  6.01s/it, loss=2.3, test_acc=0.06, grad=1.79, bad=0, lr=1.95e-7]
Training FullGET (R=2, stable):  87%|████████▋ | 104/120 [10:48<01:36,  6.01s/it, loss=2.3, test_acc=0.06, grad=1.85, bad=0, lr=1.95e-7]
Training FullGET (R=2, stable):  88%|████████▊ | 105/120 [10:48<01:29,  6.00s/it, loss=2.3, test_acc=0.06, grad=1.85, bad=0, lr=1.95e-7]
Training FullGET (R=2, stable):  88%|████████▊ | 105/120 [10:54<01:29,  6.00s/it, loss=2.3, test_acc=0.06, grad=1.85, bad=0, lr=1.95e-7]
Training FullGET (R=2, stable):  88%|████████▊ | 106/120 [10:54<01:23,  5.98s/it, loss=2.3, test_acc=0.06, grad=1.85, bad=0, lr=1.95e-7]
Training FullGET (R=2, stable):  88%|████████▊ | 106/120 [11:00<01:23,  5.98s/it, loss=2.3, test_acc=0.06, grad=1.75, bad=0, lr=1.95e-7]
Training FullGET (R=2, stable):  89%|████████▉ | 107/120 [11:00<01:17,  5.95s/it, loss=2.3, test_acc=0.06, grad=1.75, bad=0, lr=1.95e-7]
Training FullGET (R=2, stable):  89%|████████▉ | 107/120 [11:06<01:17,  5.95s/it, loss=2.3, test_acc=0.06, grad=1.83, bad=0, lr=1.95e-7]
Training FullGET (R=2, stable):  90%|█████████ | 108/120 [11:06<01:11,  5.94s/it, loss=2.3, test_acc=0.06, grad=1.83, bad=0, lr=1.95e-7]
Training FullGET (R=2, stable):  90%|█████████ | 108/120 [11:12<01:11,  5.94s/it, loss=2.3, test_acc=0.06, grad=1.78, bad=0, lr=1.95e-7]
Training FullGET (R=2, stable):  91%|█████████ | 109/120 [11:12<01:05,  5.93s/it, loss=2.3, test_acc=0.06, grad=1.78, bad=0, lr=1.95e-7]
Training FullGET (R=2, stable):  91%|█████████ | 109/120 [11:18<01:05,  5.93s/it, loss=2.3, test_acc=0.06, grad=1.77, bad=0, lr=1.95e-7]
Training FullGET (R=2, stable):  92%|█████████▏| 110/120 [11:18<00:59,  5.93s/it, loss=2.3, test_acc=0.06, grad=1.77, bad=0, lr=1.95e-7]
Training FullGET (R=2, stable):  92%|█████████▏| 110/120 [11:24<00:59,  5.93s/it, loss=2.3, test_acc=0.06, grad=1.87, bad=0, lr=9.77e-8]
Training FullGET (R=2, stable):  92%|█████████▎| 111/120 [11:24<00:53,  5.92s/it, loss=2.3, test_acc=0.06, grad=1.87, bad=0, lr=9.77e-8]
Training FullGET (R=2, stable):  92%|█████████▎| 111/120 [11:30<00:53,  5.92s/it, loss=2.3, test_acc=0.06, grad=1.81, bad=0, lr=9.77e-8]
Training FullGET (R=2, stable):  93%|█████████▎| 112/120 [11:30<00:47,  5.92s/it, loss=2.3, test_acc=0.06, grad=1.81, bad=0, lr=9.77e-8]
Training FullGET (R=2, stable):  93%|█████████▎| 112/120 [11:35<00:47,  5.92s/it, loss=2.3, test_acc=0.06, grad=1.85, bad=0, lr=9.77e-8]
Training FullGET (R=2, stable):  94%|█████████▍| 113/120 [11:35<00:41,  5.90s/it, loss=2.3, test_acc=0.06, grad=1.85, bad=0, lr=9.77e-8]
Training FullGET (R=2, stable):  94%|█████████▍| 113/120 [11:41<00:41,  5.90s/it, loss=2.3, test_acc=0.06, grad=1.93, bad=0, lr=9.77e-8]
Training FullGET (R=2, stable):  95%|█████████▌| 114/120 [11:41<00:35,  5.92s/it, loss=2.3, test_acc=0.06, grad=1.93, bad=0, lr=9.77e-8]
Training FullGET (R=2, stable):  95%|█████████▌| 114/120 [11:48<00:35,  5.92s/it, loss=2.3, test_acc=0.06, grad=1.82, bad=0, lr=9.77e-8]
Training FullGET (R=2, stable):  96%|█████████▌| 115/120 [11:48<00:29,  5.96s/it, loss=2.3, test_acc=0.06, grad=1.82, bad=0, lr=9.77e-8]
Training FullGET (R=2, stable):  96%|█████████▌| 115/120 [11:53<00:29,  5.96s/it, loss=2.3, test_acc=0.06, grad=1.86, bad=0, lr=9.77e-8]
Training FullGET (R=2, stable):  97%|█████████▋| 116/120 [11:53<00:23,  5.92s/it, loss=2.3, test_acc=0.06, grad=1.86, bad=0, lr=9.77e-8]
Training FullGET (R=2, stable):  97%|█████████▋| 116/120 [11:59<00:23,  5.92s/it, loss=2.3, test_acc=0.06, grad=1.76, bad=0, lr=9.77e-8]
Training FullGET (R=2, stable):  98%|█████████▊| 117/120 [11:59<00:17,  5.94s/it, loss=2.3, test_acc=0.06, grad=1.76, bad=0, lr=9.77e-8]
Training FullGET (R=2, stable):  98%|█████████▊| 117/120 [12:06<00:17,  5.94s/it, loss=2.3, test_acc=0.06, grad=1.85, bad=0, lr=9.77e-8]
Training FullGET (R=2, stable):  98%|█████████▊| 118/120 [12:06<00:12,  6.19s/it, loss=2.3, test_acc=0.06, grad=1.85, bad=0, lr=9.77e-8]
Training FullGET (R=2, stable):  98%|█████████▊| 118/120 [12:12<00:12,  6.19s/it, loss=2.3, test_acc=0.06, grad=1.82, bad=0, lr=9.77e-8]
Training FullGET (R=2, stable):  99%|█████████▉| 119/120 [12:12<00:06,  6.15s/it, loss=2.3, test_acc=0.06, grad=1.82, bad=0, lr=9.77e-8]
Training FullGET (R=2, stable):  99%|█████████▉| 119/120 [12:18<00:06,  6.15s/it, loss=2.3, test_acc=0.06, grad=1.9, bad=0, lr=9.77e-8] 
Training FullGET (R=2, stable): 100%|██████████| 120/120 [12:18<00:00,  6.08s/it, loss=2.3, test_acc=0.06, grad=1.9, bad=0, lr=9.77e-8]
Training FullGET (R=2, stable): 100%|██████████| 120/120 [12:18<00:00,  6.15s/it, loss=2.3, test_acc=0.06, grad=1.9, bad=0, lr=9.77e-8]
Using device: cuda
Generating CSL dataset (uniform features)

RESULTS: CSL EXPRESSIVITY
PairwiseGET Accuracy: 0.0700
GIN Baseline Accuracy: 0.1200
FullGET Accuracy:     0.0700
